#
# A fatal error has been detected by the Java Runtime Environment:
#
#  EXCEPTION_ACCESS_VIOLATION (0xc0000005) at pc=0x00007ff84f5ac856, pid=14132, tid=14248
#
# JRE version: OpenJDK Runtime Environment Corretto-17.0.6.10.1 (17.0.6+10) (build 17.0.6+10-LTS)
# Java VM: OpenJDK 64-Bit Server VM Corretto-17.0.6.10.1 (17.0.6+10-LTS, mixed mode, sharing, tiered, compressed oops, compressed class ptrs, g1 gc, windows-amd64)
# Problematic frame:
# V  [jvm.dll+0x11c856]
#
# No core dump will be written. Minidumps are not enabled by default on client versions of Windows
#
# If you would like to submit a bug report, please visit:
#   https://github.com/corretto/corretto-17/issues/
#

---------------  S U M M A R Y ------------

Command Line: --add-opens=java.base/java.util=ALL-UNNAMED --add-opens=java.base/java.lang=ALL-UNNAMED --add-opens=java.base/java.lang.invoke=ALL-UNNAMED --add-opens=java.prefs/java.util.prefs=ALL-UNNAMED --add-opens=java.base/java.nio.charset=ALL-UNNAMED --add-opens=java.base/java.net=ALL-UNNAMED --add-opens=java.base/java.util.concurrent.atomic=ALL-UNNAMED -Xmx2048m -Dfile.encoding=UTF-8 -Duser.country=US -Duser.language=en -Duser.variant org.gradle.launcher.daemon.bootstrap.GradleDaemon 8.0

Host: AMD Ryzen 7 1700X Eight-Core Processor         , 16 cores, 23G,  Windows 10 , 64 bit Build 19041 (10.0.19041.1566)
Time: Thu Apr 13 11:54:18 2023 RTZ 2 (s 10 , 64 bit Build 19041 (10.0.19041.1566) elapsed time: 4.501245 seconds (0d 0h 0m 4s)

---------------  T H R E A D  ---------------

Current thread (0x0000018ad0333c20):  JavaThread "C2 CompilerThread0" daemon [_thread_in_native, id=14248, stack(0x0000005e87f00000,0x0000005e88000000)]


Current CompileTask:
C2:   4501 5243       4       org.gradle.internal.reflect.ClassInspector::inspectClass (179 bytes)

Stack: [0x0000005e87f00000,0x0000005e88000000],  sp=0x0000005e87ffb4f0,  free space=1005k
Native frames: (J=compiled Java code, j=interpreted, Vv=VM code, C=native code)
V  [jvm.dll+0x11c856]
V  [jvm.dll+0x11ccd3]
V  [jvm.dll+0x11c716]
V  [jvm.dll+0x6507ad]
V  [jvm.dll+0x209f49]
V  [jvm.dll+0x209237]
V  [jvm.dll+0x19926d]
V  [jvm.dll+0x2185dd]
V  [jvm.dll+0x216824]
V  [jvm.dll+0x7b77bb]
V  [jvm.dll+0x7b1d6a]
V  [jvm.dll+0x64a265]
C  [ucrtbase.dll+0x21bb2]
C  [KERNEL32.DLL+0x17034]
C  [ntdll.dll+0x52651]


siginfo: EXCEPTION_ACCESS_VIOLATION (0xc0000005), reading address 0x0000000000000000


Register to memory mapping:

RIP=0x00007ff84f5ac856 jvm.dll
RAX=0x0 is NULL
RBX=0x0 is NULL
RCX=0x0000000000000001 is an unknown value
RDX=0x0 is NULL
RSP=0x0000005e87ffb4f0 is pointing into the stack for thread: 0x0000018ad0333c20
RBP=0x0 is NULL
RSI=0x0 is NULL
RDI=0x0000000000000028 is an unknown value
R8 =0x0 is NULL
R9 =0x00007ff84f490000 jvm.dll
R10=0x0000000000000002 is an unknown value
R11=0x0000000000000020 is an unknown value
R12=0x0000018ad28b2e60 points into unknown readable memory: 0x00007ff84fd3dcb8 | b8 dc d3 4f f8 7f 00 00
R13=0x0000000000000008 is an unknown value
R14=0x0000018ad10b9af0 points into unknown readable memory: 0x0000000000000000 | 00 00 00 00 00 00 00 00
R15=0x0000018ad28b2e60 points into unknown readable memory: 0x00007ff84fd3dcb8 | b8 dc d3 4f f8 7f 00 00


Registers:
RAX=0x0000000000000000, RBX=0x0000000000000000, RCX=0x0000000000000001, RDX=0x0000000000000000
RSP=0x0000005e87ffb4f0, RBP=0x0000000000000000, RSI=0x0000000000000000, RDI=0x0000000000000028
R8 =0x0000000000000000, R9 =0x00007ff84f490000, R10=0x0000000000000002, R11=0x0000000000000020
R12=0x0000018ad28b2e60, R13=0x0000000000000008, R14=0x0000018ad10b9af0, R15=0x0000018ad28b2e60
RIP=0x00007ff84f5ac856, EFLAGS=0x0000000000010256

Top of Stack: (sp=0x0000005e87ffb4f0)
0x0000005e87ffb4f0:   0000000000000277 0000000000000008
0x0000005e87ffb500:   0000000000007fd8 00007ff84f54d009
0x0000005e87ffb510:   0000018a00000001 0000000000000000
0x0000005e87ffb520:   0000000000000000 0000000000000000
0x0000005e87ffb530:   0000018ad5e89490 0000000000000150
0x0000005e87ffb540:   0000000000007fd8 0000000000000277
0x0000005e87ffb550:   0000005e87ffbb50 000000000000025c
0x0000005e87ffb560:   00000000ffffffff 0000018ad47e79b0
0x0000005e87ffb570:   0000000000000008 0000018ad336cbe0
0x0000005e87ffb580:   0000018ad28b2e60 00007ff84f5accd3
0x0000005e87ffb590:   0000018ad47e79b0 0000018a00000028
0x0000005e87ffb5a0:   0000000000000277 0000005e87ffbb50
0x0000005e87ffb5b0:   0000000000000000 00007ff84f5ad6b2
0x0000005e87ffb5c0:   0000018ad032ad10 0000018ad6e76600
0x0000005e87ffb5d0:   0000018ad7f6b530 0000005e87ffca00
0x0000005e87ffb5e0:   0000018ad5ce21a8 0000018ad47e79b0 

Instructions: (pc=0x00007ff84f5ac856)
0x00007ff84f5ac756:   8b 55 8f 41 b8 ef be ad de 85 d2 0f 85 59 fe ff
0x00007ff84f5ac766:   ff 48 8d 4d b7 e8 00 d0 0e 00 48 81 c4 d8 00 00
0x00007ff84f5ac776:   00 41 5f 41 5e 41 5d 41 5c 5f 5e 5b 5d c3 cc cc
0x00007ff84f5ac786:   cc cc cc cc cc cc cc cc cc cc 4c 89 4c 24 20 44
0x00007ff84f5ac796:   89 44 24 18 48 89 4c 24 08 53 55 56 57 41 54 41
0x00007ff84f5ac7a6:   55 41 56 41 57 48 83 ec 58 49 8b 41 58 4c 8b e2
0x00007ff84f5ac7b6:   41 8b 79 50 33 d2 41 8b d8 89 bc 24 a8 00 00 00
0x00007ff84f5ac7c6:   44 8b a8 68 0c 00 00 44 2b 2d 74 78 9e 00 8d 4a
0x00007ff84f5ac7d6:   10 e8 e4 33 58 00 33 f6 48 85 c0 74 12 45 8b c5
0x00007ff84f5ac7e6:   8b d7 48 8b c8 e8 80 bb 51 00 4c 8b f0 eb 03 4c
0x00007ff84f5ac7f6:   8b f6 41 8b 44 24 2c 4d 8b fc 83 e0 1f 49 8b cc
0x00007ff84f5ac806:   3c 1e 49 8b 04 24 4c 0f 45 fe ff 90 88 00 00 00
0x00007ff84f5ac816:   48 89 44 24 40 8b ee 85 db 0f 8e ec 03 00 00 48
0x00007ff84f5ac826:   8b 94 24 c0 00 00 00 4c 8d 0d cc 37 ee ff b9 01
0x00007ff84f5ac836:   00 00 00 48 89 74 24 30 48 8b de 89 4c 24 20 48
0x00007ff84f5ac846:   8b c6 48 89 5c 24 28 48 89 44 24 38 48 c1 f8 05
0x00007ff84f5ac856:   85 0c 82 0f 84 7e 03 00 00 48 8b 0d e2 77 9e 00
0x00007ff84f5ac866:   83 fd ff 74 0e 3b e9 7d 0e 4a 8b b4 0b 60 fe ac
0x00007ff84f5ac876:   00 eb 29 3b e9 7c 1e 8b c5 2b c1 41 3b c5 7d 0a
0x00007ff84f5ac886:   03 c7 48 63 f0 48 03 f1 eb 12 41 2b c5 48 63 f0
0x00007ff84f5ac896:   48 03 f1 eb 07 48 c7 c6 ff ff ff ff 48 8b 84 24
0x00007ff84f5ac8a6:   a0 00 00 00 48 8b 40 08 48 8b 3c 03 48 8b cf 48
0x00007ff84f5ac8b6:   8b 07 ff 50 28 4c 8d 0d 3e 37 ee ff 48 8b d0 4c
0x00007ff84f5ac8c6:   63 40 10 49 8b c8 48 c1 e1 05 42 80 bc 09 b0 b8
0x00007ff84f5ac8d6:   ae 00 00 0f 84 38 02 00 00 40 f6 c5 01 0f 85 e5
0x00007ff84f5ac8e6:   02 00 00 48 8b ce 81 e1 ff 3f 00 00 48 3b f1 74
0x00007ff84f5ac8f6:   3b 48 8b 84 24 b8 00 00 00 48 8d 15 02 81 7c 00
0x00007ff84f5ac906:   45 33 c0 48 8b 58 10 48 8b 8b 70 01 00 00 e8 e7
0x00007ff84f5ac916:   c6 09 00 48 8d 15 e8 80 7c 00 48 8b cb e8 d8 6a
0x00007ff84f5ac926:   0f 00 48 8b 5c 24 28 e9 95 02 00 00 83 78 24 00
0x00007ff84f5ac936:   75 53 4d 85 ff 74 3e 49 8b 47 78 48 8b 48 18 8b
0x00007ff84f5ac946:   51 18 b9 05 00 00 00 3b d1 76 2a 4d 8b 47 08 8b 


Stack slot to memory mapping:
stack at sp + 0 slots: 0x0000000000000277 is an unknown value
stack at sp + 1 slots: 0x0000000000000008 is an unknown value
stack at sp + 2 slots: 0x0000000000007fd8 is an unknown value
stack at sp + 3 slots: 0x00007ff84f54d009 jvm.dll
stack at sp + 4 slots: 0x0000018a00000001 is an unknown value
stack at sp + 5 slots: 0x0 is NULL
stack at sp + 6 slots: 0x0 is NULL
stack at sp + 7 slots: 0x0 is NULL


---------------  P R O C E S S  ---------------

Threads class SMR info:
_java_thread_list=0x0000018ad4519430, length=44, elements={
0x0000018ab126a250, 0x0000018ad0292b20, 0x0000018ad02938a0, 0x0000018ad032de10,
0x0000018ad03317f0, 0x0000018ad03320b0, 0x0000018ad0332970, 0x0000018ad0333c20,
0x0000018ad0339ae0, 0x0000018ad0344400, 0x0000018ad0462e70, 0x0000018ad0479c20,
0x0000018ad049ab40, 0x0000018ad05c1960, 0x0000018ad05bd150, 0x0000018ad1fc8960,
0x0000018ad1fc8e70, 0x0000018ad2fcca00, 0x0000018ad2cdc3d0, 0x0000018ad2dc8f60,
0x0000018ad376b020, 0x0000018ad2ae6af0, 0x0000018ad27ce0d0, 0x0000018ad32e6630,
0x0000018ad2ff32c0, 0x0000018ad1a89110, 0x0000018ad1a88770, 0x0000018ad1a89ab0,
0x0000018ad1a88c40, 0x0000018ad1a89f80, 0x0000018ad1a87430, 0x0000018ad1a87dd0,
0x0000018ad1a882a0, 0x0000018ad6e45080, 0x0000018ad6e47bd0, 0x0000018ad6e493e0,
0x0000018ad6e42ed0, 0x0000018ad6e46890, 0x0000018ad7fca030, 0x0000018ad79d6780,
0x0000018ad4787ed0, 0x0000018ad6e48f10, 0x0000018ad6e433a0, 0x0000018ad6e44bb0
}

Java Threads: ( => current thread )
  0x0000018ab126a250 JavaThread "main" [_thread_blocked, id=14196, stack(0x0000005e87200000,0x0000005e87300000)]
  0x0000018ad0292b20 JavaThread "Reference Handler" daemon [_thread_blocked, id=14224, stack(0x0000005e87900000,0x0000005e87a00000)]
  0x0000018ad02938a0 JavaThread "Finalizer" daemon [_thread_blocked, id=14228, stack(0x0000005e87a00000,0x0000005e87b00000)]
  0x0000018ad032de10 JavaThread "Signal Dispatcher" daemon [_thread_blocked, id=14232, stack(0x0000005e87b00000,0x0000005e87c00000)]
  0x0000018ad03317f0 JavaThread "Attach Listener" daemon [_thread_blocked, id=14236, stack(0x0000005e87c00000,0x0000005e87d00000)]
  0x0000018ad03320b0 JavaThread "Service Thread" daemon [_thread_blocked, id=14240, stack(0x0000005e87d00000,0x0000005e87e00000)]
  0x0000018ad0332970 JavaThread "Monitor Deflation Thread" daemon [_thread_blocked, id=14244, stack(0x0000005e87e00000,0x0000005e87f00000)]
=>0x0000018ad0333c20 JavaThread "C2 CompilerThread0" daemon [_thread_in_native, id=14248, stack(0x0000005e87f00000,0x0000005e88000000)]
  0x0000018ad0339ae0 JavaThread "C1 CompilerThread0" daemon [_thread_blocked, id=14252, stack(0x0000005e88000000,0x0000005e88100000)]
  0x0000018ad0344400 JavaThread "Sweeper thread" daemon [_thread_blocked, id=14256, stack(0x0000005e88100000,0x0000005e88200000)]
  0x0000018ad0462e70 JavaThread "C1 CompilerThread1" daemon [_thread_blocked, id=14300, stack(0x0000005e88200000,0x0000005e88300000)]
  0x0000018ad0479c20 JavaThread "Common-Cleaner" daemon [_thread_blocked, id=14320, stack(0x0000005e88300000,0x0000005e88400000)]
  0x0000018ad049ab40 JavaThread "Notification Thread" daemon [_thread_blocked, id=14324, stack(0x0000005e88400000,0x0000005e88500000)]
  0x0000018ad05c1960 JavaThread "C2 CompilerThread1" daemon [_thread_in_native, id=13336, stack(0x0000005e88600000,0x0000005e88700000)]
  0x0000018ad05bd150 JavaThread "C2 CompilerThread2" daemon [_thread_blocked, id=13340, stack(0x0000005e88700000,0x0000005e88800000)]
  0x0000018ad1fc8960 JavaThread "C1 CompilerThread2" daemon [_thread_blocked, id=6952, stack(0x0000005e88a00000,0x0000005e88b00000)]
  0x0000018ad1fc8e70 JavaThread "C1 CompilerThread3" daemon [_thread_blocked, id=4872, stack(0x0000005e88b00000,0x0000005e88c00000)]
  0x0000018ad2fcca00 JavaThread "Daemon health stats" [_thread_blocked, id=13372, stack(0x0000005e88900000,0x0000005e88a00000)]
  0x0000018ad2cdc3d0 JavaThread "Incoming local TCP Connector on port 51109" [_thread_in_native, id=13380, stack(0x0000005e89400000,0x0000005e89500000)]
  0x0000018ad2dc8f60 JavaThread "Daemon periodic checks" [_thread_blocked, id=11392, stack(0x0000005e89500000,0x0000005e89600000)]
  0x0000018ad376b020 JavaThread "Daemon" [_thread_blocked, id=13424, stack(0x0000005e89600000,0x0000005e89700000)]
  0x0000018ad2ae6af0 JavaThread "Handler for socket connection from /127.0.0.1:51109 to /127.0.0.1:51110" [_thread_in_native, id=13428, stack(0x0000005e89700000,0x0000005e89800000)]
  0x0000018ad27ce0d0 JavaThread "Cancel handler" [_thread_blocked, id=3336, stack(0x0000005e89800000,0x0000005e89900000)]
  0x0000018ad32e6630 JavaThread "Daemon worker" [_thread_in_Java, id=7640, stack(0x0000005e89900000,0x0000005e89a00000)]
  0x0000018ad2ff32c0 JavaThread "Asynchronous log dispatcher for DefaultDaemonConnection: socket connection from /127.0.0.1:51109 to /127.0.0.1:51110" [_thread_blocked, id=1952, stack(0x0000005e89a00000,0x0000005e89b00000)]
  0x0000018ad1a89110 JavaThread "Stdin handler" [_thread_blocked, id=2464, stack(0x0000005e89b00000,0x0000005e89c00000)]
  0x0000018ad1a88770 JavaThread "Daemon client event forwarder" [_thread_blocked, id=1716, stack(0x0000005e89c00000,0x0000005e89d00000)]
  0x0000018ad1a89ab0 JavaThread "Cache worker for journal cache (C:\Users\Ivan\.gradle\caches\journal-1)" [_thread_blocked, id=9732, stack(0x0000005e89d00000,0x0000005e89e00000)]
  0x0000018ad1a88c40 JavaThread "File lock request listener" [_thread_in_native, id=11032, stack(0x0000005e89e00000,0x0000005e89f00000)]
  0x0000018ad1a89f80 JavaThread "Cache worker for file hash cache (C:\Users\Ivan\.gradle\caches\8.0\fileHashes)" [_thread_blocked, id=996, stack(0x0000005e89f00000,0x0000005e8a000000)]
  0x0000018ad1a87430 JavaThread "Cache worker for file hash cache (D:\Dropbox\Android\GeneratorAndroid\samples\generator2\.gradle\8.0\fileHashes)" [_thread_blocked, id=7052, stack(0x0000005e8a000000,0x0000005e8a100000)]
  0x0000018ad1a87dd0 JavaThread "Cache worker for file content cache (C:\Users\Ivan\.gradle\caches\8.0\fileContent)" [_thread_blocked, id=11052, stack(0x0000005e8a100000,0x0000005e8a200000)]
  0x0000018ad1a882a0 JavaThread "Cache worker for checksums cache (D:\Dropbox\Android\GeneratorAndroid\samples\generator2\.gradle\8.0\checksums)" [_thread_blocked, id=2720, stack(0x0000005e8a800000,0x0000005e8a900000)]
  0x0000018ad6e45080 JavaThread "File watcher server" daemon [_thread_in_native, id=12868, stack(0x0000005e88800000,0x0000005e88900000)]
  0x0000018ad6e47bd0 JavaThread "File watcher consumer" daemon [_thread_blocked, id=12580, stack(0x0000005e8a900000,0x0000005e8aa00000)]
  0x0000018ad6e493e0 JavaThread "Cache worker for cache directory md-rule (C:\Users\Ivan\.gradle\caches\8.0\md-rule)" [_thread_blocked, id=12748, stack(0x0000005e8aa00000,0x0000005e8ab00000)]
  0x0000018ad6e42ed0 JavaThread "Cache worker for cache directory md-supplier (C:\Users\Ivan\.gradle\caches\8.0\md-supplier)" [_thread_blocked, id=12516, stack(0x0000005e8ab00000,0x0000005e8ac00000)]
  0x0000018ad6e46890 JavaThread "Cache worker for execution history cache (C:\Users\Ivan\.gradle\caches\8.0\executionHistory)" [_thread_blocked, id=12384, stack(0x0000005e8ac00000,0x0000005e8ad00000)]
  0x0000018ad7fca030 JavaThread "C2 CompilerThread3" daemon [_thread_blocked, id=12720, stack(0x0000005e8ad00000,0x0000005e8ae00000)]
  0x0000018ad79d6780 JavaThread "C2 CompilerThread4" daemon [_thread_blocked, id=12628, stack(0x0000005e8ae00000,0x0000005e8af00000)]
  0x0000018ad4787ed0 JavaThread "C2 CompilerThread5" daemon [_thread_in_native, id=12796, stack(0x0000005e8af00000,0x0000005e8b000000)]
  0x0000018ad6e48f10 JavaThread "build event listener" [_thread_blocked, id=12456, stack(0x0000005e8b000000,0x0000005e8b100000)]
  0x0000018ad6e433a0 JavaThread "Cache worker for Build Output Cleanup Cache (D:\Dropbox\Android\GeneratorAndroid\samples\generator2\.gradle\buildOutputCleanup)" [_thread_blocked, id=12660, stack(0x0000005e8b100000,0x0000005e8b200000)]
  0x0000018ad6e44bb0 JavaThread "Memory manager" [_thread_blocked, id=12380, stack(0x0000005e8b200000,0x0000005e8b300000)]

Other Threads:
  0x0000018ad028c010 VMThread "VM Thread" [stack: 0x0000005e87800000,0x0000005e87900000] [id=14220]
  0x0000018ab12e9490 WatcherThread [stack: 0x0000005e88500000,0x0000005e88600000] [id=14328]
  0x0000018ab12c81e0 GCTaskThread "GC Thread#0" [stack: 0x0000005e87300000,0x0000005e87400000] [id=14200]
  0x0000018ad1c41be0 GCTaskThread "GC Thread#1" [stack: 0x0000005e88c00000,0x0000005e88d00000] [id=9824]
  0x0000018ad1788190 GCTaskThread "GC Thread#2" [stack: 0x0000005e88d00000,0x0000005e88e00000] [id=13348]
  0x0000018ad1cd86a0 GCTaskThread "GC Thread#3" [stack: 0x0000005e88e00000,0x0000005e88f00000] [id=13360]
  0x0000018ad1340030 GCTaskThread "GC Thread#4" [stack: 0x0000005e88f00000,0x0000005e89000000] [id=13364]
  0x0000018ad22bb6b0 GCTaskThread "GC Thread#5" [stack: 0x0000005e89000000,0x0000005e89100000] [id=13368]
  0x0000018ad16e39f0 GCTaskThread "GC Thread#6" [stack: 0x0000005e89100000,0x0000005e89200000] [id=13376]
  0x0000018ad16e4200 GCTaskThread "GC Thread#7" [stack: 0x0000005e89200000,0x0000005e89300000] [id=8748]
  0x0000018ad16e44b0 GCTaskThread "GC Thread#8" [stack: 0x0000005e89300000,0x0000005e89400000] [id=3332]
  0x0000018ad35e95c0 GCTaskThread "GC Thread#9" [stack: 0x0000005e8a200000,0x0000005e8a300000] [id=7752]
  0x0000018ad35e9dd0 GCTaskThread "GC Thread#10" [stack: 0x0000005e8a300000,0x0000005e8a400000] [id=7096]
  0x0000018ad35ec8d0 GCTaskThread "GC Thread#11" [stack: 0x0000005e8a400000,0x0000005e8a500000] [id=7764]
  0x0000018ad35ea080 GCTaskThread "GC Thread#12" [stack: 0x0000005e8a500000,0x0000005e8a600000] [id=2724]
  0x0000018ab12db040 ConcurrentGCThread "G1 Main Marker" [stack: 0x0000005e87400000,0x0000005e87500000] [id=14204]
  0x0000018ab12dc970 ConcurrentGCThread "G1 Conc#0" [stack: 0x0000005e87500000,0x0000005e87600000] [id=14208]
  0x0000018ad35ea890 ConcurrentGCThread "G1 Conc#1" [stack: 0x0000005e8a600000,0x0000005e8a700000] [id=8416]
  0x0000018ad35eadf0 ConcurrentGCThread "G1 Conc#2" [stack: 0x0000005e8a700000,0x0000005e8a800000] [id=3652]
  0x0000018ab133e270 ConcurrentGCThread "G1 Refine#0" [stack: 0x0000005e87600000,0x0000005e87700000] [id=14212]
  0x0000018ab133eba0 ConcurrentGCThread "G1 Service" [stack: 0x0000005e87700000,0x0000005e87800000] [id=14216]

Threads with active compile tasks:
C2 CompilerThread0     4526 5243       4       org.gradle.internal.reflect.ClassInspector::inspectClass (179 bytes)
C2 CompilerThread1     4526 5391       4       org.objectweb.asm.MethodWriter::computeAllFrames (510 bytes)
C2 CompilerThread5     4526 5415   !   4       java.util.concurrent.ConcurrentHashMap::computeIfAbsent (576 bytes)

VM state: not at safepoint (normal execution)

VM Mutex/Monitor currently owned by a thread: None

Heap address: 0x0000000080000000, size: 2048 MB, Compressed Oops mode: 32-bit

CDS archive(s) mapped at: [0x0000000800000000-0x0000000800bc0000-0x0000000800bc0000), size 12320768, SharedBaseAddress: 0x0000000800000000, ArchiveRelocationMode: 0.
Compressed class space mapped at: 0x0000000800c00000-0x0000000840c00000, reserved size: 1073741824
Narrow klass base: 0x0000000800000000, Narrow klass shift: 0, Narrow klass range: 0x100000000

GC Precious Log:
 CPUs: 16 total, 16 available
 Memory: 24499M
 Large Page Support: Disabled
 NUMA Support: Disabled
 Compressed Oops: Enabled (32-bit)
 Heap Region Size: 1M
 Heap Min Capacity: 8M
 Heap Initial Capacity: 384M
 Heap Max Capacity: 2G
 Pre-touch: Disabled
 Parallel Workers: 13
 Concurrent Workers: 3
 Concurrent Refinement Workers: 13
 Periodic GC: Disabled

Heap:
 garbage-first heap   total 236544K, used 90853K [0x0000000080000000, 0x0000000100000000)
  region size 1024K, 43 young (44032K), 2 survivors (2048K)
 Metaspace       used 42992K, committed 43584K, reserved 1089536K
  class space    used 5922K, committed 6208K, reserved 1048576K

Heap Regions: E=young(eden), S=young(survivor), O=old, HS=humongous(starts), HC=humongous(continues), CS=collection set, F=free, OA=open archive, CA=closed archive, TAMS=top-at-mark-start (previous, next)
|   0|0x0000000080000000, 0x0000000080100000, 0x0000000080100000|100%|HS|  |TAMS 0x0000000080100000, 0x0000000080100000| Complete 
|   1|0x0000000080100000, 0x0000000080200000, 0x0000000080200000|100%|HC|  |TAMS 0x0000000080200000, 0x0000000080200000| Complete 
|   2|0x0000000080200000, 0x0000000080300000, 0x0000000080300000|100%|HC|  |TAMS 0x0000000080300000, 0x0000000080300000| Complete 
|   3|0x0000000080300000, 0x0000000080400000, 0x0000000080400000|100%|HC|  |TAMS 0x0000000080400000, 0x0000000080400000| Complete 
|   4|0x0000000080400000, 0x0000000080500000, 0x0000000080500000|100%| O|  |TAMS 0x0000000080500000, 0x0000000080500000| Untracked 
|   5|0x0000000080500000, 0x0000000080600000, 0x0000000080600000|100%| O|  |TAMS 0x0000000080600000, 0x0000000080600000| Untracked 
|   6|0x0000000080600000, 0x0000000080700000, 0x0000000080700000|100%| O|  |TAMS 0x0000000080700000, 0x0000000080700000| Untracked 
|   7|0x0000000080700000, 0x0000000080800000, 0x0000000080800000|100%| O|  |TAMS 0x0000000080800000, 0x0000000080800000| Untracked 
|   8|0x0000000080800000, 0x0000000080900000, 0x0000000080900000|100%| O|  |TAMS 0x0000000080900000, 0x0000000080900000| Untracked 
|   9|0x0000000080900000, 0x0000000080a00000, 0x0000000080a00000|100%| O|  |TAMS 0x0000000080a00000, 0x0000000080a00000| Untracked 
|  10|0x0000000080a00000, 0x0000000080af7a00, 0x0000000080b00000| 96%| O|  |TAMS 0x0000000080af7a00, 0x0000000080af7a00| Untracked 
|  11|0x0000000080b00000, 0x0000000080c00000, 0x0000000080c00000|100%|HS|  |TAMS 0x0000000080b00000, 0x0000000080b00000| Complete 
|  12|0x0000000080c00000, 0x0000000080d00000, 0x0000000080d00000|100%| O|  |TAMS 0x0000000080d00000, 0x0000000080d00000| Untracked 
|  13|0x0000000080d00000, 0x0000000080e00000, 0x0000000080e00000|100%| O|  |TAMS 0x0000000080e00000, 0x0000000080e00000| Untracked 
|  14|0x0000000080e00000, 0x0000000080f00000, 0x0000000080f00000|100%|HS|  |TAMS 0x0000000080f00000, 0x0000000080f00000| Complete 
|  15|0x0000000080f00000, 0x0000000081000000, 0x0000000081000000|100%|HC|  |TAMS 0x0000000081000000, 0x0000000081000000| Complete 
|  16|0x0000000081000000, 0x0000000081100000, 0x0000000081100000|100%|HS|  |TAMS 0x0000000081100000, 0x0000000081100000| Complete 
|  17|0x0000000081100000, 0x0000000081200000, 0x0000000081200000|100%| O|  |TAMS 0x0000000081100000, 0x0000000081200000| Untracked 
|  18|0x0000000081200000, 0x0000000081300000, 0x0000000081300000|100%| O|  |TAMS 0x0000000081200000, 0x0000000081300000| Untracked 
|  19|0x0000000081300000, 0x0000000081400000, 0x0000000081400000|100%| O|  |TAMS 0x0000000081300000, 0x0000000081400000| Untracked 
|  20|0x0000000081400000, 0x0000000081500000, 0x0000000081500000|100%| O|  |TAMS 0x0000000081400000, 0x0000000081500000| Untracked 
|  21|0x0000000081500000, 0x0000000081600000, 0x0000000081600000|100%| O|  |TAMS 0x0000000081500000, 0x0000000081600000| Untracked 
|  22|0x0000000081600000, 0x0000000081700000, 0x0000000081700000|100%|HS|  |TAMS 0x0000000081600000, 0x0000000081700000| Complete 
|  23|0x0000000081700000, 0x0000000081800000, 0x0000000081800000|100%| O|  |TAMS 0x0000000081800000, 0x0000000081800000| Untracked 
|  24|0x0000000081800000, 0x0000000081900000, 0x0000000081900000|100%| O|  |TAMS 0x0000000081900000, 0x0000000081900000| Untracked 
|  25|0x0000000081900000, 0x0000000081a00000, 0x0000000081a00000|100%| O|  |TAMS 0x0000000081a00000, 0x0000000081a00000| Untracked 
|  26|0x0000000081a00000, 0x0000000081b00000, 0x0000000081b00000|100%| O|  |TAMS 0x0000000081b00000, 0x0000000081b00000| Untracked 
|  27|0x0000000081b00000, 0x0000000081c00000, 0x0000000081c00000|100%| O|  |TAMS 0x0000000081c00000, 0x0000000081c00000| Untracked 
|  28|0x0000000081c00000, 0x0000000081d00000, 0x0000000081d00000|100%| O|  |TAMS 0x0000000081d00000, 0x0000000081d00000| Untracked 
|  29|0x0000000081d00000, 0x0000000081e00000, 0x0000000081e00000|100%| O|  |TAMS 0x0000000081e00000, 0x0000000081e00000| Untracked 
|  30|0x0000000081e00000, 0x0000000081f00000, 0x0000000081f00000|100%| O|  |TAMS 0x0000000081e25e00, 0x0000000081f00000| Untracked 
|  31|0x0000000081f00000, 0x0000000082000000, 0x0000000082000000|100%|HS|  |TAMS 0x0000000081f00000, 0x0000000082000000| Complete 
|  32|0x0000000082000000, 0x0000000082100000, 0x0000000082100000|100%|HC|  |TAMS 0x0000000082000000, 0x0000000082100000| Complete 
|  33|0x0000000082100000, 0x0000000082200000, 0x0000000082200000|100%|HC|  |TAMS 0x0000000082100000, 0x0000000082200000| Complete 
|  34|0x0000000082200000, 0x0000000082300000, 0x0000000082300000|100%|HC|  |TAMS 0x0000000082200000, 0x0000000082300000| Complete 
|  35|0x0000000082300000, 0x0000000082400000, 0x0000000082400000|100%| O|  |TAMS 0x0000000082300000, 0x0000000082400000| Untracked 
|  36|0x0000000082400000, 0x0000000082500000, 0x0000000082500000|100%| O|  |TAMS 0x0000000082400000, 0x0000000082500000| Untracked 
|  37|0x0000000082500000, 0x0000000082600000, 0x0000000082600000|100%| O|  |TAMS 0x0000000082500000, 0x0000000082600000| Untracked 
|  38|0x0000000082600000, 0x0000000082700000, 0x0000000082700000|100%| O|  |TAMS 0x0000000082600000, 0x0000000082700000| Untracked 
|  39|0x0000000082700000, 0x0000000082800000, 0x0000000082800000|100%| O|  |TAMS 0x0000000082700000, 0x0000000082800000| Untracked 
|  40|0x0000000082800000, 0x0000000082900000, 0x0000000082900000|100%| O|  |TAMS 0x0000000082800000, 0x0000000082900000| Untracked 
|  41|0x0000000082900000, 0x0000000082a00000, 0x0000000082a00000|100%| O|  |TAMS 0x0000000082900000, 0x0000000082a00000| Untracked 
|  42|0x0000000082a00000, 0x0000000082b00000, 0x0000000082b00000|100%| O|  |TAMS 0x0000000082a00000, 0x0000000082b00000| Untracked 
|  43|0x0000000082b00000, 0x0000000082c00000, 0x0000000082c00000|100%| O|  |TAMS 0x0000000082b00000, 0x0000000082c00000| Untracked 
|  44|0x0000000082c00000, 0x0000000082d00000, 0x0000000082d00000|100%| O|  |TAMS 0x0000000082c00000, 0x0000000082d00000| Untracked 
|  45|0x0000000082d00000, 0x0000000082e00000, 0x0000000082e00000|100%| O|  |TAMS 0x0000000082d00000, 0x0000000082e00000| Untracked 
|  46|0x0000000082e00000, 0x0000000082ec1c00, 0x0000000082f00000| 75%| O|  |TAMS 0x0000000082e00000, 0x0000000082e4ec00| Untracked 
|  47|0x0000000082f00000, 0x0000000082f00000, 0x0000000083000000|  0%| F|  |TAMS 0x0000000082f00000, 0x0000000082f00000| Untracked 
|  48|0x0000000083000000, 0x0000000083000000, 0x0000000083100000|  0%| F|  |TAMS 0x0000000083000000, 0x0000000083000000| Untracked 
|  49|0x0000000083100000, 0x0000000083100000, 0x0000000083200000|  0%| F|  |TAMS 0x0000000083100000, 0x0000000083100000| Untracked 
|  50|0x0000000083200000, 0x0000000083200000, 0x0000000083300000|  0%| F|  |TAMS 0x0000000083200000, 0x0000000083200000| Untracked 
|  51|0x0000000083300000, 0x0000000083300000, 0x0000000083400000|  0%| F|  |TAMS 0x0000000083300000, 0x0000000083300000| Untracked 
|  52|0x0000000083400000, 0x0000000083400000, 0x0000000083500000|  0%| F|  |TAMS 0x0000000083400000, 0x0000000083400000| Untracked 
|  53|0x0000000083500000, 0x0000000083500000, 0x0000000083600000|  0%| F|  |TAMS 0x0000000083500000, 0x0000000083500000| Untracked 
|  54|0x0000000083600000, 0x0000000083600000, 0x0000000083700000|  0%| F|  |TAMS 0x0000000083600000, 0x0000000083600000| Untracked 
|  55|0x0000000083700000, 0x0000000083700000, 0x0000000083800000|  0%| F|  |TAMS 0x0000000083700000, 0x0000000083700000| Untracked 
|  56|0x0000000083800000, 0x0000000083800000, 0x0000000083900000|  0%| F|  |TAMS 0x0000000083800000, 0x0000000083800000| Untracked 
|  57|0x0000000083900000, 0x0000000083900000, 0x0000000083a00000|  0%| F|  |TAMS 0x0000000083900000, 0x0000000083900000| Untracked 
|  58|0x0000000083a00000, 0x0000000083a00000, 0x0000000083b00000|  0%| F|  |TAMS 0x0000000083a00000, 0x0000000083a00000| Untracked 
|  59|0x0000000083b00000, 0x0000000083b00000, 0x0000000083c00000|  0%| F|  |TAMS 0x0000000083b00000, 0x0000000083b00000| Untracked 
|  60|0x0000000083c00000, 0x0000000083c00000, 0x0000000083d00000|  0%| F|  |TAMS 0x0000000083c00000, 0x0000000083c00000| Untracked 
|  61|0x0000000083d00000, 0x0000000083d00000, 0x0000000083e00000|  0%| F|  |TAMS 0x0000000083d00000, 0x0000000083d00000| Untracked 
|  62|0x0000000083e00000, 0x0000000083e00000, 0x0000000083f00000|  0%| F|  |TAMS 0x0000000083e00000, 0x0000000083e00000| Untracked 
|  63|0x0000000083f00000, 0x0000000083f00000, 0x0000000084000000|  0%| F|  |TAMS 0x0000000083f00000, 0x0000000083f00000| Untracked 
|  64|0x0000000084000000, 0x0000000084000000, 0x0000000084100000|  0%| F|  |TAMS 0x0000000084000000, 0x0000000084000000| Untracked 
|  65|0x0000000084100000, 0x0000000084100000, 0x0000000084200000|  0%| F|  |TAMS 0x0000000084100000, 0x0000000084100000| Untracked 
|  66|0x0000000084200000, 0x0000000084200000, 0x0000000084300000|  0%| F|  |TAMS 0x0000000084200000, 0x0000000084200000| Untracked 
|  67|0x0000000084300000, 0x0000000084300000, 0x0000000084400000|  0%| F|  |TAMS 0x0000000084300000, 0x0000000084300000| Untracked 
|  68|0x0000000084400000, 0x0000000084400000, 0x0000000084500000|  0%| F|  |TAMS 0x0000000084400000, 0x0000000084400000| Untracked 
|  69|0x0000000084500000, 0x0000000084500000, 0x0000000084600000|  0%| F|  |TAMS 0x0000000084500000, 0x0000000084500000| Untracked 
|  70|0x0000000084600000, 0x0000000084600000, 0x0000000084700000|  0%| F|  |TAMS 0x0000000084600000, 0x0000000084600000| Untracked 
|  71|0x0000000084700000, 0x0000000084700000, 0x0000000084800000|  0%| F|  |TAMS 0x0000000084700000, 0x0000000084700000| Untracked 
|  72|0x0000000084800000, 0x0000000084800000, 0x0000000084900000|  0%| F|  |TAMS 0x0000000084800000, 0x0000000084800000| Untracked 
|  73|0x0000000084900000, 0x0000000084900000, 0x0000000084a00000|  0%| F|  |TAMS 0x0000000084900000, 0x0000000084900000| Untracked 
|  74|0x0000000084a00000, 0x0000000084a00000, 0x0000000084b00000|  0%| F|  |TAMS 0x0000000084a00000, 0x0000000084a00000| Untracked 
|  75|0x0000000084b00000, 0x0000000084b00000, 0x0000000084c00000|  0%| F|  |TAMS 0x0000000084b00000, 0x0000000084b00000| Untracked 
|  76|0x0000000084c00000, 0x0000000084c00000, 0x0000000084d00000|  0%| F|  |TAMS 0x0000000084c00000, 0x0000000084c00000| Untracked 
|  77|0x0000000084d00000, 0x0000000084d00000, 0x0000000084e00000|  0%| F|  |TAMS 0x0000000084d00000, 0x0000000084d00000| Untracked 
|  78|0x0000000084e00000, 0x0000000084e00000, 0x0000000084f00000|  0%| F|  |TAMS 0x0000000084e00000, 0x0000000084e00000| Untracked 
|  79|0x0000000084f00000, 0x0000000084f00000, 0x0000000085000000|  0%| F|  |TAMS 0x0000000084f00000, 0x0000000084f00000| Untracked 
|  80|0x0000000085000000, 0x0000000085000000, 0x0000000085100000|  0%| F|  |TAMS 0x0000000085000000, 0x0000000085000000| Untracked 
|  81|0x0000000085100000, 0x0000000085100000, 0x0000000085200000|  0%| F|  |TAMS 0x0000000085100000, 0x0000000085100000| Untracked 
|  82|0x0000000085200000, 0x0000000085200000, 0x0000000085300000|  0%| F|  |TAMS 0x0000000085200000, 0x0000000085200000| Untracked 
|  83|0x0000000085300000, 0x0000000085300000, 0x0000000085400000|  0%| F|  |TAMS 0x0000000085300000, 0x0000000085300000| Untracked 
|  84|0x0000000085400000, 0x0000000085400000, 0x0000000085500000|  0%| F|  |TAMS 0x0000000085400000, 0x0000000085400000| Untracked 
|  85|0x0000000085500000, 0x0000000085500000, 0x0000000085600000|  0%| F|  |TAMS 0x0000000085500000, 0x0000000085500000| Untracked 
|  86|0x0000000085600000, 0x0000000085600000, 0x0000000085700000|  0%| F|  |TAMS 0x0000000085600000, 0x0000000085600000| Untracked 
|  87|0x0000000085700000, 0x0000000085700000, 0x0000000085800000|  0%| F|  |TAMS 0x0000000085700000, 0x0000000085700000| Untracked 
|  88|0x0000000085800000, 0x0000000085800000, 0x0000000085900000|  0%| F|  |TAMS 0x0000000085800000, 0x0000000085800000| Untracked 
|  89|0x0000000085900000, 0x0000000085900000, 0x0000000085a00000|  0%| F|  |TAMS 0x0000000085900000, 0x0000000085900000| Untracked 
|  90|0x0000000085a00000, 0x0000000085a00000, 0x0000000085b00000|  0%| F|  |TAMS 0x0000000085a00000, 0x0000000085a00000| Untracked 
|  91|0x0000000085b00000, 0x0000000085b00000, 0x0000000085c00000|  0%| F|  |TAMS 0x0000000085b00000, 0x0000000085b00000| Untracked 
|  92|0x0000000085c00000, 0x0000000085c00000, 0x0000000085d00000|  0%| F|  |TAMS 0x0000000085c00000, 0x0000000085c00000| Untracked 
|  93|0x0000000085d00000, 0x0000000085d00000, 0x0000000085e00000|  0%| F|  |TAMS 0x0000000085d00000, 0x0000000085d00000| Untracked 
|  94|0x0000000085e00000, 0x0000000085e00000, 0x0000000085f00000|  0%| F|  |TAMS 0x0000000085e00000, 0x0000000085e00000| Untracked 
|  95|0x0000000085f00000, 0x0000000085f00000, 0x0000000086000000|  0%| F|  |TAMS 0x0000000085f00000, 0x0000000085f00000| Untracked 
|  96|0x0000000086000000, 0x0000000086000000, 0x0000000086100000|  0%| F|  |TAMS 0x0000000086000000, 0x0000000086000000| Untracked 
|  97|0x0000000086100000, 0x0000000086100000, 0x0000000086200000|  0%| F|  |TAMS 0x0000000086100000, 0x0000000086100000| Untracked 
|  98|0x0000000086200000, 0x0000000086200000, 0x0000000086300000|  0%| F|  |TAMS 0x0000000086200000, 0x0000000086200000| Untracked 
|  99|0x0000000086300000, 0x0000000086300000, 0x0000000086400000|  0%| F|  |TAMS 0x0000000086300000, 0x0000000086300000| Untracked 
| 100|0x0000000086400000, 0x0000000086400000, 0x0000000086500000|  0%| F|  |TAMS 0x0000000086400000, 0x0000000086400000| Untracked 
| 101|0x0000000086500000, 0x0000000086500000, 0x0000000086600000|  0%| F|  |TAMS 0x0000000086500000, 0x0000000086500000| Untracked 
| 102|0x0000000086600000, 0x0000000086600000, 0x0000000086700000|  0%| F|  |TAMS 0x0000000086600000, 0x0000000086600000| Untracked 
| 103|0x0000000086700000, 0x0000000086700000, 0x0000000086800000|  0%| F|  |TAMS 0x0000000086700000, 0x0000000086700000| Untracked 
| 104|0x0000000086800000, 0x0000000086800000, 0x0000000086900000|  0%| F|  |TAMS 0x0000000086800000, 0x0000000086800000| Untracked 
| 105|0x0000000086900000, 0x0000000086900000, 0x0000000086a00000|  0%| F|  |TAMS 0x0000000086900000, 0x0000000086900000| Untracked 
| 106|0x0000000086a00000, 0x0000000086a00000, 0x0000000086b00000|  0%| F|  |TAMS 0x0000000086a00000, 0x0000000086a00000| Untracked 
| 107|0x0000000086b00000, 0x0000000086b00000, 0x0000000086c00000|  0%| F|  |TAMS 0x0000000086b00000, 0x0000000086b00000| Untracked 
| 108|0x0000000086c00000, 0x0000000086c00000, 0x0000000086d00000|  0%| F|  |TAMS 0x0000000086c00000, 0x0000000086c00000| Untracked 
| 109|0x0000000086d00000, 0x0000000086d00000, 0x0000000086e00000|  0%| F|  |TAMS 0x0000000086d00000, 0x0000000086d00000| Untracked 
| 110|0x0000000086e00000, 0x0000000086e00000, 0x0000000086f00000|  0%| F|  |TAMS 0x0000000086e00000, 0x0000000086e00000| Untracked 
| 111|0x0000000086f00000, 0x0000000086f00000, 0x0000000087000000|  0%| F|  |TAMS 0x0000000086f00000, 0x0000000086f00000| Untracked 
| 112|0x0000000087000000, 0x0000000087000000, 0x0000000087100000|  0%| F|  |TAMS 0x0000000087000000, 0x0000000087000000| Untracked 
| 113|0x0000000087100000, 0x0000000087100000, 0x0000000087200000|  0%| F|  |TAMS 0x0000000087100000, 0x0000000087100000| Untracked 
| 114|0x0000000087200000, 0x0000000087200000, 0x0000000087300000|  0%| F|  |TAMS 0x0000000087200000, 0x0000000087200000| Untracked 
| 115|0x0000000087300000, 0x0000000087300000, 0x0000000087400000|  0%| F|  |TAMS 0x0000000087300000, 0x0000000087300000| Untracked 
| 116|0x0000000087400000, 0x0000000087400000, 0x0000000087500000|  0%| F|  |TAMS 0x0000000087400000, 0x0000000087400000| Untracked 
| 117|0x0000000087500000, 0x0000000087500000, 0x0000000087600000|  0%| F|  |TAMS 0x0000000087500000, 0x0000000087500000| Untracked 
| 118|0x0000000087600000, 0x0000000087600000, 0x0000000087700000|  0%| F|  |TAMS 0x0000000087600000, 0x0000000087600000| Untracked 
| 119|0x0000000087700000, 0x0000000087700000, 0x0000000087800000|  0%| F|  |TAMS 0x0000000087700000, 0x0000000087700000| Untracked 
| 120|0x0000000087800000, 0x0000000087800000, 0x0000000087900000|  0%| F|  |TAMS 0x0000000087800000, 0x0000000087800000| Untracked 
| 121|0x0000000087900000, 0x0000000087900000, 0x0000000087a00000|  0%| F|  |TAMS 0x0000000087900000, 0x0000000087900000| Untracked 
| 122|0x0000000087a00000, 0x0000000087a00000, 0x0000000087b00000|  0%| F|  |TAMS 0x0000000087a00000, 0x0000000087a00000| Untracked 
| 123|0x0000000087b00000, 0x0000000087b00000, 0x0000000087c00000|  0%| F|  |TAMS 0x0000000087b00000, 0x0000000087b00000| Untracked 
| 124|0x0000000087c00000, 0x0000000087c00000, 0x0000000087d00000|  0%| F|  |TAMS 0x0000000087c00000, 0x0000000087c00000| Untracked 
| 125|0x0000000087d00000, 0x0000000087d00000, 0x0000000087e00000|  0%| F|  |TAMS 0x0000000087d00000, 0x0000000087d00000| Untracked 
| 126|0x0000000087e00000, 0x0000000087e00000, 0x0000000087f00000|  0%| F|  |TAMS 0x0000000087e00000, 0x0000000087e00000| Untracked 
| 127|0x0000000087f00000, 0x0000000087f00000, 0x0000000088000000|  0%| F|  |TAMS 0x0000000087f00000, 0x0000000087f00000| Untracked 
| 128|0x0000000088000000, 0x0000000088000000, 0x0000000088100000|  0%| F|  |TAMS 0x0000000088000000, 0x0000000088000000| Untracked 
| 129|0x0000000088100000, 0x0000000088100000, 0x0000000088200000|  0%| F|  |TAMS 0x0000000088100000, 0x0000000088100000| Untracked 
| 130|0x0000000088200000, 0x0000000088200000, 0x0000000088300000|  0%| F|  |TAMS 0x0000000088200000, 0x0000000088200000| Untracked 
| 131|0x0000000088300000, 0x0000000088300000, 0x0000000088400000|  0%| F|  |TAMS 0x0000000088300000, 0x0000000088300000| Untracked 
| 132|0x0000000088400000, 0x0000000088400000, 0x0000000088500000|  0%| F|  |TAMS 0x0000000088400000, 0x0000000088400000| Untracked 
| 133|0x0000000088500000, 0x0000000088500000, 0x0000000088600000|  0%| F|  |TAMS 0x0000000088500000, 0x0000000088500000| Untracked 
| 134|0x0000000088600000, 0x0000000088600000, 0x0000000088700000|  0%| F|  |TAMS 0x0000000088600000, 0x0000000088600000| Untracked 
| 135|0x0000000088700000, 0x0000000088700000, 0x0000000088800000|  0%| F|  |TAMS 0x0000000088700000, 0x0000000088700000| Untracked 
| 136|0x0000000088800000, 0x0000000088800000, 0x0000000088900000|  0%| F|  |TAMS 0x0000000088800000, 0x0000000088800000| Untracked 
| 137|0x0000000088900000, 0x0000000088900000, 0x0000000088a00000|  0%| F|  |TAMS 0x0000000088900000, 0x0000000088900000| Untracked 
| 138|0x0000000088a00000, 0x0000000088a00000, 0x0000000088b00000|  0%| F|  |TAMS 0x0000000088a00000, 0x0000000088a00000| Untracked 
| 139|0x0000000088b00000, 0x0000000088b00000, 0x0000000088c00000|  0%| F|  |TAMS 0x0000000088b00000, 0x0000000088b00000| Untracked 
| 140|0x0000000088c00000, 0x0000000088c00000, 0x0000000088d00000|  0%| F|  |TAMS 0x0000000088c00000, 0x0000000088c00000| Untracked 
| 141|0x0000000088d00000, 0x0000000088d00000, 0x0000000088e00000|  0%| F|  |TAMS 0x0000000088d00000, 0x0000000088d00000| Untracked 
| 142|0x0000000088e00000, 0x0000000088e00000, 0x0000000088f00000|  0%| F|  |TAMS 0x0000000088e00000, 0x0000000088e00000| Untracked 
| 143|0x0000000088f00000, 0x0000000088f00000, 0x0000000089000000|  0%| F|  |TAMS 0x0000000088f00000, 0x0000000088f00000| Untracked 
| 144|0x0000000089000000, 0x0000000089000000, 0x0000000089100000|  0%| F|  |TAMS 0x0000000089000000, 0x0000000089000000| Untracked 
| 145|0x0000000089100000, 0x0000000089100000, 0x0000000089200000|  0%| F|  |TAMS 0x0000000089100000, 0x0000000089100000| Untracked 
| 146|0x0000000089200000, 0x0000000089200000, 0x0000000089300000|  0%| F|  |TAMS 0x0000000089200000, 0x0000000089200000| Untracked 
| 147|0x0000000089300000, 0x0000000089300000, 0x0000000089400000|  0%| F|  |TAMS 0x0000000089300000, 0x0000000089300000| Untracked 
| 148|0x0000000089400000, 0x0000000089400000, 0x0000000089500000|  0%| F|  |TAMS 0x0000000089400000, 0x0000000089400000| Untracked 
| 149|0x0000000089500000, 0x0000000089500000, 0x0000000089600000|  0%| F|  |TAMS 0x0000000089500000, 0x0000000089500000| Untracked 
| 150|0x0000000089600000, 0x0000000089600000, 0x0000000089700000|  0%| F|  |TAMS 0x0000000089600000, 0x0000000089600000| Untracked 
| 151|0x0000000089700000, 0x0000000089700000, 0x0000000089800000|  0%| F|  |TAMS 0x0000000089700000, 0x0000000089700000| Untracked 
| 152|0x0000000089800000, 0x0000000089800000, 0x0000000089900000|  0%| F|  |TAMS 0x0000000089800000, 0x0000000089800000| Untracked 
| 153|0x0000000089900000, 0x0000000089900000, 0x0000000089a00000|  0%| F|  |TAMS 0x0000000089900000, 0x0000000089900000| Untracked 
| 154|0x0000000089a00000, 0x0000000089a00000, 0x0000000089b00000|  0%| F|  |TAMS 0x0000000089a00000, 0x0000000089a00000| Untracked 
| 155|0x0000000089b00000, 0x0000000089b00000, 0x0000000089c00000|  0%| F|  |TAMS 0x0000000089b00000, 0x0000000089b00000| Untracked 
| 156|0x0000000089c00000, 0x0000000089c00000, 0x0000000089d00000|  0%| F|  |TAMS 0x0000000089c00000, 0x0000000089c00000| Untracked 
| 157|0x0000000089d00000, 0x0000000089d00000, 0x0000000089e00000|  0%| F|  |TAMS 0x0000000089d00000, 0x0000000089d00000| Untracked 
| 158|0x0000000089e00000, 0x0000000089e00000, 0x0000000089f00000|  0%| F|  |TAMS 0x0000000089e00000, 0x0000000089e00000| Untracked 
| 159|0x0000000089f00000, 0x0000000089f00000, 0x000000008a000000|  0%| F|  |TAMS 0x0000000089f00000, 0x0000000089f00000| Untracked 
| 160|0x000000008a000000, 0x000000008a000000, 0x000000008a100000|  0%| F|  |TAMS 0x000000008a000000, 0x000000008a000000| Untracked 
| 161|0x000000008a100000, 0x000000008a100000, 0x000000008a200000|  0%| F|  |TAMS 0x000000008a100000, 0x000000008a100000| Untracked 
| 162|0x000000008a200000, 0x000000008a200000, 0x000000008a300000|  0%| F|  |TAMS 0x000000008a200000, 0x000000008a200000| Untracked 
| 163|0x000000008a300000, 0x000000008a300000, 0x000000008a400000|  0%| F|  |TAMS 0x000000008a300000, 0x000000008a300000| Untracked 
| 164|0x000000008a400000, 0x000000008a400000, 0x000000008a500000|  0%| F|  |TAMS 0x000000008a400000, 0x000000008a400000| Untracked 
| 165|0x000000008a500000, 0x000000008a500000, 0x000000008a600000|  0%| F|  |TAMS 0x000000008a500000, 0x000000008a500000| Untracked 
| 166|0x000000008a600000, 0x000000008a600000, 0x000000008a700000|  0%| F|  |TAMS 0x000000008a600000, 0x000000008a600000| Untracked 
| 167|0x000000008a700000, 0x000000008a700000, 0x000000008a800000|  0%| F|  |TAMS 0x000000008a700000, 0x000000008a700000| Untracked 
| 168|0x000000008a800000, 0x000000008a800000, 0x000000008a900000|  0%| F|  |TAMS 0x000000008a800000, 0x000000008a800000| Untracked 
| 169|0x000000008a900000, 0x000000008a900000, 0x000000008aa00000|  0%| F|  |TAMS 0x000000008a900000, 0x000000008a900000| Untracked 
| 170|0x000000008aa00000, 0x000000008aa00000, 0x000000008ab00000|  0%| F|  |TAMS 0x000000008aa00000, 0x000000008aa00000| Untracked 
| 171|0x000000008ab00000, 0x000000008ab00000, 0x000000008ac00000|  0%| F|  |TAMS 0x000000008ab00000, 0x000000008ab00000| Untracked 
| 172|0x000000008ac00000, 0x000000008ac00000, 0x000000008ad00000|  0%| F|  |TAMS 0x000000008ac00000, 0x000000008ac00000| Untracked 
| 173|0x000000008ad00000, 0x000000008ad00000, 0x000000008ae00000|  0%| F|  |TAMS 0x000000008ad00000, 0x000000008ad00000| Untracked 
| 174|0x000000008ae00000, 0x000000008ae00000, 0x000000008af00000|  0%| F|  |TAMS 0x000000008ae00000, 0x000000008ae00000| Untracked 
| 175|0x000000008af00000, 0x000000008af00000, 0x000000008b000000|  0%| F|  |TAMS 0x000000008af00000, 0x000000008af00000| Untracked 
| 176|0x000000008b000000, 0x000000008b000000, 0x000000008b100000|  0%| F|  |TAMS 0x000000008b000000, 0x000000008b000000| Untracked 
| 177|0x000000008b100000, 0x000000008b100000, 0x000000008b200000|  0%| F|  |TAMS 0x000000008b100000, 0x000000008b100000| Untracked 
| 178|0x000000008b200000, 0x000000008b200000, 0x000000008b300000|  0%| F|  |TAMS 0x000000008b200000, 0x000000008b200000| Untracked 
| 179|0x000000008b300000, 0x000000008b300000, 0x000000008b400000|  0%| F|  |TAMS 0x000000008b300000, 0x000000008b300000| Untracked 
| 180|0x000000008b400000, 0x000000008b400000, 0x000000008b500000|  0%| F|  |TAMS 0x000000008b400000, 0x000000008b400000| Untracked 
| 181|0x000000008b500000, 0x000000008b500000, 0x000000008b600000|  0%| F|  |TAMS 0x000000008b500000, 0x000000008b500000| Untracked 
| 182|0x000000008b600000, 0x000000008b600000, 0x000000008b700000|  0%| F|  |TAMS 0x000000008b600000, 0x000000008b600000| Untracked 
| 183|0x000000008b700000, 0x000000008b700000, 0x000000008b800000|  0%| F|  |TAMS 0x000000008b700000, 0x000000008b700000| Untracked 
| 184|0x000000008b800000, 0x000000008b800000, 0x000000008b900000|  0%| F|  |TAMS 0x000000008b800000, 0x000000008b800000| Untracked 
| 185|0x000000008b900000, 0x000000008b900000, 0x000000008ba00000|  0%| F|  |TAMS 0x000000008b900000, 0x000000008b900000| Untracked 
| 186|0x000000008ba00000, 0x000000008ba00000, 0x000000008bb00000|  0%| F|  |TAMS 0x000000008ba00000, 0x000000008ba00000| Untracked 
| 187|0x000000008bb00000, 0x000000008bb00000, 0x000000008bc00000|  0%| F|  |TAMS 0x000000008bb00000, 0x000000008bb00000| Untracked 
| 188|0x000000008bc00000, 0x000000008bd00000, 0x000000008bd00000|100%| E|  |TAMS 0x000000008bc00000, 0x000000008bc00000| Complete 
| 189|0x000000008bd00000, 0x000000008be00000, 0x000000008be00000|100%| E|CS|TAMS 0x000000008bd00000, 0x000000008bd00000| Complete 
| 190|0x000000008be00000, 0x000000008bf00000, 0x000000008bf00000|100%| E|CS|TAMS 0x000000008be00000, 0x000000008be00000| Complete 
| 191|0x000000008bf00000, 0x000000008c000000, 0x000000008c000000|100%| E|CS|TAMS 0x000000008bf00000, 0x000000008bf00000| Complete 
| 192|0x000000008c000000, 0x000000008c100000, 0x000000008c100000|100%| E|CS|TAMS 0x000000008c000000, 0x000000008c000000| Complete 
| 193|0x000000008c100000, 0x000000008c200000, 0x000000008c200000|100%| E|CS|TAMS 0x000000008c100000, 0x000000008c100000| Complete 
| 194|0x000000008c200000, 0x000000008c300000, 0x000000008c300000|100%| E|CS|TAMS 0x000000008c200000, 0x000000008c200000| Complete 
| 195|0x000000008c300000, 0x000000008c400000, 0x000000008c400000|100%| E|CS|TAMS 0x000000008c300000, 0x000000008c300000| Complete 
| 196|0x000000008c400000, 0x000000008c500000, 0x000000008c500000|100%| E|CS|TAMS 0x000000008c400000, 0x000000008c400000| Complete 
| 197|0x000000008c500000, 0x000000008c600000, 0x000000008c600000|100%| E|CS|TAMS 0x000000008c500000, 0x000000008c500000| Complete 
| 198|0x000000008c600000, 0x000000008c700000, 0x000000008c700000|100%| E|CS|TAMS 0x000000008c600000, 0x000000008c600000| Complete 
| 199|0x000000008c700000, 0x000000008c800000, 0x000000008c800000|100%| E|CS|TAMS 0x000000008c700000, 0x000000008c700000| Complete 
| 200|0x000000008c800000, 0x000000008c900000, 0x000000008c900000|100%| E|CS|TAMS 0x000000008c800000, 0x000000008c800000| Complete 
| 201|0x000000008c900000, 0x000000008ca00000, 0x000000008ca00000|100%| E|CS|TAMS 0x000000008c900000, 0x000000008c900000| Complete 
| 202|0x000000008ca00000, 0x000000008cb00000, 0x000000008cb00000|100%| E|CS|TAMS 0x000000008ca00000, 0x000000008ca00000| Complete 
| 203|0x000000008cb00000, 0x000000008cc00000, 0x000000008cc00000|100%| E|CS|TAMS 0x000000008cb00000, 0x000000008cb00000| Complete 
| 204|0x000000008cc00000, 0x000000008cd00000, 0x000000008cd00000|100%| E|CS|TAMS 0x000000008cc00000, 0x000000008cc00000| Complete 
| 205|0x000000008cd00000, 0x000000008ce00000, 0x000000008ce00000|100%| E|CS|TAMS 0x000000008cd00000, 0x000000008cd00000| Complete 
| 206|0x000000008ce00000, 0x000000008cf00000, 0x000000008cf00000|100%| E|CS|TAMS 0x000000008ce00000, 0x000000008ce00000| Complete 
| 207|0x000000008cf00000, 0x000000008d000000, 0x000000008d000000|100%| E|CS|TAMS 0x000000008cf00000, 0x000000008cf00000| Complete 
| 208|0x000000008d000000, 0x000000008d100000, 0x000000008d100000|100%| E|CS|TAMS 0x000000008d000000, 0x000000008d000000| Complete 
| 209|0x000000008d100000, 0x000000008d200000, 0x000000008d200000|100%| E|CS|TAMS 0x000000008d100000, 0x000000008d100000| Complete 
| 210|0x000000008d200000, 0x000000008d300000, 0x000000008d300000|100%| E|CS|TAMS 0x000000008d200000, 0x000000008d200000| Complete 
| 211|0x000000008d300000, 0x000000008d400000, 0x000000008d400000|100%| E|CS|TAMS 0x000000008d300000, 0x000000008d300000| Complete 
| 212|0x000000008d400000, 0x000000008d500000, 0x000000008d500000|100%| E|CS|TAMS 0x000000008d400000, 0x000000008d400000| Complete 
| 213|0x000000008d500000, 0x000000008d600000, 0x000000008d600000|100%| E|CS|TAMS 0x000000008d500000, 0x000000008d500000| Complete 
| 214|0x000000008d600000, 0x000000008d700000, 0x000000008d700000|100%| E|CS|TAMS 0x000000008d600000, 0x000000008d600000| Complete 
| 215|0x000000008d700000, 0x000000008d800000, 0x000000008d800000|100%| E|CS|TAMS 0x000000008d700000, 0x000000008d700000| Complete 
| 216|0x000000008d800000, 0x000000008d900000, 0x000000008d900000|100%| E|CS|TAMS 0x000000008d800000, 0x000000008d800000| Complete 
| 217|0x000000008d900000, 0x000000008da00000, 0x000000008da00000|100%| E|CS|TAMS 0x000000008d900000, 0x000000008d900000| Complete 
| 275|0x0000000091300000, 0x0000000091400000, 0x0000000091400000|100%| E|CS|TAMS 0x0000000091300000, 0x0000000091300000| Complete 
| 276|0x0000000091400000, 0x0000000091500000, 0x0000000091500000|100%| E|CS|TAMS 0x0000000091400000, 0x0000000091400000| Complete 
| 277|0x0000000091500000, 0x0000000091600000, 0x0000000091600000|100%| S|CS|TAMS 0x0000000091500000, 0x0000000091500000| Complete 
| 278|0x0000000091600000, 0x0000000091700000, 0x0000000091700000|100%| S|CS|TAMS 0x0000000091600000, 0x0000000091600000| Complete 
| 279|0x0000000091700000, 0x0000000091800000, 0x0000000091800000|100%| E|CS|TAMS 0x0000000091700000, 0x0000000091700000| Complete 
| 280|0x0000000091800000, 0x0000000091900000, 0x0000000091900000|100%| E|CS|TAMS 0x0000000091800000, 0x0000000091800000| Complete 
| 281|0x0000000091900000, 0x0000000091a00000, 0x0000000091a00000|100%| E|CS|TAMS 0x0000000091900000, 0x0000000091900000| Complete 
| 282|0x0000000091a00000, 0x0000000091b00000, 0x0000000091b00000|100%| E|CS|TAMS 0x0000000091a00000, 0x0000000091a00000| Complete 
| 283|0x0000000091b00000, 0x0000000091c00000, 0x0000000091c00000|100%| E|CS|TAMS 0x0000000091b00000, 0x0000000091b00000| Complete 
| 284|0x0000000091c00000, 0x0000000091d00000, 0x0000000091d00000|100%| E|CS|TAMS 0x0000000091c00000, 0x0000000091c00000| Complete 
| 285|0x0000000091d00000, 0x0000000091e00000, 0x0000000091e00000|100%| E|CS|TAMS 0x0000000091d00000, 0x0000000091d00000| Complete 
| 286|0x0000000091e00000, 0x0000000091f00000, 0x0000000091f00000|100%| E|CS|TAMS 0x0000000091e00000, 0x0000000091e00000| Complete 
| 383|0x0000000097f00000, 0x0000000098000000, 0x0000000098000000|100%| E|CS|TAMS 0x0000000097f00000, 0x0000000097f00000| Complete 

Card table byte_map: [0x0000018ac89f0000,0x0000018ac8df0000] _byte_map_base: 0x0000018ac85f0000

Marking Bits (Prev, Next): (CMBitMap*) 0x0000018ab12c8700, (CMBitMap*) 0x0000018ab12c8740
 Prev Bits: [0x0000018ac91f0000, 0x0000018acb1f0000)
 Next Bits: [0x0000018acb1f0000, 0x0000018acd1f0000)

Polling page: 0x0000018aaf220000

Metaspace:

Usage:
  Non-class:     36.23 MB used.
      Class:      5.79 MB used.
       Both:     42.02 MB used.

Virtual space:
  Non-class space:       40.00 MB reserved,      36.50 MB ( 91%) committed,  5 nodes.
      Class space:        1.00 GB reserved,       6.06 MB ( <1%) committed,  1 nodes.
             Both:        1.04 GB reserved,      42.56 MB (  4%) committed. 

Chunk freelists:
   Non-Class:  2.95 MB
       Class:  1.78 MB
        Both:  4.73 MB

MaxMetaspaceSize: unlimited
CompressedClassSpaceSize: 1.00 GB
Initial GC threshold: 21.00 MB
Current GC threshold: 58.69 MB
CDS: on
MetaspaceReclaimPolicy: balanced
 - commit_granule_bytes: 65536.
 - commit_granule_words: 8192.
 - virtual_space_node_default_size: 1048576.
 - enlarge_chunks_in_place: 1.
 - new_chunks_are_fully_committed: 0.
 - uncommit_free_chunks: 1.
 - use_allocation_guard: 0.
 - handle_deallocations: 1.


Internal statistics:

num_allocs_failed_limit: 6.
num_arena_births: 830.
num_arena_deaths: 0.
num_vsnodes_births: 6.
num_vsnodes_deaths: 0.
num_space_committed: 681.
num_space_uncommitted: 0.
num_chunks_returned_to_freelist: 6.
num_chunks_taken_from_freelist: 2717.
num_chunk_merges: 6.
num_chunk_splits: 1647.
num_chunks_enlarged: 939.
num_purges: 0.
num_inconsistent_stats: 0.

CodeHeap 'non-profiled nmethods': size=119168Kb used=2541Kb max_used=3045Kb free=116626Kb
 bounds [0x0000018ac0910000, 0x0000018ac0c20000, 0x0000018ac7d70000]
CodeHeap 'profiled nmethods': size=119104Kb used=9436Kb max_used=10833Kb free=109667Kb
 bounds [0x0000018ab8d70000, 0x0000018ab9810000, 0x0000018ac01c0000]
CodeHeap 'non-nmethods': size=7488Kb used=3340Kb max_used=3390Kb free=4147Kb
 bounds [0x0000018ac01c0000, 0x0000018ac0520000, 0x0000018ac0910000]
 total_blobs=5364 nmethods=4675 adapters=595
 compilation: enabled
              stopped_count=0, restarted_count=0
 full_count=0

Compilation events (20 events):
Event: 4.488 Thread 0x0000018ad1fc8960 5406       1       org.gradle.internal.instantiation.generator.AbstractClassGenerator$GeneratedClassImpl::access$000 (5 bytes)
Event: 4.488 Thread 0x0000018ad1fc8960 nmethod 5406 0x0000018ac09d0f90 code [0x0000018ac09d1120, 0x0000018ac09d11d8]
Event: 4.489 Thread 0x0000018ad1fc8e70 5407       1       org.gradle.configurationcache.serialization.IsolateOwner$OwnerTask::getDelegate (5 bytes)
Event: 4.489 Thread 0x0000018ad1fc8e70 nmethod 5407 0x0000018ac09add10 code [0x0000018ac09adea0, 0x0000018ac09adf78]
Event: 4.489 Thread 0x0000018ad4787ed0 nmethod 5405 0x0000018ac0b0b690 code [0x0000018ac0b0b820, 0x0000018ac0b0bf88]
Event: 4.490 Thread 0x0000018ad1fc8e70 5408       3       kotlin.sequences.SequencesKt___SequencesKt$flatMap$2::invoke (9 bytes)
Event: 4.490 Thread 0x0000018ad0339ae0 5409       3       kotlin.sequences.SequencesKt___SequencesKt$flatMap$2::invoke (13 bytes)
Event: 4.490 Thread 0x0000018ad1fc8960 5410       3       kotlin.sequences.SequencesKt___SequencesKt$sortedWith$1::iterator (23 bytes)
Event: 4.490 Thread 0x0000018ad0462e70 5411       3       kotlin.collections.CollectionsKt__MutableCollectionsJVMKt::sortWith (28 bytes)
Event: 4.491 Thread 0x0000018ad1fc8e70 nmethod 5408 0x0000018ab8df7310 code [0x0000018ab8df7540, 0x0000018ab8df7d28]
Event: 4.491 Thread 0x0000018ad0339ae0 nmethod 5409 0x0000018ab8f74690 code [0x0000018ab8f748a0, 0x0000018ab8f74f08]
Event: 4.491 Thread 0x0000018ad0462e70 nmethod 5411 0x0000018ab93a7410 code [0x0000018ab93a76c0, 0x0000018ab93a8318]
Event: 4.491 Thread 0x0000018ad1fc8960 nmethod 5410 0x0000018ab9027410 code [0x0000018ab90277a0, 0x0000018ab9028e18]
Event: 4.492 Thread 0x0000018ad05bd150 nmethod 5393 0x0000018ac09e8890 code [0x0000018ac09e8a60, 0x0000018ac09e9758]
Event: 4.494 Thread 0x0000018ad1fc8960 5412       3       org.gradle.model.internal.asm.ClassVisitorScope::addGetter (11 bytes)
Event: 4.494 Thread 0x0000018ad1fc8960 nmethod 5412 0x0000018ab9297b90 code [0x0000018ab9297d40, 0x0000018ab9297f08]
Event: 4.494 Thread 0x0000018ad0339ae0 5413       3       org.objectweb.asm.MethodVisitor::visitMethodInsn (80 bytes)
Event: 4.494 Thread 0x0000018ad0339ae0 nmethod 5413 0x0000018ab9288510 code [0x0000018ab92886e0, 0x0000018ab9288bc8]
Event: 4.494 Thread 0x0000018ad4787ed0 5414       4       org.objectweb.asm.Frame::getConcreteOutputType (111 bytes)
Event: 4.496 Thread 0x0000018ad4787ed0 nmethod 5414 0x0000018ac09e8410 code [0x0000018ac09e85a0, 0x0000018ac09e86d8]

GC Heap History (18 events):
Event: 0.487 GC heap before
{Heap before GC invocations=0 (full 0):
 garbage-first heap   total 393216K, used 26624K [0x0000000080000000, 0x0000000100000000)
  region size 1024K, 23 young (23552K), 0 survivors (0K)
 Metaspace       used 3051K, committed 3200K, reserved 1056768K
  class space    used 381K, committed 448K, reserved 1048576K
}
Event: 0.491 GC heap after
{Heap after GC invocations=1 (full 0):
 garbage-first heap   total 393216K, used 10101K [0x0000000080000000, 0x0000000100000000)
  region size 1024K, 3 young (3072K), 3 survivors (3072K)
 Metaspace       used 3051K, committed 3200K, reserved 1056768K
  class space    used 381K, committed 448K, reserved 1048576K
}
Event: 0.807 GC heap before
{Heap before GC invocations=1 (full 0):
 garbage-first heap   total 393216K, used 40821K [0x0000000080000000, 0x0000000100000000)
  region size 1024K, 32 young (32768K), 3 survivors (3072K)
 Metaspace       used 3991K, committed 4160K, reserved 1056768K
  class space    used 478K, committed 576K, reserved 1048576K
}
Event: 0.810 GC heap after
{Heap after GC invocations=2 (full 0):
 garbage-first heap   total 393216K, used 13862K [0x0000000080000000, 0x0000000100000000)
  region size 1024K, 4 young (4096K), 4 survivors (4096K)
 Metaspace       used 3991K, committed 4160K, reserved 1056768K
  class space    used 478K, committed 576K, reserved 1048576K
}
Event: 2.263 GC heap before
{Heap before GC invocations=2 (full 0):
 garbage-first heap   total 393216K, used 108070K [0x0000000080000000, 0x0000000100000000)
  region size 1024K, 97 young (99328K), 4 survivors (4096K)
 Metaspace       used 21180K, committed 21504K, reserved 1073152K
  class space    used 2966K, committed 3136K, reserved 1048576K
}
Event: 2.269 GC heap after
{Heap after GC invocations=3 (full 0):
 garbage-first heap   total 393216K, used 21731K [0x0000000080000000, 0x0000000100000000)
  region size 1024K, 12 young (12288K), 12 survivors (12288K)
 Metaspace       used 21180K, committed 21504K, reserved 1073152K
  class space    used 2966K, committed 3136K, reserved 1048576K
}
Event: 2.781 GC heap before
{Heap before GC invocations=4 (full 0):
 garbage-first heap   total 78848K, used 62691K [0x0000000080000000, 0x0000000100000000)
  region size 1024K, 54 young (55296K), 12 survivors (12288K)
 Metaspace       used 27124K, committed 27456K, reserved 1073152K
  class space    used 3876K, committed 4032K, reserved 1048576K
}
Event: 2.786 GC heap after
{Heap after GC invocations=5 (full 0):
 garbage-first heap   total 79872K, used 23789K [0x0000000080000000, 0x0000000100000000)
  region size 1024K, 10 young (10240K), 10 survivors (10240K)
 Metaspace       used 27124K, committed 27456K, reserved 1073152K
  class space    used 3876K, committed 4032K, reserved 1048576K
}
Event: 3.248 GC heap before
{Heap before GC invocations=5 (full 0):
 garbage-first heap   total 79872K, used 56557K [0x0000000080000000, 0x0000000100000000)
  region size 1024K, 43 young (44032K), 10 survivors (10240K)
 Metaspace       used 34447K, committed 34816K, reserved 1081344K
  class space    used 4740K, committed 4928K, reserved 1048576K
}
Event: 3.253 GC heap after
{Heap after GC invocations=6 (full 0):
 garbage-first heap   total 79872K, used 27766K [0x0000000080000000, 0x0000000100000000)
  region size 1024K, 6 young (6144K), 6 survivors (6144K)
 Metaspace       used 34447K, committed 34816K, reserved 1081344K
  class space    used 4740K, committed 4928K, reserved 1048576K
}
Event: 3.574 GC heap before
{Heap before GC invocations=6 (full 0):
 garbage-first heap   total 79872K, used 60534K [0x0000000080000000, 0x0000000100000000)
  region size 1024K, 36 young (36864K), 6 survivors (6144K)
 Metaspace       used 35604K, committed 35968K, reserved 1081344K
  class space    used 4880K, committed 5056K, reserved 1048576K
}
Event: 3.579 GC heap after
{Heap after GC invocations=7 (full 0):
 garbage-first heap   total 79872K, used 35511K [0x0000000080000000, 0x0000000100000000)
  region size 1024K, 5 young (5120K), 5 survivors (5120K)
 Metaspace       used 35604K, committed 35968K, reserved 1081344K
  class space    used 4880K, committed 5056K, reserved 1048576K
}
Event: 3.870 GC heap before
{Heap before GC invocations=8 (full 0):
 garbage-first heap   total 79872K, used 63159K [0x0000000080000000, 0x0000000100000000)
  region size 1024K, 28 young (28672K), 5 survivors (5120K)
 Metaspace       used 37800K, committed 38272K, reserved 1089536K
  class space    used 5232K, committed 5440K, reserved 1048576K
}
Event: 3.873 GC heap after
{Heap after GC invocations=9 (full 0):
 garbage-first heap   total 79872K, used 46482K [0x0000000080000000, 0x0000000100000000)
  region size 1024K, 4 young (4096K), 4 survivors (4096K)
 Metaspace       used 37800K, committed 38272K, reserved 1089536K
  class space    used 5232K, committed 5440K, reserved 1048576K
}
Event: 3.886 GC heap before
{Heap before GC invocations=9 (full 0):
 garbage-first heap   total 79872K, used 47506K [0x0000000080000000, 0x0000000100000000)
  region size 1024K, 5 young (5120K), 4 survivors (4096K)
 Metaspace       used 37895K, committed 38336K, reserved 1089536K
  class space    used 5243K, committed 5440K, reserved 1048576K
}
Event: 3.888 GC heap after
{Heap after GC invocations=10 (full 0):
 garbage-first heap   total 79872K, used 46747K [0x0000000080000000, 0x0000000100000000)
  region size 1024K, 1 young (1024K), 1 survivors (1024K)
 Metaspace       used 37895K, committed 38336K, reserved 1089536K
  class space    used 5243K, committed 5440K, reserved 1048576K
}
Event: 3.991 GC heap before
{Heap before GC invocations=10 (full 0):
 garbage-first heap   total 79872K, used 52891K [0x0000000080000000, 0x0000000100000000)
  region size 1024K, 9 young (9216K), 1 survivors (1024K)
 Metaspace       used 38405K, committed 38848K, reserved 1089536K
  class space    used 5308K, committed 5504K, reserved 1048576K
}
Event: 3.994 GC heap after
{Heap after GC invocations=11 (full 0):
 garbage-first heap   total 236544K, used 48869K [0x0000000080000000, 0x0000000100000000)
  region size 1024K, 2 young (2048K), 2 survivors (2048K)
 Metaspace       used 38405K, committed 38848K, reserved 1089536K
  class space    used 5308K, committed 5504K, reserved 1048576K
}

Dll operation events (12 events):
Event: 0.004 Loaded shared library C:\Users\Ivan\.jdks\corretto-17.0.6\bin\java.dll
Event: 0.013 Loaded shared library C:\Users\Ivan\.jdks\corretto-17.0.6\bin\jsvml.dll
Event: 0.054 Loaded shared library C:\Users\Ivan\.jdks\corretto-17.0.6\bin\net.dll
Event: 0.055 Loaded shared library C:\Users\Ivan\.jdks\corretto-17.0.6\bin\nio.dll
Event: 0.059 Loaded shared library C:\Users\Ivan\.jdks\corretto-17.0.6\bin\zip.dll
Event: 0.203 Loaded shared library C:\Users\Ivan\.jdks\corretto-17.0.6\bin\jimage.dll
Event: 0.251 Loaded shared library C:\Users\Ivan\.jdks\corretto-17.0.6\bin\verify.dll
Event: 0.375 Loaded shared library C:\Users\Ivan\.gradle\native\68d5fa5c4cc2d200863cafc0d521ce42e7d3e7ee720ec0a83991735586a16f82\windows-amd64\native-platform.dll
Event: 0.379 Loaded shared library C:\Users\Ivan\.gradle\native\e376f236ea51e6404a007f0833ffe2c6e607c4080706a723a18a27aeea778392\windows-amd64\native-platform-file-events.dll
Event: 0.967 Loaded shared library C:\Users\Ivan\.jdks\corretto-17.0.6\bin\management.dll
Event: 0.968 Loaded shared library C:\Users\Ivan\.jdks\corretto-17.0.6\bin\management_ext.dll
Event: 1.234 Loaded shared library C:\Users\Ivan\.jdks\corretto-17.0.6\bin\sunmscapi.dll

Deoptimization events (20 events):
Event: 4.331 Thread 0x0000018ad32e6630 Uncommon trap: trap_request=0xffffffc6 fr.pc=0x0000018ac096e88c relative=0x00000000000024cc
Event: 4.331 Thread 0x0000018ad32e6630 Uncommon trap: reason=bimorphic_or_optimized_type_check action=maybe_recompile pc=0x0000018ac096e88c method=java.util.HashMap.putVal(ILjava/lang/Object;Ljava/lang/Object;ZZ)Ljava/lang/Object; @ 91 c2
Event: 4.331 Thread 0x0000018ad32e6630 DEOPT PACKING pc=0x0000018ac096e88c sp=0x0000005e899f90b0
Event: 4.331 Thread 0x0000018ad32e6630 DEOPT UNPACKING pc=0x0000018ac02169a3 sp=0x0000005e899f8f68 mode 2
Event: 4.349 Thread 0x0000018ad32e6630 Uncommon trap: trap_request=0xfffffff4 fr.pc=0x0000018ac0ae0970 relative=0x0000000000001cb0
Event: 4.349 Thread 0x0000018ad32e6630 Uncommon trap: reason=null_check action=make_not_entrant pc=0x0000018ac0ae0970 method=org.gradle.configurationcache.serialization.beans.BeanPropertyReader.isAssignableTo(Ljava/lang/Class;Ljava/lang/Object;)Z @ 2 c2
Event: 4.349 Thread 0x0000018ad32e6630 DEOPT PACKING pc=0x0000018ac0ae0970 sp=0x0000005e899f9db0
Event: 4.349 Thread 0x0000018ad32e6630 DEOPT UNPACKING pc=0x0000018ac02169a3 sp=0x0000005e899f9af8 mode 2
Event: 4.473 Thread 0x0000018ad32e6630 Uncommon trap: trap_request=0xffffff45 fr.pc=0x0000018ac09275cc relative=0x000000000000022c
Event: 4.473 Thread 0x0000018ad32e6630 Uncommon trap: reason=unstable_if action=reinterpret pc=0x0000018ac09275cc method=org.gradle.internal.snapshot.impl.AbstractScalarValueSnapshot.equals(Ljava/lang/Object;)Z @ 2 c2
Event: 4.473 Thread 0x0000018ad32e6630 DEOPT PACKING pc=0x0000018ac09275cc sp=0x0000005e899f97e0
Event: 4.473 Thread 0x0000018ad32e6630 DEOPT UNPACKING pc=0x0000018ac02169a3 sp=0x0000005e899f9780 mode 2
Event: 4.491 Thread 0x0000018ad32e6630 Uncommon trap: trap_request=0xffffffc6 fr.pc=0x0000018ac096e88c relative=0x00000000000024cc
Event: 4.491 Thread 0x0000018ad32e6630 Uncommon trap: reason=bimorphic_or_optimized_type_check action=maybe_recompile pc=0x0000018ac096e88c method=java.util.HashMap.putVal(ILjava/lang/Object;Ljava/lang/Object;ZZ)Ljava/lang/Object; @ 91 c2
Event: 4.492 Thread 0x0000018ad32e6630 DEOPT PACKING pc=0x0000018ac096e88c sp=0x0000005e899f9240
Event: 4.492 Thread 0x0000018ad32e6630 DEOPT UNPACKING pc=0x0000018ac02169a3 sp=0x0000005e899f90f8 mode 2
Event: 4.493 Thread 0x0000018ad32e6630 Uncommon trap: trap_request=0xffffff45 fr.pc=0x0000018ac09aebf4 relative=0x0000000000000994
Event: 4.493 Thread 0x0000018ad32e6630 Uncommon trap: reason=unstable_if action=reinterpret pc=0x0000018ac09aebf4 method=org.objectweb.asm.ByteVector.put11(II)Lorg/objectweb/asm/ByteVector; @ 13 c2
Event: 4.493 Thread 0x0000018ad32e6630 DEOPT PACKING pc=0x0000018ac09aebf4 sp=0x0000005e899f9090
Event: 4.493 Thread 0x0000018ad32e6630 DEOPT UNPACKING pc=0x0000018ac02169a3 sp=0x0000005e899f8f10 mode 2

Classes unloaded (0 events):
No events

Classes redefined (0 events):
No events

Internal exceptions (20 events):
Event: 3.561 Thread 0x0000018ad32e6630 Exception <a 'java/lang/NoSuchMethodError'{0x0000000083030680}: 'java.lang.Object java.lang.invoke.DirectMethodHandle$Holder.invokeSpecial(java.lang.Object, java.lang.Object, java.lang.Object, java.lang.Object, java.lang.Object, int)'> (0x0000000083030680) 
thrown [s\src\hotspot\share\interpreter\linkResolver.cpp, line 759]
Event: 3.561 Thread 0x0000018ad32e6630 Exception <a 'java/lang/NoSuchMethodError'{0x0000000083034e08}: 'java.lang.Object java.lang.invoke.Invokers$Holder.linkToTargetMethod(java.lang.Object, java.lang.Object, java.lang.Object, int, java.lang.Object)'> (0x0000000083034e08) 
thrown [s\src\hotspot\share\interpreter\linkResolver.cpp, line 759]
Event: 3.859 Thread 0x0000018ad32e6630 Exception <a 'java/lang/NoSuchMethodError'{0x0000000083703df0}: 'java.lang.Object java.lang.invoke.DelegatingMethodHandle$Holder.reinvoke_L(java.lang.Object, java.lang.Object, java.lang.Object, java.lang.Object, java.lang.Object, java.lang.Object, java.lang.Object, java.lang.Object, java.lang.Object, java.lang.Object, java.lang.Object, java.lang.Object, java.lang.Object, java.lang.Object, java.lang.Object, java.lang.Object, java.lang.Object, java.lang.Object, java.lang.Object, java.lang.Object, java.lang.O
Event: 3.859 Thread 0x0000018ad32e6630 Exception <a 'java/lang/NoSuchMethodError'{0x000000008370f868}: 'java.lang.Object java.lang.invoke.Invokers$Holder.invoker(java.lang.Object, java.lang.Object, java.lang.Object, java.lang.Object, java.lang.Object, java.lang.Object, java.lang.Object, java.lang.Object, java.lang.Object, java.lang.Object, java.lang.Object, java.lang.Object, java.lang.Object, java.lang.Object, java.lang.Object, java.lang.Object, java.lang.Object, java.lang.Object, java.lang.Object, java.lang.Object, java.lang.Object)'> (0x00000
Event: 3.860 Thread 0x0000018ad32e6630 Exception <a 'java/lang/NoSuchMethodError'{0x0000000083716548}: 'java.lang.Object java.lang.invoke.DelegatingMethodHandle$Holder.delegate(java.lang.Object, java.lang.Object, java.lang.Object, java.lang.Object, java.lang.Object, java.lang.Object, java.lang.Object, java.lang.Object, java.lang.Object, java.lang.Object, java.lang.Object, java.lang.Object, java.lang.Object, java.lang.Object, java.lang.Object, java.lang.Object, java.lang.Object, java.lang.Object, java.lang.Object, java.lang.Object, java.lang.Obj
Event: 3.865 Thread 0x0000018ad32e6630 Exception <a 'java/lang/NoSuchMethodError'{0x0000000083786780}: 'java.lang.Object java.lang.invoke.DirectMethodHandle$Holder.invokeStatic(java.lang.Object, java.lang.Object, java.lang.Object, java.lang.Object, java.lang.Object, java.lang.Object, java.lang.Object, java.lang.Object, java.lang.Object, java.lang.Object, java.lang.Object, java.lang.Object, java.lang.Object, java.lang.Object, java.lang.Object, java.lang.Object, java.lang.Object)'> (0x0000000083786780) 
thrown [s\src\hotspot\share\interpreter\lin
Event: 3.867 Thread 0x0000018ad32e6630 Exception <a 'java/lang/NoSuchMethodError'{0x00000000837ae620}: 'java.lang.Object java.lang.invoke.DirectMethodHandle$Holder.invokeStatic(java.lang.Object, java.lang.Object, java.lang.Object, java.lang.Object, java.lang.Object, java.lang.Object, java.lang.Object, java.lang.Object, java.lang.Object, java.lang.Object, java.lang.Object, java.lang.Object, java.lang.Object, java.lang.Object, java.lang.Object, java.lang.Object, java.lang.Object, java.lang.Object)'> (0x00000000837ae620) 
thrown [s\src\hotspot\sha
Event: 3.868 Thread 0x0000018ad32e6630 Exception <a 'java/lang/NoSuchMethodError'{0x00000000837d6c68}: 'java.lang.Object java.lang.invoke.DirectMethodHandle$Holder.invokeStatic(java.lang.Object, java.lang.Object, java.lang.Object, java.lang.Object, java.lang.Object, java.lang.Object, java.lang.Object, java.lang.Object, java.lang.Object, java.lang.Object, java.lang.Object, java.lang.Object, java.lang.Object, java.lang.Object, java.lang.Object, java.lang.Object, java.lang.Object, java.lang.Object, java.lang.Object)'> (0x00000000837d6c68) 
thrown 
Event: 3.873 Thread 0x0000018ad32e6630 Implicit null exception at 0x0000018ac0ac0fdc to 0x0000018ac0ac6fac
Event: 3.874 Thread 0x0000018ad32e6630 Exception <a 'java/lang/NoSuchMethodError'{0x0000000097f00d88}: 'java.lang.Object java.lang.invoke.DirectMethodHandle$Holder.invokeStatic(java.lang.Object, java.lang.Object, java.lang.Object, java.lang.Object, java.lang.Object, java.lang.Object, java.lang.Object, java.lang.Object, java.lang.Object, java.lang.Object, java.lang.Object, java.lang.Object, java.lang.Object, java.lang.Object, java.lang.Object, java.lang.Object, java.lang.Object, java.lang.Object, java.lang.Object, java.lang.Object)'> (0x00000000
Event: 3.876 Thread 0x0000018ad32e6630 Exception <a 'java/lang/NoSuchMethodError'{0x0000000097f2f008}: 'java.lang.Object java.lang.invoke.DirectMethodHandle$Holder.invokeStatic(java.lang.Object, java.lang.Object, java.lang.Object, java.lang.Object, java.lang.Object, java.lang.Object, java.lang.Object, java.lang.Object, java.lang.Object, java.lang.Object, java.lang.Object, java.lang.Object, java.lang.Object, java.lang.Object, java.lang.Object, java.lang.Object, java.lang.Object, java.lang.Object, java.lang.Object, java.lang.Object, java.lang.Obj
Event: 3.879 Thread 0x0000018ad32e6630 Exception <a 'java/lang/NoSuchMethodError'{0x0000000097f5bb30}: 'java.lang.Object java.lang.invoke.DirectMethodHandle$Holder.invokeStatic(java.lang.Object, java.lang.Object, java.lang.Object, java.lang.Object, java.lang.Object, java.lang.Object, java.lang.Object, java.lang.Object, java.lang.Object, java.lang.Object, java.lang.Object, java.lang.Object, java.lang.Object, java.lang.Object, java.lang.Object, java.lang.Object, java.lang.Object, java.lang.Object, java.lang.Object, java.lang.Object, java.lang.Obj
Event: 3.880 Thread 0x0000018ad32e6630 Exception <a 'java/lang/NoSuchMethodError'{0x0000000097f8ae90}: 'java.lang.Object java.lang.invoke.DirectMethodHandle$Holder.invokeStatic(java.lang.Object, java.lang.Object, java.lang.Object, java.lang.Object, java.lang.Object, java.lang.Object, java.lang.Object, java.lang.Object, java.lang.Object, java.lang.Object, java.lang.Object, java.lang.Object, java.lang.Object, java.lang.Object, java.lang.Object, java.lang.Object, java.lang.Object, java.lang.Object, java.lang.Object, java.lang.Object, java.lang.Obj
Event: 3.882 Thread 0x0000018ad32e6630 Exception <a 'java/lang/NoSuchMethodError'{0x0000000097fbb248}: 'java.lang.Object java.lang.invoke.DirectMethodHandle$Holder.invokeStatic(java.lang.Object, java.lang.Object, java.lang.Object, java.lang.Object, java.lang.Object, java.lang.Object, java.lang.Object, java.lang.Object, java.lang.Object, java.lang.Object, java.lang.Object, java.lang.Object, java.lang.Object, java.lang.Object, java.lang.Object, java.lang.Object, java.lang.Object, java.lang.Object, java.lang.Object, java.lang.Object, java.lang.Obj
Event: 4.188 Thread 0x0000018ad32e6630 Exception <a 'java/lang/IncompatibleClassChangeError'{0x000000008d780d08}: Found class java.lang.Object, but interface was expected> (0x000000008d780d08) 
thrown [s\src\hotspot\share\interpreter\linkResolver.cpp, line 826]
Event: 4.232 Thread 0x0000018ad32e6630 Implicit null exception at 0x0000018ac0bf5d65 to 0x0000018ac0bf64a4
Event: 4.307 Thread 0x0000018ad32e6630 Implicit null exception at 0x0000018ac0ad9b92 to 0x0000018ac0ada078
Event: 4.313 Thread 0x0000018ad32e6630 Implicit null exception at 0x0000018ac098afe9 to 0x0000018ac098b4b0
Event: 4.349 Thread 0x0000018ad32e6630 Implicit null exception at 0x0000018ac0adf188 to 0x0000018ac0ae0948
Event: 4.386 Thread 0x0000018ad32e6630 Exception <a 'java/lang/NoSuchMethodError'{0x000000008c86c400}: 'void java.lang.invoke.DirectMethodHandle$Holder.invokeSpecial(java.lang.Object, java.lang.Object, java.lang.Object, int)'> (0x000000008c86c400) 
thrown [s\src\hotspot\share\interpreter\linkResolver.cpp, line 759]

VM Operations (20 events):
Event: 3.842 Executing VM operation: HandshakeAllThreads
Event: 3.842 Executing VM operation: HandshakeAllThreads done
Event: 3.856 Executing VM operation: HandshakeAllThreads
Event: 3.856 Executing VM operation: HandshakeAllThreads done
Event: 3.870 Executing VM operation: G1CollectForAllocation
Event: 3.873 Executing VM operation: G1CollectForAllocation done
Event: 3.886 Executing VM operation: G1CollectForAllocation
Event: 3.888 Executing VM operation: G1CollectForAllocation done
Event: 3.991 Executing VM operation: G1TryInitiateConcMark
Event: 3.994 Executing VM operation: G1TryInitiateConcMark done
Event: 4.159 Executing VM operation: HandshakeAllThreads
Event: 4.159 Executing VM operation: HandshakeAllThreads done
Event: 4.168 Executing VM operation: ICBufferFull
Event: 4.168 Executing VM operation: ICBufferFull done
Event: 4.178 Executing VM operation: HandshakeAllThreads
Event: 4.178 Executing VM operation: HandshakeAllThreads done
Event: 4.190 Executing VM operation: HandshakeAllThreads
Event: 4.190 Executing VM operation: HandshakeAllThreads done
Event: 4.304 Executing VM operation: ICBufferFull
Event: 4.304 Executing VM operation: ICBufferFull done

Events (20 events):
Event: 4.231 loading class sun/reflect/misc/MethodUtil done
Event: 4.231 loading class sun/reflect/misc/MethodUtil$1
Event: 4.231 loading class sun/reflect/misc/MethodUtil$1 done
Event: 4.234 Thread 0x0000018ad6e44bb0 Thread added: 0x0000018ad6e44bb0
Event: 4.236 loading class java/lang/Byte$ByteCache
Event: 4.236 loading class java/lang/Byte$ByteCache done
Event: 4.386 loading class jdk/internal/access/JavaObjectInputStreamAccess
Event: 4.386 loading class jdk/internal/access/JavaObjectInputStreamAccess done
Event: 4.387 loading class jdk/internal/access/JavaObjectInputStreamReadString
Event: 4.387 loading class jdk/internal/access/JavaObjectInputStreamReadString done
Event: 4.387 loading class java/io/ObjectInputFilter$Config
Event: 4.388 loading class java/io/ObjectInputFilter$Config done
Event: 4.388 loading class java/io/ObjectInputFilter
Event: 4.388 loading class java/io/ObjectInputFilter done
Event: 4.389 loading class java/io/ObjectInputFilter$Config$BuiltinFilterFactory
Event: 4.389 loading class java/io/ObjectInputFilter$Config$BuiltinFilterFactory done
Event: 4.390 loading class jdk/internal/access/JavaObjectInputFilterAccess
Event: 4.390 loading class jdk/internal/access/JavaObjectInputFilterAccess done
Event: 4.417 loading class java/lang/invoke/SerializedLambda$1
Event: 4.417 loading class java/lang/invoke/SerializedLambda$1 done


Dynamic libraries:
0x00007ff7d14a0000 - 0x00007ff7d14ad000 	C:\Users\Ivan\.jdks\corretto-17.0.6\bin\java.exe
0x00007ff8a0a70000 - 0x00007ff8a0c65000 	C:\Windows\SYSTEM32\ntdll.dll
0x00007ff89ef30000 - 0x00007ff89efee000 	C:\Windows\System32\KERNEL32.DLL
0x00007ff89e5a0000 - 0x00007ff89e868000 	C:\Windows\System32\KERNELBASE.dll
0x00007ff89e4a0000 - 0x00007ff89e5a0000 	C:\Windows\System32\ucrtbase.dll
0x00007ff8809d0000 - 0x00007ff8809e7000 	C:\Users\Ivan\.jdks\corretto-17.0.6\bin\jli.dll
0x00007ff87d950000 - 0x00007ff87d965000 	C:\Users\Ivan\.jdks\corretto-17.0.6\bin\VCRUNTIME140.dll
0x00007ff8a0680000 - 0x00007ff8a0820000 	C:\Windows\System32\USER32.dll
0x00007ff88b470000 - 0x00007ff88b70a000 	C:\Windows\WinSxS\amd64_microsoft.windows.common-controls_6595b64144ccf1df_6.0.19041.1110_none_60b5254171f9507e\COMCTL32.dll
0x00007ff89e470000 - 0x00007ff89e492000 	C:\Windows\System32\win32u.dll
0x00007ff89f970000 - 0x00007ff89fa0e000 	C:\Windows\System32\msvcrt.dll
0x00007ff89f940000 - 0x00007ff89f96a000 	C:\Windows\System32\GDI32.dll
0x00007ff89e190000 - 0x00007ff89e29b000 	C:\Windows\System32\gdi32full.dll
0x00007ff89ea30000 - 0x00007ff89eacd000 	C:\Windows\System32\msvcp_win.dll
0x00007ff8a08d0000 - 0x00007ff8a0900000 	C:\Windows\System32\IMM32.DLL
0x00007ff876bf0000 - 0x00007ff876c8b000 	C:\Users\Ivan\.jdks\corretto-17.0.6\bin\msvcp140.dll
0x00007ff84f490000 - 0x00007ff8500a8000 	C:\Users\Ivan\.jdks\corretto-17.0.6\bin\server\jvm.dll
0x00007ff89fb70000 - 0x00007ff89fc1e000 	C:\Windows\System32\ADVAPI32.dll
0x00007ff89f080000 - 0x00007ff89f11c000 	C:\Windows\System32\sechost.dll
0x00007ff8a0900000 - 0x00007ff8a0a25000 	C:\Windows\System32\RPCRT4.dll
0x00007ff890510000 - 0x00007ff890537000 	C:\Windows\SYSTEM32\WINMM.dll
0x00007ff8859a0000 - 0x00007ff8859a9000 	C:\Windows\SYSTEM32\WSOCK32.dll
0x00007ff898ea0000 - 0x00007ff898eaa000 	C:\Windows\SYSTEM32\VERSION.dll
0x00007ff89f120000 - 0x00007ff89f18b000 	C:\Windows\System32\WS2_32.dll
0x00007ff89c090000 - 0x00007ff89c0a2000 	C:\Windows\SYSTEM32\kernel.appcore.dll
0x00007ff8879f0000 - 0x00007ff8879fa000 	C:\Users\Ivan\.jdks\corretto-17.0.6\bin\jimage.dll
0x00007ff88d5b0000 - 0x00007ff88d794000 	C:\Windows\SYSTEM32\DBGHELP.DLL
0x00007ff883280000 - 0x00007ff8832ac000 	C:\Windows\SYSTEM32\dbgcore.DLL
0x00007ff89e870000 - 0x00007ff89e8f2000 	C:\Windows\System32\bcryptPrimitives.dll
0x00007ff87d5a0000 - 0x00007ff87d5c5000 	C:\Users\Ivan\.jdks\corretto-17.0.6\bin\java.dll
0x00007ff876b10000 - 0x00007ff876be6000 	C:\Users\Ivan\.jdks\corretto-17.0.6\bin\jsvml.dll
0x00007ff89ff30000 - 0x00007ff8a0674000 	C:\Windows\System32\SHELL32.dll
0x00007ff89c290000 - 0x00007ff89ca24000 	C:\Windows\SYSTEM32\windows.storage.dll
0x00007ff89ebd0000 - 0x00007ff89ef24000 	C:\Windows\System32\combase.dll
0x00007ff89db20000 - 0x00007ff89db4c000 	C:\Windows\SYSTEM32\Wldp.dll
0x00007ff8a0820000 - 0x00007ff8a08cd000 	C:\Windows\System32\SHCORE.dll
0x00007ff89f600000 - 0x00007ff89f655000 	C:\Windows\System32\shlwapi.dll
0x00007ff89e0d0000 - 0x00007ff89e0ef000 	C:\Windows\SYSTEM32\profapi.dll
0x00007ff87c2e0000 - 0x00007ff87c2f9000 	C:\Users\Ivan\.jdks\corretto-17.0.6\bin\net.dll
0x00007ff897b70000 - 0x00007ff897c7a000 	C:\Windows\SYSTEM32\WINHTTP.dll
0x00007ff89d900000 - 0x00007ff89d96a000 	C:\Windows\system32\mswsock.dll
0x00007ff87ab80000 - 0x00007ff87ab95000 	C:\Users\Ivan\.jdks\corretto-17.0.6\bin\nio.dll
0x00007ff87a980000 - 0x00007ff87a998000 	C:\Users\Ivan\.jdks\corretto-17.0.6\bin\zip.dll
0x00007ff884be0000 - 0x00007ff884bf0000 	C:\Users\Ivan\.jdks\corretto-17.0.6\bin\verify.dll
0x00007ff884150000 - 0x00007ff884177000 	C:\Users\Ivan\.gradle\native\68d5fa5c4cc2d200863cafc0d521ce42e7d3e7ee720ec0a83991735586a16f82\windows-amd64\native-platform.dll
0x00007ff870360000 - 0x00007ff8704a4000 	C:\Users\Ivan\.gradle\native\e376f236ea51e6404a007f0833ffe2c6e607c4080706a723a18a27aeea778392\windows-amd64\native-platform-file-events.dll
0x00007ff87d590000 - 0x00007ff87d599000 	C:\Users\Ivan\.jdks\corretto-17.0.6\bin\management.dll
0x00007ff87c9b0000 - 0x00007ff87c9bb000 	C:\Users\Ivan\.jdks\corretto-17.0.6\bin\management_ext.dll
0x00007ff89fa10000 - 0x00007ff89fa18000 	C:\Windows\System32\PSAPI.DLL
0x00007ff89db60000 - 0x00007ff89db78000 	C:\Windows\SYSTEM32\CRYPTSP.dll
0x00007ff89d230000 - 0x00007ff89d264000 	C:\Windows\system32\rsaenh.dll
0x00007ff89e9b0000 - 0x00007ff89e9d7000 	C:\Windows\System32\bcrypt.dll
0x00007ff89e050000 - 0x00007ff89e07e000 	C:\Windows\SYSTEM32\USERENV.dll
0x00007ff89da90000 - 0x00007ff89da9c000 	C:\Windows\SYSTEM32\CRYPTBASE.dll
0x00007ff89d5c0000 - 0x00007ff89d5fb000 	C:\Windows\SYSTEM32\IPHLPAPI.DLL
0x00007ff89fb50000 - 0x00007ff89fb58000 	C:\Windows\System32\NSI.dll
0x00007ff898e80000 - 0x00007ff898e97000 	C:\Windows\SYSTEM32\dhcpcsvc6.DLL
0x00007ff898e60000 - 0x00007ff898e7d000 	C:\Windows\SYSTEM32\dhcpcsvc.DLL
0x00007ff89d610000 - 0x00007ff89d6db000 	C:\Windows\SYSTEM32\DNSAPI.dll
0x00007ff89a0d0000 - 0x00007ff89a0de000 	C:\Users\Ivan\.jdks\corretto-17.0.6\bin\sunmscapi.dll
0x00007ff89e2a0000 - 0x00007ff89e3f6000 	C:\Windows\System32\CRYPT32.dll
0x00007ff89dc70000 - 0x00007ff89dc97000 	C:\Windows\SYSTEM32\ncrypt.dll
0x00007ff89dc30000 - 0x00007ff89dc6b000 	C:\Windows\SYSTEM32\NTASN1.dll
0x00007ff8857e0000 - 0x00007ff8857e7000 	C:\Windows\system32\wshunix.dll

dbghelp: loaded successfully - version: 4.0.5 - missing functions: none
symbol engine: initialized successfully - sym options: 0x614 - pdb path: .;C:\Users\Ivan\.jdks\corretto-17.0.6\bin;C:\Windows\SYSTEM32;C:\Windows\WinSxS\amd64_microsoft.windows.common-controls_6595b64144ccf1df_6.0.19041.1110_none_60b5254171f9507e;C:\Users\Ivan\.jdks\corretto-17.0.6\bin\server;C:\Users\Ivan\.gradle\native\68d5fa5c4cc2d200863cafc0d521ce42e7d3e7ee720ec0a83991735586a16f82\windows-amd64;C:\Users\Ivan\.gradle\native\e376f236ea51e6404a007f0833ffe2c6e607c4080706a723a18a27aeea778392\windows-amd64

VM Arguments:
jvm_args: --add-opens=java.base/java.util=ALL-UNNAMED --add-opens=java.base/java.lang=ALL-UNNAMED --add-opens=java.base/java.lang.invoke=ALL-UNNAMED --add-opens=java.prefs/java.util.prefs=ALL-UNNAMED --add-opens=java.base/java.nio.charset=ALL-UNNAMED --add-opens=java.base/java.net=ALL-UNNAMED --add-opens=java.base/java.util.concurrent.atomic=ALL-UNNAMED -Xmx2048m -Dfile.encoding=UTF-8 -Duser.country=US -Duser.language=en -Duser.variant 
java_command: org.gradle.launcher.daemon.bootstrap.GradleDaemon 8.0
java_class_path (initial): C:\Users\Ivan\.gradle\wrapper\dists\gradle-8.0-bin\ca5e32bp14vu59qr306oxotwh\gradle-8.0\lib\gradle-launcher-8.0.jar
Launcher Type: SUN_STANDARD

[Global flags]
     intx CICompilerCount                          = 12                                        {product} {ergonomic}
     uint ConcGCThreads                            = 3                                         {product} {ergonomic}
     uint G1ConcRefinementThreads                  = 13                                        {product} {ergonomic}
   size_t G1HeapRegionSize                         = 1048576                                   {product} {ergonomic}
    uintx GCDrainStackTargetSize                   = 64                                        {product} {ergonomic}
   size_t InitialHeapSize                          = 402653184                                 {product} {ergonomic}
   size_t MarkStackSize                            = 4194304                                   {product} {ergonomic}
   size_t MaxHeapSize                              = 2147483648                                {product} {command line}
   size_t MaxNewSize                               = 1287651328                                {product} {ergonomic}
   size_t MinHeapDeltaBytes                        = 1048576                                   {product} {ergonomic}
   size_t MinHeapSize                              = 8388608                                   {product} {ergonomic}
    uintx NonNMethodCodeHeapSize                   = 7602480                                {pd product} {ergonomic}
    uintx NonProfiledCodeHeapSize                  = 122027880                              {pd product} {ergonomic}
    uintx ProfiledCodeHeapSize                     = 122027880                              {pd product} {ergonomic}
    uintx ReservedCodeCacheSize                    = 251658240                              {pd product} {ergonomic}
     bool SegmentedCodeCache                       = true                                      {product} {ergonomic}
   size_t SoftMaxHeapSize                          = 2147483648                             {manageable} {ergonomic}
     bool UseCompressedClassPointers               = true                           {product lp64_product} {ergonomic}
     bool UseCompressedOops                        = true                           {product lp64_product} {ergonomic}
     bool UseG1GC                                  = true                                      {product} {ergonomic}
     bool UseLargePagesIndividualAllocation        = false                                  {pd product} {ergonomic}

Logging:
Log output configuration:
 #0: stdout all=warning uptime,level,tags
 #1: stderr all=off uptime,level,tags

Environment Variables:
JAVA_HOME=C:\Users\Ivan\.jdks\azul-17.0.5
PATH=C:\Program Files (x86)\VMware\VMware Workstation\bin\;C:\Program Files (x86)\NVIDIA Corporation\PhysX\Common;C:\Program Files\Microsoft\jdk-11.0.12.7-hotspot\bin;C:\Program Files\Amazon Corretto\jdk11.0.16_8\bin;C:\Windows\system32;C:\Windows;C:\Windows\System32\Wbem;C:\Windows\System32\WindowsPowerShell\v1.0\;C:\Windows\System32\OpenSSH\;C:\Program Files (x86)\Common Files\Acronis\SnapAPI\;C:\Program Files (x86)\Windows Kits\8.1\Windows Performance Toolkit\;C:\Users\Ivan\AppData\Local\Android\Sdk\platform-tools;C:\Program Files\SEGGER\JLink;C:\Program Files\dotnet\;C:\Program Files\Microsoft SQL Server\Client SDK\ODBC\170\Tools\Binn\;C:\Program Files\Android Game Development Extension\bin\;C:\Program Files (x86)\GtkSharp\2.12\bin;C:\Users\Ivan\AppData\Local\Programs\Python\Python310\Scripts\;C:\Users\Ivan\AppData\Local\Programs\Python\Python310\;C:\Users\Ivan\AppData\Local\Microsoft\WindowsApps;C:\Users\Ivan\.dotnet\tools;C:\Users\Ivan\AppData\Local\Android\Sdk\platform-tools;C:\Program Files\JetBrains\IntelliJ IDEA 2021.3\bin;C:\Users\Ivan\AppData\Local\gitkraken\bin;C:\Program Files\SEGGER\JLink;C:\Program Files\JetBrains\IntelliJ IDEA 2022.1.3\bin;C:\Program Files\JetBrains\GoLand 2022.2.2\bin;C:\Program Files\heroku\bin;C:\Users\Ivan\.dotnet\tools;C:\Users\Ivan\AppData\Local\Programs\Microsoft VS Code\bin;C:\Users\Ivan\go\bin;C:\Program Files\Common Files\Apple\Mobile Device Support\;C:\Program Files (x86)\Common Files\Apple\Apple Application Support;C:\Users\Ivan\AppData\Local\Programs\Python\Python310\Scripts\;C:\Users\Ivan\AppData\Local\Programs\Python\Python310\;C:\Users\Ivan\AppData\Local\Microsoft\WindowsApps;C:\Users\Ivan\.dotnet\tools;C:\Users\Ivan\AppData\Local\Android\Sdk\platform-tools;C:\Program Files\JetBrains\IntelliJ IDEA 2021.3\bin;C:\Users\Ivan\AppData\Local\gitkraken\bin;C:\Program Files\SEGGER\JLink;C:\Program Files\JetBrains\IntelliJ IDEA 2022.1.3\bin;C:\Program Files\JetBrains\GoLand 2022.2.2\bin;C:\Program Files\heroku\bin;C:\Users\Ivan\
USERNAME=Ivan
OS=Windows_NT
PROCESSOR_IDENTIFIER=AMD64 Family 23 Model 1 Stepping 1, AuthenticAMD
TMP=C:\Users\Ivan\AppData\Local\Temp
TEMP=C:\Users\Ivan\AppData\Local\Temp



---------------  S Y S T E M  ---------------

OS:
 Windows 10 , 64 bit Build 19041 (10.0.19041.1566)
OS uptime: 0 days 2:23 hours
Hyper-V role detected

CPU: total 16 (initial active 16) (16 cores per cpu, 2 threads per core) family 23 model 1 stepping 1 microcode 0x0, cx8, cmov, fxsr, ht, mmx, 3dnowpref, sse, sse2, sse3, ssse3, sse4a, sse4.1, sse4.2, popcnt, lzcnt, tsc, tscinvbit, avx, avx2, aes, clmul, bmi1, bmi2, adx, sha, fma, vzeroupper, clflush, clflushopt, hv

Memory: 4k page, system-wide physical 24499M (13884M free)
TotalPageFile size 26035M (AvailPageFile size 13698M)
current process WorkingSet (physical memory assigned to process): 314M, peak: 314M
current process commit charge ("private bytes"): 491M, peak: 617M

vm_info: OpenJDK 64-Bit Server VM (17.0.6+10-LTS) for windows-amd64 JRE (17.0.6+10-LTS), built on Jan 13 2023 22:57:04 by "Administrator" with MS VC++ 15.9 (VS2017)

END.
