#
# A fatal error has been detected by the Java Runtime Environment:
#
#  EXCEPTION_ACCESS_VIOLATION (0xc0000005) at pc=0x00007ff84f7ac327, pid=12788, tid=3028
#
# JRE version: OpenJDK Runtime Environment Corretto-17.0.6.10.1 (17.0.6+10) (build 17.0.6+10-LTS)
# Java VM: OpenJDK 64-Bit Server VM Corretto-17.0.6.10.1 (17.0.6+10-LTS, mixed mode, sharing, tiered, compressed oops, compressed class ptrs, g1 gc, windows-amd64)
# Problematic frame:
# V  [jvm.dll+0x31c327]
#
# No core dump will be written. Minidumps are not enabled by default on client versions of Windows
#
# If you would like to submit a bug report, please visit:
#   https://github.com/corretto/corretto-17/issues/
#

---------------  S U M M A R Y ------------

Command Line: --add-opens=java.base/java.util=ALL-UNNAMED --add-opens=java.base/java.lang=ALL-UNNAMED --add-opens=java.base/java.lang.invoke=ALL-UNNAMED --add-opens=java.prefs/java.util.prefs=ALL-UNNAMED --add-opens=java.base/java.nio.charset=ALL-UNNAMED --add-opens=java.base/java.net=ALL-UNNAMED --add-opens=java.base/java.util.concurrent.atomic=ALL-UNNAMED -Xmx2048m -Dfile.encoding=UTF-8 -Duser.country=US -Duser.language=en -Duser.variant org.gradle.launcher.daemon.bootstrap.GradleDaemon 8.0

Host: AMD Ryzen 7 1700X Eight-Core Processor         , 16 cores, 23G,  Windows 10 , 64 bit Build 19041 (10.0.19041.1566)
Time: Thu Apr 13 11:54:37 2023 RTZ 2 (s 10 , 64 bit Build 19041 (10.0.19041.1566) elapsed time: 5.054155 seconds (0d 0h 0m 5s)

---------------  T H R E A D  ---------------

Current thread (0x0000018399f351e0):  JavaThread "C2 CompilerThread3" daemon [_thread_in_native, id=3028, stack(0x00000076b0d00000,0x00000076b0e00000)]


Current CompileTask:
C2:   5054 5538       4       org.gradle.api.internal.attributes.DefaultMutableAttributeContainer::checkInsertionAllowed (125 bytes)

Stack: [0x00000076b0d00000,0x00000076b0e00000],  sp=0x00000076b0dfb870,  free space=1006k
Native frames: (J=compiled Java code, j=interpreted, Vv=VM code, C=native code)
V  [jvm.dll+0x31c327]
V  [jvm.dll+0x319967]
V  [jvm.dll+0x31910a]
V  [jvm.dll+0x209ca5]
V  [jvm.dll+0x209237]
V  [jvm.dll+0x19926d]
V  [jvm.dll+0x2185dd]
V  [jvm.dll+0x216824]
V  [jvm.dll+0x7b77bb]
V  [jvm.dll+0x7b1d6a]
V  [jvm.dll+0x64a265]
C  [ucrtbase.dll+0x21bb2]
C  [KERNEL32.DLL+0x17034]
C  [ntdll.dll+0x52651]


siginfo: EXCEPTION_ACCESS_VIOLATION (0xc0000005), reading address 0xffffffffffffffff


Register to memory mapping:

RIP=0x00007ff84f7ac327 jvm.dll
RAX=0x00007ff84f67d4b0 jvm.dll
RBX=0x00000000027cfe5f is an unknown value
RCX=0x00007ff84fd3dcb8 jvm.dll
RDX=0x00000183bc7a39cc points into unknown readable memory: 01 00 00 00
RSP=0x00000076b0dfb870 is pointing into the stack for thread: 0x0000018399f351e0
RBP=0x0 is NULL
RSI=0x0 is NULL
RDI=0x00007ff84fd3dcb8 jvm.dll
R8 =0x0000000000000001 is an unknown value
R9 =0x0 is NULL
R10=0x00000183b0899cb0 points into unknown readable memory: 0xffff7bfdffbfffdf | df ff bf ff fd 7b ff ff
R11=0x00000183b2864250 points into unknown readable memory: 0x0000000000000000 | 00 00 00 00 00 00 00 00
R12=0x00000183a65de370 points into unknown readable memory: 0x00000183b14191f8 | f8 91 41 b1 83 01 00 00
R13=0x00000076b0dfb978 is pointing into the stack for thread: 0x0000018399f351e0
R14=0x00000076b0dfbdb0 is pointing into the stack for thread: 0x0000018399f351e0
R15=0x00000000000000e7 is an unknown value


Registers:
RAX=0x00007ff84f67d4b0, RBX=0x00000000027cfe5f, RCX=0x00007ff84fd3dcb8, RDX=0x00000183bc7a39cc
RSP=0x00000076b0dfb870, RBP=0x0000000000000000, RSI=0x0000000000000000, RDI=0x00007ff84fd3dcb8
R8 =0x0000000000000001, R9 =0x0000000000000000, R10=0x00000183b0899cb0, R11=0x00000183b2864250
R12=0x00000183a65de370, R13=0x00000076b0dfb978, R14=0x00000076b0dfbdb0, R15=0x00000000000000e7
RIP=0x00007ff84f7ac327, EFLAGS=0x0000000000010246

Top of Stack: (sp=0x00000076b0dfb870)
0x00000076b0dfb870:   00000000027cfe5f 0000000000000000
0x00000076b0dfb880:   000000000000004f 00000183f7020000
0x00000076b0dfb890:   0000108d000000e7 00000183a65de370
0x00000076b0dfb8a0:   0000000000000000 00007ff84fc798f4
0x00000076b0dfb8b0:   000001839f869fc0 0000000000000000
0x00000076b0dfb8c0:   00000183b0c90678 00000183b0c8f2e0
0x00000076b0dfb8d0:   00000000000000aa 00007ff84f7a9967
0x00000076b0dfb8e0:   00000183b051e8a8 00000076b0dfbdb0
0x00000076b0dfb8f0:   00000076b0dfb9e0 0000000000000cd6
0x00000076b0dfb900:   0000000000010020 0000000000000000
0x00000076b0dfb910:   0000000006000006 0000000000000002
0x00000076b0dfb920:   0000000000001002 00007ff8ff00ff00
0x00000076b0dfb930:   00000183f7020000 00000183a3c00050
0x00000076b0dfb940:   0000000000010010 000000005a000e54
0x00000076b0dfb950:   0000000000000006 00000076b0dfb964
0x00000076b0dfb960:   0000000300007fe8 00007ff8ff00ff00 

Instructions: (pc=0x00007ff84f7ac327)
0x00007ff84f7ac227:   74 24 48 ba 08 00 00 00 8b 98 40 02 00 00 4c 8b
0x00007ff84f7ac237:   f1 2b 98 68 02 00 00 83 c3 08 4c 89 7c 24 40 8b
0x00007ff84f7ac247:   cb e8 e3 a4 01 00 c7 44 24 20 00 00 00 00 89 5c
0x00007ff84f7ac257:   24 24 48 89 44 24 28 85 db 7e 16 8b cb 48 85 c0
0x00007ff84f7ac267:   74 05 33 d2 48 89 10 48 83 c0 08 48 83 e9 01 75
0x00007ff84f7ac277:   ec 49 8b 46 10 48 8d 54 24 70 48 8d 4c 24 20 48
0x00007ff84f7ac287:   89 44 24 70 4c 89 64 24 58 48 c7 44 24 30 00 00
0x00007ff84f7ac297:   00 00 e8 72 eb cf ff 44 8b 7c 24 20 4c 8b 64 24
0x00007ff84f7ac2a7:   28 45 85 ff 0f 84 7e 02 00 00 48 89 ac 24 80 00
0x00007ff84f7ac2b7:   00 00 48 89 b4 24 88 00 00 00 48 89 7c 24 60 66
0x00007ff84f7ac2c7:   66 0f 1f 84 00 00 00 00 00 41 ff cf 49 63 c7 44
0x00007ff84f7ac2d7:   89 7c 24 20 49 8b 3c c4 8b 77 28 8b de c1 eb 05
0x00007ff84f7ac2e7:   41 3b 5d 00 72 0a 8b d3 49 8b cd e8 09 d6 4c 00
0x00007ff84f7ac2f7:   49 8b 45 08 83 e6 1f 48 8d 14 98 40 0f b6 ce 41
0x00007ff84f7ac307:   b8 01 00 00 00 41 d3 e0 8b 0a 8b c1 41 0b c0 89
0x00007ff84f7ac317:   02 41 85 c8 0f 85 f0 01 00 00 48 8b 07 48 8b cf
0x00007ff84f7ac327:   ff 90 a8 00 00 00 84 c0 74 65 8b 47 28 41 3b 46
0x00007ff84f7ac337:   68 73 0d 8b c8 49 8b 46 78 48 83 3c c8 00 75 4f
0x00007ff84f7ac347:   48 8b d7 49 8b ce e8 ce f3 ff ff 48 8b 47 08 48
0x00007ff84f7ac357:   8b 08 8b 51 2c 8b c2 24 3f 3c 20 75 09 48 8b 41
0x00007ff84f7ac367:   08 48 3b 08 eb 06 83 e2 0f 80 fa 09 0f 94 c0 84
0x00007ff84f7ac377:   c0 75 06 48 8b 41 08 eb d6 8b 41 28 48 8b d7 4d
0x00007ff84f7ac387:   8b 46 78 49 8b ce 4d 8b 04 c0 e8 2a fd ff ff 8b
0x00007ff84f7ac397:   77 1c 33 ed ff ce 3b 77 18 0f 82 2d 01 00 00 66
0x00007ff84f7ac3a7:   66 0f 1f 84 00 00 00 00 00 48 8b 5f 08 48 8b 1c
0x00007ff84f7ac3b7:   f3 48 85 db 0f 84 8e 00 00 00 48 8b 03 48 8b cb
0x00007ff84f7ac3c7:   ff 50 20 48 85 c0 75 58 8b 4b 2c 8b c1 24 3f 3c
0x00007ff84f7ac3d7:   20 75 09 48 8b 43 08 48 3b 18 eb 07 8b c1 83 e0
0x00007ff84f7ac3e7:   0f 3c 09 0f 94 c0 84 c0 75 36 80 e1 03 80 f9 02
0x00007ff84f7ac3f7:   75 13 48 8b 03 48 8b cb ff 90 48 01 00 00 3d 14
0x00007ff84f7ac407:   01 00 00 74 1b 8b 43 2c 24 0f 3c 08 75 3a 48 8b
0x00007ff84f7ac417:   03 48 8b cb ff 50 28 48 3b 05 a3 a1 85 00 75 28 


Stack slot to memory mapping:
stack at sp + 0 slots: 0x00000000027cfe5f is an unknown value
stack at sp + 1 slots: 0x0 is NULL
stack at sp + 2 slots: 0x000000000000004f is an unknown value
stack at sp + 3 slots: 0x00000183f7020000 points into unknown readable memory: 0x0000000000000000 | 00 00 00 00 00 00 00 00
stack at sp + 4 slots: 0x0000108d000000e7 is an unknown value
stack at sp + 5 slots: 0x00000183a65de370 points into unknown readable memory: 0x00000183b14191f8 | f8 91 41 b1 83 01 00 00
stack at sp + 6 slots: 0x0 is NULL
stack at sp + 7 slots: 0x00007ff84fc798f4 jvm.dll


---------------  P R O C E S S  ---------------

Threads class SMR info:
_java_thread_list=0x00000183aaeb1670, length=45, elements={
0x00000183f91a8a90, 0x00000183ff6d2b40, 0x00000183ff6d38c0, 0x00000183ff770fa0,
0x00000183ff774880, 0x00000183ff775140, 0x00000183ff775c10, 0x00000183ff776e10,
0x00000183ff77bee0, 0x00000183ff791000, 0x00000183ff89e0c0, 0x00000183ff8b4ec0,
0x00000183ff8b3b80, 0x00000183ff9ebb70, 0x00000183ffa7a750, 0x000001839a432e20,
0x000001839a52e4c0, 0x00000183ff8b66d0, 0x00000183ff8b6ba0, 0x00000183ff8b49f0,
0x00000183ff8b6200, 0x00000183ff8b36b0, 0x00000183ff8b4050, 0x00000183ff8b5390,
0x00000183ff8b5d30, 0x00000183ff8b4520, 0x000001839b1a1360, 0x000001839b19f1b0,
0x000001839b19e810, 0x000001839b1a09c0, 0x000001839b19ece0, 0x000001839b1a1d00,
0x000001839b19f680, 0x000001839b1a0020, 0x000001839b1a04f0, 0x000001839b19e340,
0x00000183a1484990, 0x00000183a14874e0, 0x0000018399f351e0, 0x0000018399f32e70,
0x0000018399f356f0, 0x0000018399f33890, 0x00000183a14827e0, 0x00000183a14861a0,
0x00000183a1488350
}

Java Threads: ( => current thread )
  0x00000183f91a8a90 JavaThread "main" [_thread_blocked, id=12444, stack(0x00000076ad200000,0x00000076ad300000)]
  0x00000183ff6d2b40 JavaThread "Reference Handler" daemon [_thread_blocked, id=12616, stack(0x00000076ad900000,0x00000076ada00000)]
  0x00000183ff6d38c0 JavaThread "Finalizer" daemon [_thread_blocked, id=12792, stack(0x00000076ada00000,0x00000076adb00000)]
  0x00000183ff770fa0 JavaThread "Signal Dispatcher" daemon [_thread_blocked, id=12624, stack(0x00000076adb00000,0x00000076adc00000)]
  0x00000183ff774880 JavaThread "Attach Listener" daemon [_thread_blocked, id=12424, stack(0x00000076adc00000,0x00000076add00000)]
  0x00000183ff775140 JavaThread "Service Thread" daemon [_thread_blocked, id=12712, stack(0x00000076add00000,0x00000076ade00000)]
  0x00000183ff775c10 JavaThread "Monitor Deflation Thread" daemon [_thread_blocked, id=12524, stack(0x00000076ade00000,0x00000076adf00000)]
  0x00000183ff776e10 JavaThread "C2 CompilerThread0" daemon [_thread_in_native, id=12920, stack(0x00000076adf00000,0x00000076ae000000)]
  0x00000183ff77bee0 JavaThread "C1 CompilerThread0" daemon [_thread_blocked, id=12856, stack(0x00000076ae000000,0x00000076ae100000)]
  0x00000183ff791000 JavaThread "Sweeper thread" daemon [_thread_blocked, id=12532, stack(0x00000076ae100000,0x00000076ae200000)]
  0x00000183ff89e0c0 JavaThread "C1 CompilerThread1" daemon [_thread_blocked, id=12492, stack(0x00000076ae200000,0x00000076ae300000)]
  0x00000183ff8b4ec0 JavaThread "Common-Cleaner" daemon [_thread_blocked, id=12732, stack(0x00000076ae300000,0x00000076ae400000)]
  0x00000183ff8b3b80 JavaThread "Notification Thread" daemon [_thread_blocked, id=12372, stack(0x00000076ae400000,0x00000076ae500000)]
  0x00000183ff9ebb70 JavaThread "C2 CompilerThread1" daemon [_thread_in_native, id=12508, stack(0x00000076ae600000,0x00000076ae700000)]
  0x00000183ffa7a750 JavaThread "C2 CompilerThread2" daemon [_thread_in_native, id=12960, stack(0x00000076ae700000,0x00000076ae800000)]
  0x000001839a432e20 JavaThread "C1 CompilerThread2" daemon [_thread_blocked, id=12908, stack(0x00000076aea00000,0x00000076aeb00000)]
  0x000001839a52e4c0 JavaThread "C1 CompilerThread3" daemon [_thread_blocked, id=12440, stack(0x00000076aeb00000,0x00000076aec00000)]
  0x00000183ff8b66d0 JavaThread "Daemon health stats" [_thread_blocked, id=6340, stack(0x00000076af400000,0x00000076af500000)]
  0x00000183ff8b6ba0 JavaThread "Incoming local TCP Connector on port 51111" [_thread_in_native, id=12032, stack(0x00000076af500000,0x00000076af600000)]
  0x00000183ff8b49f0 JavaThread "Daemon periodic checks" [_thread_blocked, id=3636, stack(0x00000076af600000,0x00000076af700000)]
  0x00000183ff8b6200 JavaThread "Daemon" [_thread_blocked, id=10976, stack(0x00000076af700000,0x00000076af800000)]
  0x00000183ff8b36b0 JavaThread "Handler for socket connection from /127.0.0.1:51111 to /127.0.0.1:51112" [_thread_in_native, id=3684, stack(0x00000076af800000,0x00000076af900000)]
  0x00000183ff8b4050 JavaThread "Cancel handler" [_thread_blocked, id=7784, stack(0x00000076af900000,0x00000076afa00000)]
  0x00000183ff8b5390 JavaThread "Daemon worker" [_thread_in_vm, id=6100, stack(0x00000076afa00000,0x00000076afb00000)]
  0x00000183ff8b5d30 JavaThread "Asynchronous log dispatcher for DefaultDaemonConnection: socket connection from /127.0.0.1:51111 to /127.0.0.1:51112" [_thread_blocked, id=6584, stack(0x00000076afb00000,0x00000076afc00000)]
  0x00000183ff8b4520 JavaThread "Stdin handler" [_thread_blocked, id=3540, stack(0x00000076afc00000,0x00000076afd00000)]
  0x000001839b1a1360 JavaThread "Daemon client event forwarder" [_thread_blocked, id=6572, stack(0x00000076afd00000,0x00000076afe00000)]
  0x000001839b19f1b0 JavaThread "Cache worker for journal cache (C:\Users\Ivan\.gradle\caches\journal-1)" [_thread_blocked, id=3628, stack(0x00000076afe00000,0x00000076aff00000)]
  0x000001839b19e810 JavaThread "File lock request listener" [_thread_in_native, id=4996, stack(0x00000076aff00000,0x00000076b0000000)]
  0x000001839b1a09c0 JavaThread "Cache worker for file hash cache (C:\Users\Ivan\.gradle\caches\8.0\fileHashes)" [_thread_blocked, id=13008, stack(0x00000076b0000000,0x00000076b0100000)]
  0x000001839b19ece0 JavaThread "Cache worker for file hash cache (D:\Dropbox\Android\GeneratorAndroid\samples\generator2\.gradle\8.0\fileHashes)" [_thread_blocked, id=1556, stack(0x00000076b0100000,0x00000076b0200000)]
  0x000001839b1a1d00 JavaThread "Cache worker for file content cache (C:\Users\Ivan\.gradle\caches\8.0\fileContent)" [_thread_blocked, id=4104, stack(0x00000076ae900000,0x00000076aea00000)]
  0x000001839b19f680 JavaThread "Cache worker for checksums cache (D:\Dropbox\Android\GeneratorAndroid\samples\generator2\.gradle\8.0\checksums)" [_thread_blocked, id=8704, stack(0x00000076b0800000,0x00000076b0900000)]
  0x000001839b1a0020 JavaThread "File watcher server" daemon [_thread_in_native, id=11476, stack(0x00000076ae800000,0x00000076ae900000)]
  0x000001839b1a04f0 JavaThread "File watcher consumer" daemon [_thread_blocked, id=6296, stack(0x00000076b0900000,0x00000076b0a00000)]
  0x000001839b19e340 JavaThread "Cache worker for cache directory md-rule (C:\Users\Ivan\.gradle\caches\8.0\md-rule)" [_thread_blocked, id=9208, stack(0x00000076b0a00000,0x00000076b0b00000)]
  0x00000183a1484990 JavaThread "Cache worker for cache directory md-supplier (C:\Users\Ivan\.gradle\caches\8.0\md-supplier)" [_thread_blocked, id=9204, stack(0x00000076b0b00000,0x00000076b0c00000)]
  0x00000183a14874e0 JavaThread "Cache worker for execution history cache (C:\Users\Ivan\.gradle\caches\8.0\executionHistory)" [_thread_blocked, id=8304, stack(0x00000076b0c00000,0x00000076b0d00000)]
=>0x0000018399f351e0 JavaThread "C2 CompilerThread3" daemon [_thread_in_native, id=3028, stack(0x00000076b0d00000,0x00000076b0e00000)]
  0x0000018399f32e70 JavaThread "C2 CompilerThread4" daemon [_thread_in_native, id=11328, stack(0x00000076b0e00000,0x00000076b0f00000)]
  0x0000018399f356f0 JavaThread "C2 CompilerThread5" daemon [_thread_in_native, id=10824, stack(0x00000076b0f00000,0x00000076b1000000)]
  0x0000018399f33890 JavaThread "C2 CompilerThread6" daemon [_thread_in_native, id=5988, stack(0x00000076b1000000,0x00000076b1100000)]
  0x00000183a14827e0 JavaThread "build event listener" [_thread_blocked, id=13228, stack(0x00000076b1100000,0x00000076b1200000)]
  0x00000183a14861a0 JavaThread "Cache worker for Build Output Cleanup Cache (D:\Dropbox\Android\GeneratorAndroid\samples\generator2\.gradle\buildOutputCleanup)" [_thread_blocked, id=6808, stack(0x00000076b1200000,0x00000076b1300000)]
  0x00000183a1488350 JavaThread "Memory manager" [_thread_blocked, id=7724, stack(0x00000076b1300000,0x00000076b1400000)]

Other Threads:
  0x00000183ff6cc010 VMThread "VM Thread" [stack: 0x00000076ad800000,0x00000076ad900000] [id=12904]
  0x00000183ff8ba410 WatcherThread [stack: 0x00000076ae500000,0x00000076ae600000] [id=12472]
  0x00000183f9208a30 GCTaskThread "GC Thread#0" [stack: 0x00000076ad300000,0x00000076ad400000] [id=12988]
  0x000001839a057600 GCTaskThread "GC Thread#1" [stack: 0x00000076aec00000,0x00000076aed00000] [id=7532]
  0x000001839a0578b0 GCTaskThread "GC Thread#2" [stack: 0x00000076aed00000,0x00000076aee00000] [id=4904]
  0x000001839a438680 GCTaskThread "GC Thread#3" [stack: 0x00000076aee00000,0x00000076aef00000] [id=3084]
  0x0000018399641fb0 GCTaskThread "GC Thread#4" [stack: 0x00000076aef00000,0x00000076af000000] [id=4752]
  0x0000018399642d20 GCTaskThread "GC Thread#5" [stack: 0x00000076af000000,0x00000076af100000] [id=12112]
  0x0000018399642fd0 GCTaskThread "GC Thread#6" [stack: 0x00000076af100000,0x00000076af200000] [id=9260]
  0x0000018399643280 GCTaskThread "GC Thread#7" [stack: 0x00000076af200000,0x00000076af300000] [id=5664]
  0x0000018399641d00 GCTaskThread "GC Thread#8" [stack: 0x00000076af300000,0x00000076af400000] [id=2340]
  0x00000183a1e201e0 GCTaskThread "GC Thread#9" [stack: 0x00000076b0200000,0x00000076b0300000] [id=3884]
  0x00000183a1e209f0 GCTaskThread "GC Thread#10" [stack: 0x00000076b0300000,0x00000076b0400000] [id=2164]
  0x00000183a1e1ff30 GCTaskThread "GC Thread#11" [stack: 0x00000076b0400000,0x00000076b0500000] [id=5216]
  0x00000183a1e20490 GCTaskThread "GC Thread#12" [stack: 0x00000076b0500000,0x00000076b0600000] [id=6304]
  0x00000183f921bea0 ConcurrentGCThread "G1 Main Marker" [stack: 0x00000076ad400000,0x00000076ad500000] [id=12936]
  0x00000183f921e010 ConcurrentGCThread "G1 Conc#0" [stack: 0x00000076ad500000,0x00000076ad600000] [id=12984]
  0x00000183a1e1e9b0 ConcurrentGCThread "G1 Conc#1" [stack: 0x00000076b0600000,0x00000076b0700000] [id=5044]
  0x00000183a1e20f50 ConcurrentGCThread "G1 Conc#2" [stack: 0x00000076b0700000,0x00000076b0800000] [id=1924]
  0x00000183f927e4f0 ConcurrentGCThread "G1 Refine#0" [stack: 0x00000076ad600000,0x00000076ad700000] [id=12972]
  0x00000183ff5c6a70 ConcurrentGCThread "G1 Service" [stack: 0x00000076ad700000,0x00000076ad800000] [id=12388]

Threads with active compile tasks:
C2 CompilerThread0     5094 5578       4       org.gradle.api.internal.attributes.DefaultMutableAttributeContainer::attribute (13 bytes)
C2 CompilerThread1     5094 5518   !   4       org.gradle.configurationcache.serialization.codecs.BeanCodec::decode (473 bytes)
C2 CompilerThread2     5094 1177       4       java.util.zip.ZipFile$Source::initCEN (591 bytes)
C2 CompilerThread3     5095 5538       4       org.gradle.api.internal.attributes.DefaultMutableAttributeContainer::checkInsertionAllowed (125 bytes)
C2 CompilerThread4     5095 5579       4       org.gradle.api.internal.attributes.DefaultMutableAttributeContainer::doInsertion (39 bytes)
C2 CompilerThread5     5095 5641 %     4       org.gradle.internal.instantiation.generator.AbstractClassGenerator::inspectType @ 107 (560 bytes)
C2 CompilerThread6     5095 5583       4       org.gradle.api.internal.attributes.DefaultImmutableAttributesFactory::concat (12 bytes)

VM state: not at safepoint (normal execution)

VM Mutex/Monitor currently owned by a thread: None

Heap address: 0x0000000080000000, size: 2048 MB, Compressed Oops mode: 32-bit

CDS archive(s) mapped at: [0x0000000800000000-0x0000000800bc0000-0x0000000800bc0000), size 12320768, SharedBaseAddress: 0x0000000800000000, ArchiveRelocationMode: 0.
Compressed class space mapped at: 0x0000000800c00000-0x0000000840c00000, reserved size: 1073741824
Narrow klass base: 0x0000000800000000, Narrow klass shift: 0, Narrow klass range: 0x100000000

GC Precious Log:
 CPUs: 16 total, 16 available
 Memory: 24499M
 Large Page Support: Disabled
 NUMA Support: Disabled
 Compressed Oops: Enabled (32-bit)
 Heap Region Size: 1M
 Heap Min Capacity: 8M
 Heap Initial Capacity: 384M
 Heap Max Capacity: 2G
 Pre-touch: Disabled
 Parallel Workers: 13
 Concurrent Workers: 3
 Concurrent Refinement Workers: 13
 Periodic GC: Disabled

Heap:
 garbage-first heap   total 237568K, used 54246K [0x0000000080000000, 0x0000000100000000)
  region size 1024K, 13 young (13312K), 12 survivors (12288K)
 Metaspace       used 44418K, committed 44992K, reserved 1089536K
  class space    used 6117K, committed 6400K, reserved 1048576K

Heap Regions: E=young(eden), S=young(survivor), O=old, HS=humongous(starts), HC=humongous(continues), CS=collection set, F=free, OA=open archive, CA=closed archive, TAMS=top-at-mark-start (previous, next)
|   0|0x0000000080000000, 0x0000000080100000, 0x0000000080100000|100%|HS|  |TAMS 0x0000000080100000, 0x0000000080100000| Complete 
|   1|0x0000000080100000, 0x0000000080200000, 0x0000000080200000|100%|HC|  |TAMS 0x0000000080200000, 0x0000000080200000| Complete 
|   2|0x0000000080200000, 0x0000000080300000, 0x0000000080300000|100%|HC|  |TAMS 0x0000000080300000, 0x0000000080300000| Complete 
|   3|0x0000000080300000, 0x0000000080400000, 0x0000000080400000|100%|HC|  |TAMS 0x0000000080400000, 0x0000000080400000| Complete 
|   4|0x0000000080400000, 0x0000000080500000, 0x0000000080500000|100%| O|  |TAMS 0x0000000080500000, 0x0000000080500000| Untracked 
|   5|0x0000000080500000, 0x0000000080600000, 0x0000000080600000|100%| O|  |TAMS 0x0000000080600000, 0x0000000080600000| Untracked 
|   6|0x0000000080600000, 0x0000000080700000, 0x0000000080700000|100%| O|  |TAMS 0x0000000080700000, 0x0000000080700000| Untracked 
|   7|0x0000000080700000, 0x0000000080800000, 0x0000000080800000|100%| O|  |TAMS 0x0000000080800000, 0x0000000080800000| Untracked 
|   8|0x0000000080800000, 0x0000000080900000, 0x0000000080900000|100%| O|  |TAMS 0x0000000080900000, 0x0000000080900000| Untracked 
|   9|0x0000000080900000, 0x0000000080a00000, 0x0000000080a00000|100%| O|  |TAMS 0x0000000080a00000, 0x0000000080a00000| Untracked 
|  10|0x0000000080a00000, 0x0000000080b00000, 0x0000000080b00000|100%| O|  |TAMS 0x0000000080b00000, 0x0000000080b00000| Untracked 
|  11|0x0000000080b00000, 0x0000000080b1f200, 0x0000000080c00000| 12%| O|  |TAMS 0x0000000080b1f200, 0x0000000080b1f200| Untracked 
|  12|0x0000000080c00000, 0x0000000080d00000, 0x0000000080d00000|100%| O|  |TAMS 0x0000000080d00000, 0x0000000080d00000| Untracked 
|  13|0x0000000080d00000, 0x0000000080e00000, 0x0000000080e00000|100%| O|  |TAMS 0x0000000080e00000, 0x0000000080e00000| Untracked 
|  14|0x0000000080e00000, 0x0000000080f00000, 0x0000000080f00000|100%| O|  |TAMS 0x0000000080f00000, 0x0000000080f00000| Untracked 
|  15|0x0000000080f00000, 0x0000000081000000, 0x0000000081000000|100%| O|  |TAMS 0x0000000081000000, 0x0000000081000000| Untracked 
|  16|0x0000000081000000, 0x0000000081100000, 0x0000000081100000|100%| O|  |TAMS 0x0000000081100000, 0x0000000081100000| Untracked 
|  17|0x0000000081100000, 0x0000000081200000, 0x0000000081200000|100%| O|  |TAMS 0x0000000081200000, 0x0000000081200000| Untracked 
|  18|0x0000000081200000, 0x0000000081300000, 0x0000000081300000|100%| O|  |TAMS 0x0000000081300000, 0x0000000081300000| Untracked 
|  19|0x0000000081300000, 0x0000000081400000, 0x0000000081400000|100%| O|  |TAMS 0x0000000081400000, 0x0000000081400000| Untracked 
|  20|0x0000000081400000, 0x0000000081500000, 0x0000000081500000|100%| O|  |TAMS 0x0000000081500000, 0x0000000081500000| Untracked 
|  21|0x0000000081500000, 0x0000000081600000, 0x0000000081600000|100%| O|  |TAMS 0x0000000081600000, 0x0000000081600000| Untracked 
|  22|0x0000000081600000, 0x0000000081700000, 0x0000000081700000|100%| O|  |TAMS 0x0000000081700000, 0x0000000081700000| Untracked 
|  23|0x0000000081700000, 0x0000000081800000, 0x0000000081800000|100%| O|  |TAMS 0x0000000081800000, 0x0000000081800000| Untracked 
|  24|0x0000000081800000, 0x0000000081900000, 0x0000000081900000|100%| O|  |TAMS 0x0000000081900000, 0x0000000081900000| Untracked 
|  25|0x0000000081900000, 0x0000000081a00000, 0x0000000081a00000|100%| O|  |TAMS 0x0000000081a00000, 0x0000000081a00000| Untracked 
|  26|0x0000000081a00000, 0x0000000081b00000, 0x0000000081b00000|100%| O|  |TAMS 0x0000000081b00000, 0x0000000081b00000| Untracked 
|  27|0x0000000081b00000, 0x0000000081c00000, 0x0000000081c00000|100%| O|  |TAMS 0x0000000081b76000, 0x0000000081c00000| Untracked 
|  28|0x0000000081c00000, 0x0000000081d00000, 0x0000000081d00000|100%|HS|  |TAMS 0x0000000081d00000, 0x0000000081d00000| Complete 
|  29|0x0000000081d00000, 0x0000000081e00000, 0x0000000081e00000|100%|HC|  |TAMS 0x0000000081e00000, 0x0000000081e00000| Complete 
|  30|0x0000000081e00000, 0x0000000081f00000, 0x0000000081f00000|100%|HS|  |TAMS 0x0000000081f00000, 0x0000000081f00000| Complete 
|  31|0x0000000081f00000, 0x0000000082000000, 0x0000000082000000|100%| O|  |TAMS 0x0000000081f00000, 0x0000000082000000| Untracked 
|  32|0x0000000082000000, 0x0000000082100000, 0x0000000082100000|100%| O|  |TAMS 0x0000000082000000, 0x0000000082100000| Untracked 
|  33|0x0000000082100000, 0x0000000082200000, 0x0000000082200000|100%| O|  |TAMS 0x0000000082100000, 0x0000000082200000| Untracked 
|  34|0x0000000082200000, 0x0000000082300000, 0x0000000082300000|100%| O|  |TAMS 0x0000000082200000, 0x0000000082300000| Untracked 
|  35|0x0000000082300000, 0x0000000082400000, 0x0000000082400000|100%| O|  |TAMS 0x0000000082300000, 0x00000000823b9400| Untracked 
|  36|0x0000000082400000, 0x0000000082500000, 0x0000000082500000|100%|HS|  |TAMS 0x0000000082400000, 0x0000000082500000| Complete 
|  37|0x0000000082500000, 0x0000000082600000, 0x0000000082600000|100%|HS|  |TAMS 0x0000000082500000, 0x0000000082500000| Complete 
|  38|0x0000000082600000, 0x0000000082700000, 0x0000000082700000|100%|HC|  |TAMS 0x0000000082600000, 0x0000000082600000| Complete 
|  39|0x0000000082700000, 0x0000000082800000, 0x0000000082800000|100%|HC|  |TAMS 0x0000000082700000, 0x0000000082700000| Complete 
|  40|0x0000000082800000, 0x0000000082900000, 0x0000000082900000|100%|HC|  |TAMS 0x0000000082800000, 0x0000000082800000| Complete 
|  41|0x0000000082900000, 0x0000000082900000, 0x0000000082a00000|  0%| F|  |TAMS 0x0000000082900000, 0x0000000082900000| Untracked 
|  42|0x0000000082a00000, 0x0000000082ada600, 0x0000000082b00000| 85%| O|  |TAMS 0x0000000082a00000, 0x0000000082a00000| Untracked 
|  43|0x0000000082b00000, 0x0000000082b00000, 0x0000000082c00000|  0%| F|  |TAMS 0x0000000082b00000, 0x0000000082b00000| Untracked 
|  44|0x0000000082c00000, 0x0000000082c00000, 0x0000000082d00000|  0%| F|  |TAMS 0x0000000082c00000, 0x0000000082c00000| Untracked 
|  45|0x0000000082d00000, 0x0000000082d00000, 0x0000000082e00000|  0%| F|  |TAMS 0x0000000082d00000, 0x0000000082d00000| Untracked 
|  46|0x0000000082e00000, 0x0000000082e00000, 0x0000000082f00000|  0%| F|  |TAMS 0x0000000082e00000, 0x0000000082e00000| Untracked 
|  47|0x0000000082f00000, 0x0000000082f00000, 0x0000000083000000|  0%| F|  |TAMS 0x0000000082f00000, 0x0000000082f00000| Untracked 
|  48|0x0000000083000000, 0x0000000083000000, 0x0000000083100000|  0%| F|  |TAMS 0x0000000083000000, 0x0000000083000000| Untracked 
|  49|0x0000000083100000, 0x0000000083100000, 0x0000000083200000|  0%| F|  |TAMS 0x0000000083100000, 0x0000000083100000| Untracked 
|  50|0x0000000083200000, 0x0000000083200000, 0x0000000083300000|  0%| F|  |TAMS 0x0000000083200000, 0x0000000083200000| Untracked 
|  51|0x0000000083300000, 0x0000000083300000, 0x0000000083400000|  0%| F|  |TAMS 0x0000000083300000, 0x0000000083300000| Untracked 
|  52|0x0000000083400000, 0x0000000083400000, 0x0000000083500000|  0%| F|  |TAMS 0x0000000083400000, 0x0000000083400000| Untracked 
|  53|0x0000000083500000, 0x0000000083500000, 0x0000000083600000|  0%| F|  |TAMS 0x0000000083500000, 0x0000000083500000| Untracked 
|  54|0x0000000083600000, 0x0000000083600000, 0x0000000083700000|  0%| F|  |TAMS 0x0000000083600000, 0x0000000083600000| Untracked 
|  55|0x0000000083700000, 0x0000000083700000, 0x0000000083800000|  0%| F|  |TAMS 0x0000000083700000, 0x0000000083700000| Untracked 
|  56|0x0000000083800000, 0x0000000083800000, 0x0000000083900000|  0%| F|  |TAMS 0x0000000083800000, 0x0000000083800000| Untracked 
|  57|0x0000000083900000, 0x0000000083900000, 0x0000000083a00000|  0%| F|  |TAMS 0x0000000083900000, 0x0000000083900000| Untracked 
|  58|0x0000000083a00000, 0x0000000083a00000, 0x0000000083b00000|  0%| F|  |TAMS 0x0000000083a00000, 0x0000000083a00000| Untracked 
|  59|0x0000000083b00000, 0x0000000083b00000, 0x0000000083c00000|  0%| F|  |TAMS 0x0000000083b00000, 0x0000000083b00000| Untracked 
|  60|0x0000000083c00000, 0x0000000083c00000, 0x0000000083d00000|  0%| F|  |TAMS 0x0000000083c00000, 0x0000000083c00000| Untracked 
|  61|0x0000000083d00000, 0x0000000083d00000, 0x0000000083e00000|  0%| F|  |TAMS 0x0000000083d00000, 0x0000000083d00000| Untracked 
|  62|0x0000000083e00000, 0x0000000083e00000, 0x0000000083f00000|  0%| F|  |TAMS 0x0000000083e00000, 0x0000000083e00000| Untracked 
|  63|0x0000000083f00000, 0x0000000083f00000, 0x0000000084000000|  0%| F|  |TAMS 0x0000000083f00000, 0x0000000083f00000| Untracked 
|  64|0x0000000084000000, 0x0000000084000000, 0x0000000084100000|  0%| F|  |TAMS 0x0000000084000000, 0x0000000084000000| Untracked 
|  65|0x0000000084100000, 0x0000000084100000, 0x0000000084200000|  0%| F|  |TAMS 0x0000000084100000, 0x0000000084100000| Untracked 
|  66|0x0000000084200000, 0x0000000084200000, 0x0000000084300000|  0%| F|  |TAMS 0x0000000084200000, 0x0000000084200000| Untracked 
|  67|0x0000000084300000, 0x0000000084300000, 0x0000000084400000|  0%| F|  |TAMS 0x0000000084300000, 0x0000000084300000| Untracked 
|  68|0x0000000084400000, 0x0000000084400000, 0x0000000084500000|  0%| F|  |TAMS 0x0000000084400000, 0x0000000084400000| Untracked 
|  69|0x0000000084500000, 0x0000000084500000, 0x0000000084600000|  0%| F|  |TAMS 0x0000000084500000, 0x0000000084500000| Untracked 
|  70|0x0000000084600000, 0x0000000084600000, 0x0000000084700000|  0%| F|  |TAMS 0x0000000084600000, 0x0000000084600000| Untracked 
|  71|0x0000000084700000, 0x0000000084700000, 0x0000000084800000|  0%| F|  |TAMS 0x0000000084700000, 0x0000000084700000| Untracked 
|  72|0x0000000084800000, 0x0000000084800000, 0x0000000084900000|  0%| F|  |TAMS 0x0000000084800000, 0x0000000084800000| Untracked 
|  73|0x0000000084900000, 0x0000000084900000, 0x0000000084a00000|  0%| F|  |TAMS 0x0000000084900000, 0x0000000084900000| Untracked 
|  74|0x0000000084a00000, 0x0000000084a00000, 0x0000000084b00000|  0%| F|  |TAMS 0x0000000084a00000, 0x0000000084a00000| Untracked 
|  75|0x0000000084b00000, 0x0000000084b00000, 0x0000000084c00000|  0%| F|  |TAMS 0x0000000084b00000, 0x0000000084b00000| Untracked 
|  76|0x0000000084c00000, 0x0000000084c00000, 0x0000000084d00000|  0%| F|  |TAMS 0x0000000084c00000, 0x0000000084c00000| Untracked 
|  77|0x0000000084d00000, 0x0000000084d00000, 0x0000000084e00000|  0%| F|  |TAMS 0x0000000084d00000, 0x0000000084d00000| Untracked 
|  78|0x0000000084e00000, 0x0000000084e00000, 0x0000000084f00000|  0%| F|  |TAMS 0x0000000084e00000, 0x0000000084e00000| Untracked 
|  79|0x0000000084f00000, 0x0000000084f00000, 0x0000000085000000|  0%| F|  |TAMS 0x0000000084f00000, 0x0000000084f00000| Untracked 
|  80|0x0000000085000000, 0x0000000085000000, 0x0000000085100000|  0%| F|  |TAMS 0x0000000085000000, 0x0000000085000000| Untracked 
|  81|0x0000000085100000, 0x0000000085100000, 0x0000000085200000|  0%| F|  |TAMS 0x0000000085100000, 0x0000000085100000| Untracked 
|  82|0x0000000085200000, 0x0000000085200000, 0x0000000085300000|  0%| F|  |TAMS 0x0000000085200000, 0x0000000085200000| Untracked 
|  83|0x0000000085300000, 0x0000000085300000, 0x0000000085400000|  0%| F|  |TAMS 0x0000000085300000, 0x0000000085300000| Untracked 
|  84|0x0000000085400000, 0x0000000085400000, 0x0000000085500000|  0%| F|  |TAMS 0x0000000085400000, 0x0000000085400000| Untracked 
|  85|0x0000000085500000, 0x0000000085500000, 0x0000000085600000|  0%| F|  |TAMS 0x0000000085500000, 0x0000000085500000| Untracked 
|  86|0x0000000085600000, 0x0000000085600000, 0x0000000085700000|  0%| F|  |TAMS 0x0000000085600000, 0x0000000085600000| Untracked 
|  87|0x0000000085700000, 0x0000000085700000, 0x0000000085800000|  0%| F|  |TAMS 0x0000000085700000, 0x0000000085700000| Untracked 
|  88|0x0000000085800000, 0x0000000085800000, 0x0000000085900000|  0%| F|  |TAMS 0x0000000085800000, 0x0000000085800000| Untracked 
|  89|0x0000000085900000, 0x0000000085900000, 0x0000000085a00000|  0%| F|  |TAMS 0x0000000085900000, 0x0000000085900000| Untracked 
|  90|0x0000000085a00000, 0x0000000085a00000, 0x0000000085b00000|  0%| F|  |TAMS 0x0000000085a00000, 0x0000000085a00000| Untracked 
|  91|0x0000000085b00000, 0x0000000085b00000, 0x0000000085c00000|  0%| F|  |TAMS 0x0000000085b00000, 0x0000000085b00000| Untracked 
|  92|0x0000000085c00000, 0x0000000085c00000, 0x0000000085d00000|  0%| F|  |TAMS 0x0000000085c00000, 0x0000000085c00000| Untracked 
|  93|0x0000000085d00000, 0x0000000085d00000, 0x0000000085e00000|  0%| F|  |TAMS 0x0000000085d00000, 0x0000000085d00000| Untracked 
|  94|0x0000000085e00000, 0x0000000085e00000, 0x0000000085f00000|  0%| F|  |TAMS 0x0000000085e00000, 0x0000000085e00000| Untracked 
|  95|0x0000000085f00000, 0x0000000085f00000, 0x0000000086000000|  0%| F|  |TAMS 0x0000000085f00000, 0x0000000085f00000| Untracked 
|  96|0x0000000086000000, 0x0000000086000000, 0x0000000086100000|  0%| F|  |TAMS 0x0000000086000000, 0x0000000086000000| Untracked 
|  97|0x0000000086100000, 0x0000000086100000, 0x0000000086200000|  0%| F|  |TAMS 0x0000000086100000, 0x0000000086100000| Untracked 
|  98|0x0000000086200000, 0x0000000086200000, 0x0000000086300000|  0%| F|  |TAMS 0x0000000086200000, 0x0000000086200000| Untracked 
|  99|0x0000000086300000, 0x0000000086300000, 0x0000000086400000|  0%| F|  |TAMS 0x0000000086300000, 0x0000000086300000| Untracked 
| 100|0x0000000086400000, 0x0000000086400000, 0x0000000086500000|  0%| F|  |TAMS 0x0000000086400000, 0x0000000086400000| Untracked 
| 101|0x0000000086500000, 0x0000000086500000, 0x0000000086600000|  0%| F|  |TAMS 0x0000000086500000, 0x0000000086500000| Untracked 
| 102|0x0000000086600000, 0x0000000086600000, 0x0000000086700000|  0%| F|  |TAMS 0x0000000086600000, 0x0000000086600000| Untracked 
| 103|0x0000000086700000, 0x0000000086700000, 0x0000000086800000|  0%| F|  |TAMS 0x0000000086700000, 0x0000000086700000| Untracked 
| 104|0x0000000086800000, 0x0000000086800000, 0x0000000086900000|  0%| F|  |TAMS 0x0000000086800000, 0x0000000086800000| Untracked 
| 105|0x0000000086900000, 0x0000000086900000, 0x0000000086a00000|  0%| F|  |TAMS 0x0000000086900000, 0x0000000086900000| Untracked 
| 106|0x0000000086a00000, 0x0000000086a00000, 0x0000000086b00000|  0%| F|  |TAMS 0x0000000086a00000, 0x0000000086a00000| Untracked 
| 107|0x0000000086b00000, 0x0000000086b00000, 0x0000000086c00000|  0%| F|  |TAMS 0x0000000086b00000, 0x0000000086b00000| Untracked 
| 108|0x0000000086c00000, 0x0000000086c00000, 0x0000000086d00000|  0%| F|  |TAMS 0x0000000086c00000, 0x0000000086c00000| Untracked 
| 109|0x0000000086d00000, 0x0000000086d00000, 0x0000000086e00000|  0%| F|  |TAMS 0x0000000086d00000, 0x0000000086d00000| Untracked 
| 110|0x0000000086e00000, 0x0000000086e00000, 0x0000000086f00000|  0%| F|  |TAMS 0x0000000086e00000, 0x0000000086e00000| Untracked 
| 111|0x0000000086f00000, 0x0000000086f00000, 0x0000000087000000|  0%| F|  |TAMS 0x0000000086f00000, 0x0000000086f00000| Untracked 
| 112|0x0000000087000000, 0x0000000087000000, 0x0000000087100000|  0%| F|  |TAMS 0x0000000087000000, 0x0000000087000000| Untracked 
| 113|0x0000000087100000, 0x0000000087100000, 0x0000000087200000|  0%| F|  |TAMS 0x0000000087100000, 0x0000000087100000| Untracked 
| 114|0x0000000087200000, 0x0000000087200000, 0x0000000087300000|  0%| F|  |TAMS 0x0000000087200000, 0x0000000087200000| Untracked 
| 115|0x0000000087300000, 0x0000000087300000, 0x0000000087400000|  0%| F|  |TAMS 0x0000000087300000, 0x0000000087300000| Untracked 
| 116|0x0000000087400000, 0x0000000087400000, 0x0000000087500000|  0%| F|  |TAMS 0x0000000087400000, 0x0000000087400000| Untracked 
| 117|0x0000000087500000, 0x0000000087500000, 0x0000000087600000|  0%| F|  |TAMS 0x0000000087500000, 0x0000000087500000| Untracked 
| 118|0x0000000087600000, 0x0000000087600000, 0x0000000087700000|  0%| F|  |TAMS 0x0000000087600000, 0x0000000087600000| Untracked 
| 119|0x0000000087700000, 0x0000000087700000, 0x0000000087800000|  0%| F|  |TAMS 0x0000000087700000, 0x0000000087700000| Untracked 
| 120|0x0000000087800000, 0x0000000087800000, 0x0000000087900000|  0%| F|  |TAMS 0x0000000087800000, 0x0000000087800000| Untracked 
| 121|0x0000000087900000, 0x0000000087900000, 0x0000000087a00000|  0%| F|  |TAMS 0x0000000087900000, 0x0000000087900000| Untracked 
| 122|0x0000000087a00000, 0x0000000087a00000, 0x0000000087b00000|  0%| F|  |TAMS 0x0000000087a00000, 0x0000000087a00000| Untracked 
| 123|0x0000000087b00000, 0x0000000087b00000, 0x0000000087c00000|  0%| F|  |TAMS 0x0000000087b00000, 0x0000000087b00000| Untracked 
| 124|0x0000000087c00000, 0x0000000087c00000, 0x0000000087d00000|  0%| F|  |TAMS 0x0000000087c00000, 0x0000000087c00000| Untracked 
| 125|0x0000000087d00000, 0x0000000087d00000, 0x0000000087e00000|  0%| F|  |TAMS 0x0000000087d00000, 0x0000000087d00000| Untracked 
| 126|0x0000000087e00000, 0x0000000087e00000, 0x0000000087f00000|  0%| F|  |TAMS 0x0000000087e00000, 0x0000000087e00000| Untracked 
| 127|0x0000000087f00000, 0x0000000087f00000, 0x0000000088000000|  0%| F|  |TAMS 0x0000000087f00000, 0x0000000087f00000| Untracked 
| 128|0x0000000088000000, 0x0000000088100000, 0x0000000088100000|100%| S|CS|TAMS 0x0000000088000000, 0x0000000088000000| Complete 
| 129|0x0000000088100000, 0x0000000088200000, 0x0000000088200000|100%| S|CS|TAMS 0x0000000088100000, 0x0000000088100000| Complete 
| 130|0x0000000088200000, 0x0000000088300000, 0x0000000088300000|100%| S|CS|TAMS 0x0000000088200000, 0x0000000088200000| Complete 
| 131|0x0000000088300000, 0x0000000088400000, 0x0000000088400000|100%| S|CS|TAMS 0x0000000088300000, 0x0000000088300000| Complete 
| 132|0x0000000088400000, 0x0000000088500000, 0x0000000088500000|100%| S|CS|TAMS 0x0000000088400000, 0x0000000088400000| Complete 
| 133|0x0000000088500000, 0x0000000088600000, 0x0000000088600000|100%| S|CS|TAMS 0x0000000088500000, 0x0000000088500000| Complete 
| 134|0x0000000088600000, 0x0000000088700000, 0x0000000088700000|100%| S|CS|TAMS 0x0000000088600000, 0x0000000088600000| Complete 
| 135|0x0000000088700000, 0x0000000088800000, 0x0000000088800000|100%| S|CS|TAMS 0x0000000088700000, 0x0000000088700000| Complete 
| 136|0x0000000088800000, 0x0000000088900000, 0x0000000088900000|100%| S|CS|TAMS 0x0000000088800000, 0x0000000088800000| Complete 
| 137|0x0000000088900000, 0x0000000088a00000, 0x0000000088a00000|100%| S|CS|TAMS 0x0000000088900000, 0x0000000088900000| Complete 
| 138|0x0000000088a00000, 0x0000000088b00000, 0x0000000088b00000|100%| S|CS|TAMS 0x0000000088a00000, 0x0000000088a00000| Complete 
| 139|0x0000000088b00000, 0x0000000088c00000, 0x0000000088c00000|100%| S|CS|TAMS 0x0000000088b00000, 0x0000000088b00000| Complete 
| 140|0x0000000088c00000, 0x0000000088c00000, 0x0000000088d00000|  0%| F|  |TAMS 0x0000000088c00000, 0x0000000088c00000| Untracked 
| 141|0x0000000088d00000, 0x0000000088d00000, 0x0000000088e00000|  0%| F|  |TAMS 0x0000000088d00000, 0x0000000088d00000| Untracked 
| 142|0x0000000088e00000, 0x0000000088e00000, 0x0000000088f00000|  0%| F|  |TAMS 0x0000000088e00000, 0x0000000088e00000| Untracked 
| 143|0x0000000088f00000, 0x0000000088f00000, 0x0000000089000000|  0%| F|  |TAMS 0x0000000088f00000, 0x0000000088f00000| Untracked 
| 144|0x0000000089000000, 0x0000000089000000, 0x0000000089100000|  0%| F|  |TAMS 0x0000000089000000, 0x0000000089000000| Untracked 
| 145|0x0000000089100000, 0x0000000089100000, 0x0000000089200000|  0%| F|  |TAMS 0x0000000089100000, 0x0000000089100000| Untracked 
| 146|0x0000000089200000, 0x0000000089200000, 0x0000000089300000|  0%| F|  |TAMS 0x0000000089200000, 0x0000000089200000| Untracked 
| 147|0x0000000089300000, 0x0000000089300000, 0x0000000089400000|  0%| F|  |TAMS 0x0000000089300000, 0x0000000089300000| Untracked 
| 148|0x0000000089400000, 0x0000000089400000, 0x0000000089500000|  0%| F|  |TAMS 0x0000000089400000, 0x0000000089400000| Untracked 
| 149|0x0000000089500000, 0x0000000089500000, 0x0000000089600000|  0%| F|  |TAMS 0x0000000089500000, 0x0000000089500000| Untracked 
| 150|0x0000000089600000, 0x0000000089600000, 0x0000000089700000|  0%| F|  |TAMS 0x0000000089600000, 0x0000000089600000| Untracked 
| 151|0x0000000089700000, 0x0000000089700000, 0x0000000089800000|  0%| F|  |TAMS 0x0000000089700000, 0x0000000089700000| Untracked 
| 152|0x0000000089800000, 0x0000000089800000, 0x0000000089900000|  0%| F|  |TAMS 0x0000000089800000, 0x0000000089800000| Untracked 
| 153|0x0000000089900000, 0x0000000089900000, 0x0000000089a00000|  0%| F|  |TAMS 0x0000000089900000, 0x0000000089900000| Untracked 
| 154|0x0000000089a00000, 0x0000000089a00000, 0x0000000089b00000|  0%| F|  |TAMS 0x0000000089a00000, 0x0000000089a00000| Untracked 
| 155|0x0000000089b00000, 0x0000000089b00000, 0x0000000089c00000|  0%| F|  |TAMS 0x0000000089b00000, 0x0000000089b00000| Untracked 
| 156|0x0000000089c00000, 0x0000000089c00000, 0x0000000089d00000|  0%| F|  |TAMS 0x0000000089c00000, 0x0000000089c00000| Untracked 
| 157|0x0000000089d00000, 0x0000000089d00000, 0x0000000089e00000|  0%| F|  |TAMS 0x0000000089d00000, 0x0000000089d00000| Untracked 
| 158|0x0000000089e00000, 0x0000000089e00000, 0x0000000089f00000|  0%| F|  |TAMS 0x0000000089e00000, 0x0000000089e00000| Untracked 
| 159|0x0000000089f00000, 0x0000000089f00000, 0x000000008a000000|  0%| F|  |TAMS 0x0000000089f00000, 0x0000000089f00000| Untracked 
| 160|0x000000008a000000, 0x000000008a000000, 0x000000008a100000|  0%| F|  |TAMS 0x000000008a000000, 0x000000008a000000| Untracked 
| 161|0x000000008a100000, 0x000000008a100000, 0x000000008a200000|  0%| F|  |TAMS 0x000000008a100000, 0x000000008a100000| Untracked 
| 162|0x000000008a200000, 0x000000008a200000, 0x000000008a300000|  0%| F|  |TAMS 0x000000008a200000, 0x000000008a200000| Untracked 
| 163|0x000000008a300000, 0x000000008a300000, 0x000000008a400000|  0%| F|  |TAMS 0x000000008a300000, 0x000000008a300000| Untracked 
| 164|0x000000008a400000, 0x000000008a400000, 0x000000008a500000|  0%| F|  |TAMS 0x000000008a400000, 0x000000008a400000| Untracked 
| 165|0x000000008a500000, 0x000000008a500000, 0x000000008a600000|  0%| F|  |TAMS 0x000000008a500000, 0x000000008a500000| Untracked 
| 166|0x000000008a600000, 0x000000008a600000, 0x000000008a700000|  0%| F|  |TAMS 0x000000008a600000, 0x000000008a600000| Untracked 
| 167|0x000000008a700000, 0x000000008a700000, 0x000000008a800000|  0%| F|  |TAMS 0x000000008a700000, 0x000000008a700000| Untracked 
| 168|0x000000008a800000, 0x000000008a800000, 0x000000008a900000|  0%| F|  |TAMS 0x000000008a800000, 0x000000008a800000| Untracked 
| 169|0x000000008a900000, 0x000000008a900000, 0x000000008aa00000|  0%| F|  |TAMS 0x000000008a900000, 0x000000008a900000| Untracked 
| 170|0x000000008aa00000, 0x000000008aa00000, 0x000000008ab00000|  0%| F|  |TAMS 0x000000008aa00000, 0x000000008aa00000| Untracked 
| 171|0x000000008ab00000, 0x000000008ab00000, 0x000000008ac00000|  0%| F|  |TAMS 0x000000008ab00000, 0x000000008ab00000| Untracked 
| 172|0x000000008ac00000, 0x000000008ac00000, 0x000000008ad00000|  0%| F|  |TAMS 0x000000008ac00000, 0x000000008ac00000| Untracked 
| 173|0x000000008ad00000, 0x000000008ad00000, 0x000000008ae00000|  0%| F|  |TAMS 0x000000008ad00000, 0x000000008ad00000| Untracked 
| 174|0x000000008ae00000, 0x000000008ae00000, 0x000000008af00000|  0%| F|  |TAMS 0x000000008ae00000, 0x000000008ae00000| Untracked 
| 175|0x000000008af00000, 0x000000008af00000, 0x000000008b000000|  0%| F|  |TAMS 0x000000008af00000, 0x000000008af00000| Untracked 
| 176|0x000000008b000000, 0x000000008b000000, 0x000000008b100000|  0%| F|  |TAMS 0x000000008b000000, 0x000000008b000000| Untracked 
| 177|0x000000008b100000, 0x000000008b100000, 0x000000008b200000|  0%| F|  |TAMS 0x000000008b100000, 0x000000008b100000| Untracked 
| 178|0x000000008b200000, 0x000000008b200000, 0x000000008b300000|  0%| F|  |TAMS 0x000000008b200000, 0x000000008b200000| Untracked 
| 179|0x000000008b300000, 0x000000008b300000, 0x000000008b400000|  0%| F|  |TAMS 0x000000008b300000, 0x000000008b300000| Untracked 
| 180|0x000000008b400000, 0x000000008b400000, 0x000000008b500000|  0%| F|  |TAMS 0x000000008b400000, 0x000000008b400000| Untracked 
| 181|0x000000008b500000, 0x000000008b500000, 0x000000008b600000|  0%| F|  |TAMS 0x000000008b500000, 0x000000008b500000| Untracked 
| 182|0x000000008b600000, 0x000000008b600000, 0x000000008b700000|  0%| F|  |TAMS 0x000000008b600000, 0x000000008b600000| Untracked 
| 183|0x000000008b700000, 0x000000008b700000, 0x000000008b800000|  0%| F|  |TAMS 0x000000008b700000, 0x000000008b700000| Untracked 
| 184|0x000000008b800000, 0x000000008b800000, 0x000000008b900000|  0%| F|  |TAMS 0x000000008b800000, 0x000000008b800000| Untracked 
| 185|0x000000008b900000, 0x000000008b900000, 0x000000008ba00000|  0%| F|  |TAMS 0x000000008b900000, 0x000000008b900000| Untracked 
| 186|0x000000008ba00000, 0x000000008ba00000, 0x000000008bb00000|  0%| F|  |TAMS 0x000000008ba00000, 0x000000008ba00000| Untracked 
| 187|0x000000008bb00000, 0x000000008bb00000, 0x000000008bc00000|  0%| F|  |TAMS 0x000000008bb00000, 0x000000008bb00000| Untracked 
| 188|0x000000008bc00000, 0x000000008bc00000, 0x000000008bd00000|  0%| F|  |TAMS 0x000000008bc00000, 0x000000008bc00000| Untracked 
| 189|0x000000008bd00000, 0x000000008bd00000, 0x000000008be00000|  0%| F|  |TAMS 0x000000008bd00000, 0x000000008bd00000| Untracked 
| 190|0x000000008be00000, 0x000000008be00000, 0x000000008bf00000|  0%| F|  |TAMS 0x000000008be00000, 0x000000008be00000| Untracked 
| 191|0x000000008bf00000, 0x000000008bf00000, 0x000000008c000000|  0%| F|  |TAMS 0x000000008bf00000, 0x000000008bf00000| Untracked 
| 192|0x000000008c000000, 0x000000008c000000, 0x000000008c100000|  0%| F|  |TAMS 0x000000008c000000, 0x000000008c000000| Untracked 
| 193|0x000000008c100000, 0x000000008c100000, 0x000000008c200000|  0%| F|  |TAMS 0x000000008c100000, 0x000000008c100000| Untracked 
| 194|0x000000008c200000, 0x000000008c200000, 0x000000008c300000|  0%| F|  |TAMS 0x000000008c200000, 0x000000008c200000| Untracked 
| 195|0x000000008c300000, 0x000000008c300000, 0x000000008c400000|  0%| F|  |TAMS 0x000000008c300000, 0x000000008c300000| Untracked 
| 196|0x000000008c400000, 0x000000008c400000, 0x000000008c500000|  0%| F|  |TAMS 0x000000008c400000, 0x000000008c400000| Untracked 
| 197|0x000000008c500000, 0x000000008c500000, 0x000000008c600000|  0%| F|  |TAMS 0x000000008c500000, 0x000000008c500000| Untracked 
| 198|0x000000008c600000, 0x000000008c600000, 0x000000008c700000|  0%| F|  |TAMS 0x000000008c600000, 0x000000008c600000| Untracked 
| 199|0x000000008c700000, 0x000000008c700000, 0x000000008c800000|  0%| F|  |TAMS 0x000000008c700000, 0x000000008c700000| Untracked 
| 200|0x000000008c800000, 0x000000008c800000, 0x000000008c900000|  0%| F|  |TAMS 0x000000008c800000, 0x000000008c800000| Untracked 
| 201|0x000000008c900000, 0x000000008c900000, 0x000000008ca00000|  0%| F|  |TAMS 0x000000008c900000, 0x000000008c900000| Untracked 
| 202|0x000000008ca00000, 0x000000008ca00000, 0x000000008cb00000|  0%| F|  |TAMS 0x000000008ca00000, 0x000000008ca00000| Untracked 
| 203|0x000000008cb00000, 0x000000008cb00000, 0x000000008cc00000|  0%| F|  |TAMS 0x000000008cb00000, 0x000000008cb00000| Untracked 
| 204|0x000000008cc00000, 0x000000008cc00000, 0x000000008cd00000|  0%| F|  |TAMS 0x000000008cc00000, 0x000000008cc00000| Untracked 
| 205|0x000000008cd00000, 0x000000008cd00000, 0x000000008ce00000|  0%| F|  |TAMS 0x000000008cd00000, 0x000000008cd00000| Untracked 
| 206|0x000000008ce00000, 0x000000008ce00000, 0x000000008cf00000|  0%| F|  |TAMS 0x000000008ce00000, 0x000000008ce00000| Untracked 
| 207|0x000000008cf00000, 0x000000008cf00000, 0x000000008d000000|  0%| F|  |TAMS 0x000000008cf00000, 0x000000008cf00000| Untracked 
| 208|0x000000008d000000, 0x000000008d000000, 0x000000008d100000|  0%| F|  |TAMS 0x000000008d000000, 0x000000008d000000| Untracked 
| 209|0x000000008d100000, 0x000000008d100000, 0x000000008d200000|  0%| F|  |TAMS 0x000000008d100000, 0x000000008d100000| Untracked 
| 210|0x000000008d200000, 0x000000008d200000, 0x000000008d300000|  0%| F|  |TAMS 0x000000008d200000, 0x000000008d200000| Untracked 
| 211|0x000000008d300000, 0x000000008d300000, 0x000000008d400000|  0%| F|  |TAMS 0x000000008d300000, 0x000000008d300000| Untracked 
| 212|0x000000008d400000, 0x000000008d400000, 0x000000008d500000|  0%| F|  |TAMS 0x000000008d400000, 0x000000008d400000| Untracked 
| 213|0x000000008d500000, 0x000000008d500000, 0x000000008d600000|  0%| F|  |TAMS 0x000000008d500000, 0x000000008d500000| Untracked 
| 214|0x000000008d600000, 0x000000008d600000, 0x000000008d700000|  0%| F|  |TAMS 0x000000008d600000, 0x000000008d600000| Untracked 
| 215|0x000000008d700000, 0x000000008d700000, 0x000000008d800000|  0%| F|  |TAMS 0x000000008d700000, 0x000000008d700000| Untracked 
| 216|0x000000008d800000, 0x000000008d800000, 0x000000008d900000|  0%| F|  |TAMS 0x000000008d800000, 0x000000008d800000| Untracked 
| 217|0x000000008d900000, 0x000000008d900000, 0x000000008da00000|  0%| F|  |TAMS 0x000000008d900000, 0x000000008d900000| Untracked 
| 218|0x000000008da00000, 0x000000008da00000, 0x000000008db00000|  0%| F|  |TAMS 0x000000008da00000, 0x000000008da00000| Untracked 
| 275|0x0000000091300000, 0x0000000091300000, 0x0000000091400000|  0%| F|  |TAMS 0x0000000091300000, 0x0000000091300000| Untracked 
| 276|0x0000000091400000, 0x0000000091400000, 0x0000000091500000|  0%| F|  |TAMS 0x0000000091400000, 0x0000000091400000| Untracked 
| 277|0x0000000091500000, 0x0000000091500000, 0x0000000091600000|  0%| F|  |TAMS 0x0000000091500000, 0x0000000091500000| Untracked 
| 278|0x0000000091600000, 0x0000000091600000, 0x0000000091700000|  0%| F|  |TAMS 0x0000000091600000, 0x0000000091600000| Untracked 
| 279|0x0000000091700000, 0x0000000091700000, 0x0000000091800000|  0%| F|  |TAMS 0x0000000091700000, 0x0000000091700000| Untracked 
| 280|0x0000000091800000, 0x0000000091800000, 0x0000000091900000|  0%| F|  |TAMS 0x0000000091800000, 0x0000000091800000| Untracked 
| 281|0x0000000091900000, 0x0000000091900000, 0x0000000091a00000|  0%| F|  |TAMS 0x0000000091900000, 0x0000000091900000| Untracked 
| 282|0x0000000091a00000, 0x0000000091a00000, 0x0000000091b00000|  0%| F|  |TAMS 0x0000000091a00000, 0x0000000091a00000| Untracked 
| 283|0x0000000091b00000, 0x0000000091b00000, 0x0000000091c00000|  0%| F|  |TAMS 0x0000000091b00000, 0x0000000091b00000| Untracked 
| 284|0x0000000091c00000, 0x0000000091c00000, 0x0000000091d00000|  0%| F|  |TAMS 0x0000000091c00000, 0x0000000091c00000| Untracked 
| 285|0x0000000091d00000, 0x0000000091d00000, 0x0000000091e00000|  0%| F|  |TAMS 0x0000000091d00000, 0x0000000091d00000| Untracked 
| 286|0x0000000091e00000, 0x0000000091e00000, 0x0000000091f00000|  0%| F|  |TAMS 0x0000000091e00000, 0x0000000091e00000| Untracked 
| 383|0x0000000097f00000, 0x0000000097f80800, 0x0000000098000000| 50%| E|  |TAMS 0x0000000097f00000, 0x0000000097f00000| Complete 

Card table byte_map: [0x00000183f9f10000,0x00000183fa310000] _byte_map_base: 0x00000183f9b10000

Marking Bits (Prev, Next): (CMBitMap*) 0x00000183f9208f50, (CMBitMap*) 0x00000183f9208f90
 Prev Bits: [0x00000183fa710000, 0x00000183fc710000)
 Next Bits: [0x00000183fc710000, 0x00000183fe710000)

Polling page: 0x00000183f71a0000

Metaspace:

Usage:
  Non-class:     37.41 MB used.
      Class:      5.98 MB used.
       Both:     43.39 MB used.

Virtual space:
  Non-class space:       40.00 MB reserved,      37.69 MB ( 94%) committed,  5 nodes.
      Class space:        1.00 GB reserved,       6.31 MB ( <1%) committed,  1 nodes.
             Both:        1.04 GB reserved,      44.00 MB (  4%) committed. 

Chunk freelists:
   Non-Class:  1.84 MB
       Class:  1.56 MB
        Both:  3.40 MB

MaxMetaspaceSize: unlimited
CompressedClassSpaceSize: 1.00 GB
Initial GC threshold: 21.00 MB
Current GC threshold: 58.75 MB
CDS: on
MetaspaceReclaimPolicy: balanced
 - commit_granule_bytes: 65536.
 - commit_granule_words: 8192.
 - virtual_space_node_default_size: 1048576.
 - enlarge_chunks_in_place: 1.
 - new_chunks_are_fully_committed: 0.
 - uncommit_free_chunks: 1.
 - use_allocation_guard: 0.
 - handle_deallocations: 1.


Internal statistics:

num_allocs_failed_limit: 6.
num_arena_births: 922.
num_arena_deaths: 0.
num_vsnodes_births: 6.
num_vsnodes_deaths: 0.
num_space_committed: 704.
num_space_uncommitted: 0.
num_chunks_returned_to_freelist: 6.
num_chunks_taken_from_freelist: 2944.
num_chunk_merges: 6.
num_chunk_splits: 1746.
num_chunks_enlarged: 977.
num_purges: 0.
num_inconsistent_stats: 0.

CodeHeap 'non-profiled nmethods': size=119168Kb used=2656Kb max_used=3073Kb free=116511Kb
 bounds [0x000001838f5d0000, 0x000001838f8e0000, 0x0000018396a30000]
CodeHeap 'profiled nmethods': size=119104Kb used=10180Kb max_used=11121Kb free=108924Kb
 bounds [0x0000018387a30000, 0x0000018388530000, 0x000001838ee80000]
CodeHeap 'non-nmethods': size=7488Kb used=3302Kb max_used=3372Kb free=4185Kb
 bounds [0x000001838ee80000, 0x000001838f1e0000, 0x000001838f5d0000]
 total_blobs=5587 nmethods=4900 adapters=595
 compilation: enabled
              stopped_count=0, restarted_count=0
 full_count=0

Compilation events (20 events):
Event: 5.015 Thread 0x000001839a432e20 nmethod 5675 0x000001838f609710 code [0x000001838f6098a0, 0x000001838f609958]
Event: 5.015 Thread 0x000001839a52e4c0 nmethod 5674 0x00000183880aba10 code [0x00000183880abd40, 0x00000183880ace28]
Event: 5.017 Thread 0x00000183ff77bee0 nmethod 5662 0x0000018388519b10 code [0x000001838851aaa0, 0x0000018388523228]
Event: 5.020 Thread 0x00000183ff77bee0 5676       1       org.gradle.api.services.internal.BuildServiceDetails::getImplementationType (5 bytes)
Event: 5.020 Thread 0x00000183ff77bee0 nmethod 5676 0x000001838f609410 code [0x000001838f6095a0, 0x000001838f609678]
Event: 5.020 Thread 0x00000183ff77bee0 5677       3       com.google.common.collect.RegularImmutableMap::createKeySet (9 bytes)
Event: 5.020 Thread 0x000001839a432e20 5678       3       com.google.common.collect.RegularImmutableMap$KeySet::<init> (10 bytes)
Event: 5.020 Thread 0x00000183ff89e0c0 5679       3       com.google.common.collect.IndexedImmutableSet::<init> (5 bytes)
Event: 5.021 Thread 0x00000183ff89e0c0 nmethod 5679 0x0000018387db6010 code [0x0000018387db61c0, 0x0000018387db6498]
Event: 5.021 Thread 0x00000183ff77bee0 nmethod 5677 0x0000018387b55610 code [0x0000018387b557e0, 0x0000018387b55c38]
Event: 5.021 Thread 0x000001839a432e20 nmethod 5678 0x0000018387b54f10 code [0x0000018387b550e0, 0x0000018387b55478]
Event: 5.027 Thread 0x00000183ff89e0c0 5680       3       jdk.internal.reflect.MethodAccessorGenerator::<init> (5 bytes)
Event: 5.027 Thread 0x000001839a432e20 5681       3       jdk.internal.reflect.AccessorGenerator::<init> (17 bytes)
Event: 5.027 Thread 0x000001839a432e20 nmethod 5681 0x0000018387e4c110 code [0x0000018387e4c2a0, 0x0000018387e4c418]
Event: 5.027 Thread 0x00000183ff89e0c0 nmethod 5680 0x0000018387e4bc90 code [0x0000018387e4be40, 0x0000018387e4c018]
Event: 5.043 Thread 0x00000183ff77bee0 5683       3       java.lang.Class::searchFields (43 bytes)
Event: 5.044 Thread 0x00000183ff77bee0 nmethod 5683 0x0000018387e4b690 code [0x0000018387e4b840, 0x0000018387e4bae8]
Event: 5.046 Thread 0x000001839a432e20 5684       3       com.google.common.collect.IndexedImmutableSet::createAsList (9 bytes)
Event: 5.046 Thread 0x00000183ff89e0c0 5685       3       com.google.common.collect.IndexedImmutableSet$1::<init> (10 bytes)
Event: 5.046 Thread 0x00000183ff77bee0 5686       3       com.google.common.collect.ImmutableAsList::<init> (5 bytes)

GC Heap History (18 events):
Event: 0.466 GC heap before
{Heap before GC invocations=0 (full 0):
 garbage-first heap   total 393216K, used 26624K [0x0000000080000000, 0x0000000100000000)
  region size 1024K, 23 young (23552K), 0 survivors (0K)
 Metaspace       used 3030K, committed 3200K, reserved 1056768K
  class space    used 382K, committed 448K, reserved 1048576K
}
Event: 0.470 GC heap after
{Heap after GC invocations=1 (full 0):
 garbage-first heap   total 393216K, used 10517K [0x0000000080000000, 0x0000000100000000)
  region size 1024K, 3 young (3072K), 3 survivors (3072K)
 Metaspace       used 3030K, committed 3200K, reserved 1056768K
  class space    used 382K, committed 448K, reserved 1048576K
}
Event: 0.795 GC heap before
{Heap before GC invocations=1 (full 0):
 garbage-first heap   total 393216K, used 40213K [0x0000000080000000, 0x0000000100000000)
  region size 1024K, 31 young (31744K), 3 survivors (3072K)
 Metaspace       used 3977K, committed 4160K, reserved 1056768K
  class space    used 478K, committed 576K, reserved 1048576K
}
Event: 0.797 GC heap after
{Heap after GC invocations=2 (full 0):
 garbage-first heap   total 393216K, used 13315K [0x0000000080000000, 0x0000000100000000)
  region size 1024K, 3 young (3072K), 3 survivors (3072K)
 Metaspace       used 3977K, committed 4160K, reserved 1056768K
  class space    used 478K, committed 576K, reserved 1048576K
}
Event: 2.398 GC heap before
{Heap before GC invocations=2 (full 0):
 garbage-first heap   total 393216K, used 108547K [0x0000000080000000, 0x0000000100000000)
  region size 1024K, 97 young (99328K), 3 survivors (3072K)
 Metaspace       used 21181K, committed 21504K, reserved 1073152K
  class space    used 2969K, committed 3136K, reserved 1048576K
}
Event: 2.405 GC heap after
{Heap after GC invocations=3 (full 0):
 garbage-first heap   total 393216K, used 21785K [0x0000000080000000, 0x0000000100000000)
  region size 1024K, 12 young (12288K), 12 survivors (12288K)
 Metaspace       used 21181K, committed 21504K, reserved 1073152K
  class space    used 2969K, committed 3136K, reserved 1048576K
}
Event: 2.847 GC heap before
{Heap before GC invocations=4 (full 0):
 garbage-first heap   total 81920K, used 58649K [0x0000000080000000, 0x0000000100000000)
  region size 1024K, 48 young (49152K), 12 survivors (12288K)
 Metaspace       used 26331K, committed 26624K, reserved 1073152K
  class space    used 3752K, committed 3904K, reserved 1048576K
}
Event: 2.852 GC heap after
{Heap after GC invocations=5 (full 0):
 garbage-first heap   total 81920K, used 23792K [0x0000000080000000, 0x0000000100000000)
  region size 1024K, 3 young (3072K), 3 survivors (3072K)
 Metaspace       used 26331K, committed 26624K, reserved 1073152K
  class space    used 3752K, committed 3904K, reserved 1048576K
}
Event: 3.380 GC heap before
{Heap before GC invocations=5 (full 0):
 garbage-first heap   total 81920K, used 58608K [0x0000000080000000, 0x0000000100000000)
  region size 1024K, 37 young (37888K), 3 survivors (3072K)
 Metaspace       used 33185K, committed 33600K, reserved 1081344K
  class space    used 4604K, committed 4800K, reserved 1048576K
}
Event: 3.384 GC heap after
{Heap after GC invocations=6 (full 0):
 garbage-first heap   total 81920K, used 26653K [0x0000000080000000, 0x0000000100000000)
  region size 1024K, 5 young (5120K), 5 survivors (5120K)
 Metaspace       used 33185K, committed 33600K, reserved 1081344K
  class space    used 4604K, committed 4800K, reserved 1048576K
}
Event: 3.743 GC heap before
{Heap before GC invocations=6 (full 0):
 garbage-first heap   total 81920K, used 60445K [0x0000000080000000, 0x0000000100000000)
  region size 1024K, 38 young (38912K), 5 survivors (5120K)
 Metaspace       used 35494K, committed 35904K, reserved 1081344K
  class space    used 4856K, committed 5056K, reserved 1048576K
}
Event: 3.748 GC heap after
{Heap after GC invocations=7 (full 0):
 garbage-first heap   total 81920K, used 32340K [0x0000000080000000, 0x0000000100000000)
  region size 1024K, 5 young (5120K), 5 survivors (5120K)
 Metaspace       used 35494K, committed 35904K, reserved 1081344K
  class space    used 4856K, committed 5056K, reserved 1048576K
}
Event: 3.777 GC heap before
{Heap before GC invocations=7 (full 0):
 garbage-first heap   total 81920K, used 36436K [0x0000000080000000, 0x0000000100000000)
  region size 1024K, 7 young (7168K), 5 survivors (5120K)
 Metaspace       used 35633K, committed 35968K, reserved 1081344K
  class space    used 4882K, committed 5056K, reserved 1048576K
}
Event: 3.780 GC heap after
{Heap after GC invocations=8 (full 0):
 garbage-first heap   total 81920K, used 36776K [0x0000000080000000, 0x0000000100000000)
  region size 1024K, 2 young (2048K), 2 survivors (2048K)
 Metaspace       used 35633K, committed 35968K, reserved 1081344K
  class space    used 4882K, committed 5056K, reserved 1048576K
}
Event: 3.834 GC heap before
{Heap before GC invocations=9 (full 0):
 garbage-first heap   total 81920K, used 38824K [0x0000000080000000, 0x0000000100000000)
  region size 1024K, 6 young (6144K), 2 survivors (2048K)
 Metaspace       used 35961K, committed 36352K, reserved 1081344K
  class space    used 4944K, committed 5120K, reserved 1048576K
}
Event: 3.836 GC heap after
{Heap after GC invocations=10 (full 0):
 garbage-first heap   total 81920K, used 37310K [0x0000000080000000, 0x0000000100000000)
  region size 1024K, 2 young (2048K), 2 survivors (2048K)
 Metaspace       used 35961K, committed 36352K, reserved 1081344K
  class space    used 4944K, committed 5120K, reserved 1048576K
}
Event: 3.846 GC heap before
{Heap before GC invocations=10 (full 0):
 garbage-first heap   total 81920K, used 39358K [0x0000000080000000, 0x0000000100000000)
  region size 1024K, 4 young (4096K), 2 survivors (2048K)
 Metaspace       used 35961K, committed 36352K, reserved 1081344K
  class space    used 4944K, committed 5120K, reserved 1048576K
}
Event: 3.848 GC heap after
{Heap after GC invocations=11 (full 0):
 garbage-first heap   total 237568K, used 39400K [0x0000000080000000, 0x0000000100000000)
  region size 1024K, 3 young (3072K), 3 survivors (3072K)
 Metaspace       used 35961K, committed 36352K, reserved 1081344K
  class space    used 4944K, committed 5120K, reserved 1048576K
}

Dll operation events (12 events):
Event: 0.004 Loaded shared library C:\Users\Ivan\.jdks\corretto-17.0.6\bin\java.dll
Event: 0.014 Loaded shared library C:\Users\Ivan\.jdks\corretto-17.0.6\bin\jsvml.dll
Event: 0.060 Loaded shared library C:\Users\Ivan\.jdks\corretto-17.0.6\bin\net.dll
Event: 0.061 Loaded shared library C:\Users\Ivan\.jdks\corretto-17.0.6\bin\nio.dll
Event: 0.065 Loaded shared library C:\Users\Ivan\.jdks\corretto-17.0.6\bin\zip.dll
Event: 0.209 Loaded shared library C:\Users\Ivan\.jdks\corretto-17.0.6\bin\jimage.dll
Event: 0.257 Loaded shared library C:\Users\Ivan\.jdks\corretto-17.0.6\bin\verify.dll
Event: 0.378 Loaded shared library C:\Users\Ivan\.gradle\native\68d5fa5c4cc2d200863cafc0d521ce42e7d3e7ee720ec0a83991735586a16f82\windows-amd64\native-platform.dll
Event: 0.380 Loaded shared library C:\Users\Ivan\.gradle\native\e376f236ea51e6404a007f0833ffe2c6e607c4080706a723a18a27aeea778392\windows-amd64\native-platform-file-events.dll
Event: 0.979 Loaded shared library C:\Users\Ivan\.jdks\corretto-17.0.6\bin\management.dll
Event: 0.981 Loaded shared library C:\Users\Ivan\.jdks\corretto-17.0.6\bin\management_ext.dll
Event: 1.270 Loaded shared library C:\Users\Ivan\.jdks\corretto-17.0.6\bin\sunmscapi.dll

Deoptimization events (20 events):
Event: 4.794 Thread 0x00000183ff8b5390 Uncommon trap: trap_request=0xffffff45 fr.pc=0x000001838f86a0c0 relative=0x0000000000002480
Event: 4.794 Thread 0x00000183ff8b5390 Uncommon trap: reason=unstable_if action=reinterpret pc=0x000001838f86a0c0 method=java.util.HashMap.getNode(Ljava/lang/Object;)Ljava/util/HashMap$Node; @ 85 c2
Event: 4.794 Thread 0x00000183ff8b5390 DEOPT PACKING pc=0x000001838f86a0c0 sp=0x00000076afaf9330
Event: 4.794 Thread 0x00000183ff8b5390 DEOPT UNPACKING pc=0x000001838eed69a3 sp=0x00000076afaf9218 mode 2
Event: 4.794 Thread 0x00000183ff8b5390 Uncommon trap: trap_request=0xffffff45 fr.pc=0x000001838f87be64 relative=0x00000000000002c4
Event: 4.794 Thread 0x00000183ff8b5390 Uncommon trap: reason=unstable_if action=reinterpret pc=0x000001838f87be64 method=java.util.HashMap.getNode(Ljava/lang/Object;)Ljava/util/HashMap$Node; @ 85 c2
Event: 4.794 Thread 0x00000183ff8b5390 DEOPT PACKING pc=0x000001838f87be64 sp=0x00000076afaf92e0
Event: 4.794 Thread 0x00000183ff8b5390 DEOPT UNPACKING pc=0x000001838eed69a3 sp=0x00000076afaf9200 mode 2
Event: 4.794 Thread 0x00000183ff8b5390 Uncommon trap: trap_request=0xffffff45 fr.pc=0x000001838f790758 relative=0x0000000000000238
Event: 4.794 Thread 0x00000183ff8b5390 Uncommon trap: reason=unstable_if action=reinterpret pc=0x000001838f790758 method=java.util.HashMap.getNode(Ljava/lang/Object;)Ljava/util/HashMap$Node; @ 85 c2
Event: 4.794 Thread 0x00000183ff8b5390 DEOPT PACKING pc=0x000001838f790758 sp=0x00000076afaf9280
Event: 4.794 Thread 0x00000183ff8b5390 DEOPT UNPACKING pc=0x000001838eed69a3 sp=0x00000076afaf9200 mode 2
Event: 4.829 Thread 0x00000183ff8b5390 Uncommon trap: trap_request=0xffffffde fr.pc=0x000001838f6526a4 relative=0x0000000000001644
Event: 4.829 Thread 0x00000183ff8b5390 Uncommon trap: reason=class_check action=maybe_recompile pc=0x000001838f6526a4 method=org.gradle.configurationcache.serialization.beans.BeanPropertyReaderKt.readPropertyValue(Lorg/gradle/configurationcache/serialization/ReadContext;Lorg/gradle/configurati
Event: 4.829 Thread 0x00000183ff8b5390 DEOPT PACKING pc=0x000001838f6526a4 sp=0x00000076afafa230
Event: 4.829 Thread 0x00000183ff8b5390 DEOPT UNPACKING pc=0x000001838eed69a3 sp=0x00000076afafa1c0 mode 2
Event: 4.919 Thread 0x00000183ff8b5390 Uncommon trap: trap_request=0xffffff45 fr.pc=0x000001838f64a28c relative=0x000000000000006c
Event: 4.919 Thread 0x00000183ff8b5390 Uncommon trap: reason=unstable_if action=reinterpret pc=0x000001838f64a28c method=java.lang.Integer.equals(Ljava/lang/Object;)Z @ 18 c2
Event: 4.919 Thread 0x00000183ff8b5390 DEOPT PACKING pc=0x000001838f64a28c sp=0x00000076afaf92f0
Event: 4.919 Thread 0x00000183ff8b5390 DEOPT UNPACKING pc=0x000001838eed69a3 sp=0x00000076afaf9288 mode 2

Classes unloaded (0 events):
No events

Classes redefined (0 events):
No events

Internal exceptions (20 events):
Event: 3.612 Thread 0x00000183ff8b5390 Exception <a 'java/lang/NoSuchMethodError'{0x0000000083629b18}: 'int java.lang.invoke.DirectMethodHandle$Holder.invokeInterface(java.lang.Object, java.lang.Object)'> (0x0000000083629b18) 
thrown [s\src\hotspot\share\interpreter\linkResolver.cpp, line 759]
Event: 3.762 Thread 0x00000183ff8b5390 Exception <a 'java/lang/NoSuchMethodError'{0x0000000097fde808}: 'java.lang.Object java.lang.invoke.DirectMethodHandle$Holder.newInvokeSpecial(java.lang.Object, java.lang.Object, java.lang.Object, java.lang.Object, int)'> (0x0000000097fde808) 
thrown [s\src\hotspot\share\interpreter\linkResolver.cpp, line 759]
Event: 3.763 Thread 0x00000183ff8b5390 Exception <a 'java/lang/NoSuchMethodError'{0x0000000097fe35e0}: 'java.lang.Object java.lang.invoke.DirectMethodHandle$Holder.invokeSpecial(java.lang.Object, java.lang.Object, java.lang.Object, java.lang.Object, java.lang.Object, int)'> (0x0000000097fe35e0) 
thrown [s\src\hotspot\share\interpreter\linkResolver.cpp, line 759]
Event: 3.763 Thread 0x00000183ff8b5390 Exception <a 'java/lang/NoSuchMethodError'{0x0000000097fe7d68}: 'java.lang.Object java.lang.invoke.Invokers$Holder.linkToTargetMethod(java.lang.Object, java.lang.Object, java.lang.Object, int, java.lang.Object)'> (0x0000000097fe7d68) 
thrown [s\src\hotspot\share\interpreter\linkResolver.cpp, line 759]
Event: 4.060 Thread 0x00000183ff8b5390 Exception <a 'java/lang/NoSuchMethodError'{0x000000008d315d40}: 'java.lang.Object java.lang.invoke.DelegatingMethodHandle$Holder.reinvoke_L(java.lang.Object, java.lang.Object, java.lang.Object, java.lang.Object, java.lang.Object, java.lang.Object, java.lang.Object, java.lang.Object, java.lang.Object, java.lang.Object, java.lang.Object, java.lang.Object, java.lang.Object, java.lang.Object, java.lang.Object, java.lang.Object, java.lang.Object, java.lang.Object, java.lang.Object, java.lang.Object, java.lang.O
Event: 4.061 Thread 0x00000183ff8b5390 Exception <a 'java/lang/NoSuchMethodError'{0x000000008d3217b8}: 'java.lang.Object java.lang.invoke.Invokers$Holder.invoker(java.lang.Object, java.lang.Object, java.lang.Object, java.lang.Object, java.lang.Object, java.lang.Object, java.lang.Object, java.lang.Object, java.lang.Object, java.lang.Object, java.lang.Object, java.lang.Object, java.lang.Object, java.lang.Object, java.lang.Object, java.lang.Object, java.lang.Object, java.lang.Object, java.lang.Object, java.lang.Object, java.lang.Object)'> (0x00000
Event: 4.061 Thread 0x00000183ff8b5390 Exception <a 'java/lang/NoSuchMethodError'{0x000000008d328498}: 'java.lang.Object java.lang.invoke.DelegatingMethodHandle$Holder.delegate(java.lang.Object, java.lang.Object, java.lang.Object, java.lang.Object, java.lang.Object, java.lang.Object, java.lang.Object, java.lang.Object, java.lang.Object, java.lang.Object, java.lang.Object, java.lang.Object, java.lang.Object, java.lang.Object, java.lang.Object, java.lang.Object, java.lang.Object, java.lang.Object, java.lang.Object, java.lang.Object, java.lang.Obj
Event: 4.067 Thread 0x00000183ff8b5390 Exception <a 'java/lang/NoSuchMethodError'{0x000000008d3f34e0}: 'java.lang.Object java.lang.invoke.DirectMethodHandle$Holder.invokeStatic(java.lang.Object, java.lang.Object, java.lang.Object, java.lang.Object, java.lang.Object, java.lang.Object, java.lang.Object, java.lang.Object, java.lang.Object, java.lang.Object, java.lang.Object, java.lang.Object, java.lang.Object, java.lang.Object, java.lang.Object, java.lang.Object, java.lang.Object)'> (0x000000008d3f34e0) 
thrown [s\src\hotspot\share\interpreter\lin
Event: 4.069 Thread 0x00000183ff8b5390 Exception <a 'java/lang/NoSuchMethodError'{0x000000008d21b5b0}: 'java.lang.Object java.lang.invoke.DirectMethodHandle$Holder.invokeStatic(java.lang.Object, java.lang.Object, java.lang.Object, java.lang.Object, java.lang.Object, java.lang.Object, java.lang.Object, java.lang.Object, java.lang.Object, java.lang.Object, java.lang.Object, java.lang.Object, java.lang.Object, java.lang.Object, java.lang.Object, java.lang.Object, java.lang.Object, java.lang.Object)'> (0x000000008d21b5b0) 
thrown [s\src\hotspot\sha
Event: 4.071 Thread 0x00000183ff8b5390 Exception <a 'java/lang/NoSuchMethodError'{0x000000008d243c30}: 'java.lang.Object java.lang.invoke.DirectMethodHandle$Holder.invokeStatic(java.lang.Object, java.lang.Object, java.lang.Object, java.lang.Object, java.lang.Object, java.lang.Object, java.lang.Object, java.lang.Object, java.lang.Object, java.lang.Object, java.lang.Object, java.lang.Object, java.lang.Object, java.lang.Object, java.lang.Object, java.lang.Object, java.lang.Object, java.lang.Object, java.lang.Object)'> (0x000000008d243c30) 
thrown 
Event: 4.073 Thread 0x00000183ff8b5390 Exception <a 'java/lang/NoSuchMethodError'{0x000000008d26d5d0}: 'java.lang.Object java.lang.invoke.DirectMethodHandle$Holder.invokeStatic(java.lang.Object, java.lang.Object, java.lang.Object, java.lang.Object, java.lang.Object, java.lang.Object, java.lang.Object, java.lang.Object, java.lang.Object, java.lang.Object, java.lang.Object, java.lang.Object, java.lang.Object, java.lang.Object, java.lang.Object, java.lang.Object, java.lang.Object, java.lang.Object, java.lang.Object, java.lang.Object)'> (0x00000000
Event: 4.075 Thread 0x00000183ff8b5390 Exception <a 'java/lang/NoSuchMethodError'{0x000000008d298188}: 'java.lang.Object java.lang.invoke.DirectMethodHandle$Holder.invokeStatic(java.lang.Object, java.lang.Object, java.lang.Object, java.lang.Object, java.lang.Object, java.lang.Object, java.lang.Object, java.lang.Object, java.lang.Object, java.lang.Object, java.lang.Object, java.lang.Object, java.lang.Object, java.lang.Object, java.lang.Object, java.lang.Object, java.lang.Object, java.lang.Object, java.lang.Object, java.lang.Object, java.lang.Obj
Event: 4.077 Thread 0x00000183ff8b5390 Exception <a 'java/lang/NoSuchMethodError'{0x000000008d2c34c0}: 'java.lang.Object java.lang.invoke.DirectMethodHandle$Holder.invokeStatic(java.lang.Object, java.lang.Object, java.lang.Object, java.lang.Object, java.lang.Object, java.lang.Object, java.lang.Object, java.lang.Object, java.lang.Object, java.lang.Object, java.lang.Object, java.lang.Object, java.lang.Object, java.lang.Object, java.lang.Object, java.lang.Object, java.lang.Object, java.lang.Object, java.lang.Object, java.lang.Object, java.lang.Obj
Event: 4.080 Thread 0x00000183ff8b5390 Exception <a 'java/lang/NoSuchMethodError'{0x000000008d2f0260}: 'java.lang.Object java.lang.invoke.DirectMethodHandle$Holder.invokeStatic(java.lang.Object, java.lang.Object, java.lang.Object, java.lang.Object, java.lang.Object, java.lang.Object, java.lang.Object, java.lang.Object, java.lang.Object, java.lang.Object, java.lang.Object, java.lang.Object, java.lang.Object, java.lang.Object, java.lang.Object, java.lang.Object, java.lang.Object, java.lang.Object, java.lang.Object, java.lang.Object, java.lang.Obj
Event: 4.082 Thread 0x00000183ff8b5390 Exception <a 'java/lang/NoSuchMethodError'{0x000000008d15dc58}: 'java.lang.Object java.lang.invoke.DirectMethodHandle$Holder.invokeStatic(java.lang.Object, java.lang.Object, java.lang.Object, java.lang.Object, java.lang.Object, java.lang.Object, java.lang.Object, java.lang.Object, java.lang.Object, java.lang.Object, java.lang.Object, java.lang.Object, java.lang.Object, java.lang.Object, java.lang.Object, java.lang.Object, java.lang.Object, java.lang.Object, java.lang.Object, java.lang.Object, java.lang.Obj
Event: 4.435 Thread 0x00000183ff8b5390 Exception <a 'java/lang/IncompatibleClassChangeError'{0x000000008bc8dd20}: Found class java.lang.Object, but interface was expected> (0x000000008bc8dd20) 
thrown [s\src\hotspot\share\interpreter\linkResolver.cpp, line 826]
Event: 4.480 Thread 0x00000183ff8b5390 Implicit null exception at 0x000001838f89e109 to 0x000001838f89efb8
Event: 4.563 Thread 0x00000183ff8b5390 Implicit null exception at 0x000001838f5e6c92 to 0x000001838f5e7178
Event: 4.609 Thread 0x00000183ff8b5390 Implicit null exception at 0x000001838f6bf688 to 0x000001838f6c0e4c
Event: 4.648 Thread 0x00000183ff8b5390 Exception <a 'java/lang/NoSuchMethodError'{0x000000008ad66da0}: 'void java.lang.invoke.DirectMethodHandle$Holder.invokeSpecial(java.lang.Object, java.lang.Object, java.lang.Object, int)'> (0x000000008ad66da0) 
thrown [s\src\hotspot\share\interpreter\linkResolver.cpp, line 759]

VM Operations (20 events):
Event: 4.041 Executing VM operation: HandshakeAllThreads
Event: 4.041 Executing VM operation: HandshakeAllThreads done
Event: 4.058 Executing VM operation: HandshakeAllThreads
Event: 4.058 Executing VM operation: HandshakeAllThreads done
Event: 4.066 Executing VM operation: ICBufferFull
Event: 4.066 Executing VM operation: ICBufferFull done
Event: 4.237 Executing VM operation: ICBufferFull
Event: 4.237 Executing VM operation: ICBufferFull done
Event: 4.484 Executing VM operation: ICBufferFull
Event: 4.485 Executing VM operation: ICBufferFull done
Event: 4.514 Executing VM operation: HandshakeAllThreads
Event: 4.514 Executing VM operation: HandshakeAllThreads done
Event: 4.523 Executing VM operation: HandshakeAllThreads
Event: 4.523 Executing VM operation: HandshakeAllThreads done
Event: 4.540 Executing VM operation: HandshakeAllThreads
Event: 4.540 Executing VM operation: HandshakeAllThreads done
Event: 4.603 Executing VM operation: ICBufferFull
Event: 4.603 Executing VM operation: ICBufferFull done
Event: 4.908 Executing VM operation: ICBufferFull
Event: 4.908 Executing VM operation: ICBufferFull done

Events (20 events):
Event: 4.546 Thread 0x00000183ff791000 flushing nmethod 0x000001838836c610
Event: 4.547 Thread 0x00000183ff791000 flushing nmethod 0x00000183883c8d10
Event: 4.547 Thread 0x00000183ff791000 flushing nmethod 0x00000183883da010
Event: 4.547 Thread 0x00000183ff791000 flushing nmethod 0x00000183883e0990
Event: 4.547 Thread 0x00000183ff791000 flushing nmethod 0x00000183883e5e10
Event: 4.547 Thread 0x00000183ff791000 flushing nmethod 0x0000018388469a10
Event: 4.647 loading class jdk/internal/access/JavaObjectInputStreamAccess
Event: 4.647 loading class jdk/internal/access/JavaObjectInputStreamAccess done
Event: 4.648 loading class jdk/internal/access/JavaObjectInputStreamReadString
Event: 4.648 loading class jdk/internal/access/JavaObjectInputStreamReadString done
Event: 4.648 loading class java/io/ObjectInputFilter$Config
Event: 4.648 loading class java/io/ObjectInputFilter$Config done
Event: 4.649 loading class java/io/ObjectInputFilter
Event: 4.649 loading class java/io/ObjectInputFilter done
Event: 4.649 loading class java/io/ObjectInputFilter$Config$BuiltinFilterFactory
Event: 4.650 loading class java/io/ObjectInputFilter$Config$BuiltinFilterFactory done
Event: 4.650 loading class jdk/internal/access/JavaObjectInputFilterAccess
Event: 4.650 loading class jdk/internal/access/JavaObjectInputFilterAccess done
Event: 4.679 loading class java/lang/invoke/SerializedLambda$1
Event: 4.679 loading class java/lang/invoke/SerializedLambda$1 done


Dynamic libraries:
0x00007ff7d14a0000 - 0x00007ff7d14ad000 	C:\Users\Ivan\.jdks\corretto-17.0.6\bin\java.exe
0x00007ff8a0a70000 - 0x00007ff8a0c65000 	C:\Windows\SYSTEM32\ntdll.dll
0x00007ff89ef30000 - 0x00007ff89efee000 	C:\Windows\System32\KERNEL32.DLL
0x00007ff89e5a0000 - 0x00007ff89e868000 	C:\Windows\System32\KERNELBASE.dll
0x00007ff89e4a0000 - 0x00007ff89e5a0000 	C:\Windows\System32\ucrtbase.dll
0x00007ff87d950000 - 0x00007ff87d965000 	C:\Users\Ivan\.jdks\corretto-17.0.6\bin\VCRUNTIME140.dll
0x00007ff8809d0000 - 0x00007ff8809e7000 	C:\Users\Ivan\.jdks\corretto-17.0.6\bin\jli.dll
0x00007ff8a0680000 - 0x00007ff8a0820000 	C:\Windows\System32\USER32.dll
0x00007ff88b470000 - 0x00007ff88b70a000 	C:\Windows\WinSxS\amd64_microsoft.windows.common-controls_6595b64144ccf1df_6.0.19041.1110_none_60b5254171f9507e\COMCTL32.dll
0x00007ff89e470000 - 0x00007ff89e492000 	C:\Windows\System32\win32u.dll
0x00007ff89f970000 - 0x00007ff89fa0e000 	C:\Windows\System32\msvcrt.dll
0x00007ff89f940000 - 0x00007ff89f96a000 	C:\Windows\System32\GDI32.dll
0x00007ff89e190000 - 0x00007ff89e29b000 	C:\Windows\System32\gdi32full.dll
0x00007ff89ea30000 - 0x00007ff89eacd000 	C:\Windows\System32\msvcp_win.dll
0x00007ff8a08d0000 - 0x00007ff8a0900000 	C:\Windows\System32\IMM32.DLL
0x00007ff876bf0000 - 0x00007ff876c8b000 	C:\Users\Ivan\.jdks\corretto-17.0.6\bin\msvcp140.dll
0x00007ff84f490000 - 0x00007ff8500a8000 	C:\Users\Ivan\.jdks\corretto-17.0.6\bin\server\jvm.dll
0x00007ff89fb70000 - 0x00007ff89fc1e000 	C:\Windows\System32\ADVAPI32.dll
0x00007ff89f080000 - 0x00007ff89f11c000 	C:\Windows\System32\sechost.dll
0x00007ff8a0900000 - 0x00007ff8a0a25000 	C:\Windows\System32\RPCRT4.dll
0x00007ff8859a0000 - 0x00007ff8859a9000 	C:\Windows\SYSTEM32\WSOCK32.dll
0x00007ff890510000 - 0x00007ff890537000 	C:\Windows\SYSTEM32\WINMM.dll
0x00007ff89f120000 - 0x00007ff89f18b000 	C:\Windows\System32\WS2_32.dll
0x00007ff898ea0000 - 0x00007ff898eaa000 	C:\Windows\SYSTEM32\VERSION.dll
0x00007ff89c090000 - 0x00007ff89c0a2000 	C:\Windows\SYSTEM32\kernel.appcore.dll
0x00007ff8879f0000 - 0x00007ff8879fa000 	C:\Users\Ivan\.jdks\corretto-17.0.6\bin\jimage.dll
0x00007ff88d5b0000 - 0x00007ff88d794000 	C:\Windows\SYSTEM32\DBGHELP.DLL
0x00007ff883280000 - 0x00007ff8832ac000 	C:\Windows\SYSTEM32\dbgcore.DLL
0x00007ff89e870000 - 0x00007ff89e8f2000 	C:\Windows\System32\bcryptPrimitives.dll
0x00007ff87d5a0000 - 0x00007ff87d5c5000 	C:\Users\Ivan\.jdks\corretto-17.0.6\bin\java.dll
0x00007ff876b10000 - 0x00007ff876be6000 	C:\Users\Ivan\.jdks\corretto-17.0.6\bin\jsvml.dll
0x00007ff89ff30000 - 0x00007ff8a0674000 	C:\Windows\System32\SHELL32.dll
0x00007ff89c290000 - 0x00007ff89ca24000 	C:\Windows\SYSTEM32\windows.storage.dll
0x00007ff89ebd0000 - 0x00007ff89ef24000 	C:\Windows\System32\combase.dll
0x00007ff89db20000 - 0x00007ff89db4c000 	C:\Windows\SYSTEM32\Wldp.dll
0x00007ff8a0820000 - 0x00007ff8a08cd000 	C:\Windows\System32\SHCORE.dll
0x00007ff89f600000 - 0x00007ff89f655000 	C:\Windows\System32\shlwapi.dll
0x00007ff89e0d0000 - 0x00007ff89e0ef000 	C:\Windows\SYSTEM32\profapi.dll
0x00007ff87c2e0000 - 0x00007ff87c2f9000 	C:\Users\Ivan\.jdks\corretto-17.0.6\bin\net.dll
0x00007ff897b70000 - 0x00007ff897c7a000 	C:\Windows\SYSTEM32\WINHTTP.dll
0x00007ff89d900000 - 0x00007ff89d96a000 	C:\Windows\system32\mswsock.dll
0x00007ff87ab80000 - 0x00007ff87ab95000 	C:\Users\Ivan\.jdks\corretto-17.0.6\bin\nio.dll
0x00007ff87a980000 - 0x00007ff87a998000 	C:\Users\Ivan\.jdks\corretto-17.0.6\bin\zip.dll
0x00007ff884be0000 - 0x00007ff884bf0000 	C:\Users\Ivan\.jdks\corretto-17.0.6\bin\verify.dll
0x00007ff884150000 - 0x00007ff884177000 	C:\Users\Ivan\.gradle\native\68d5fa5c4cc2d200863cafc0d521ce42e7d3e7ee720ec0a83991735586a16f82\windows-amd64\native-platform.dll
0x00007ff870360000 - 0x00007ff8704a4000 	C:\Users\Ivan\.gradle\native\e376f236ea51e6404a007f0833ffe2c6e607c4080706a723a18a27aeea778392\windows-amd64\native-platform-file-events.dll
0x00007ff87d590000 - 0x00007ff87d599000 	C:\Users\Ivan\.jdks\corretto-17.0.6\bin\management.dll
0x00007ff87c9b0000 - 0x00007ff87c9bb000 	C:\Users\Ivan\.jdks\corretto-17.0.6\bin\management_ext.dll
0x00007ff89fa10000 - 0x00007ff89fa18000 	C:\Windows\System32\PSAPI.DLL
0x00007ff89db60000 - 0x00007ff89db78000 	C:\Windows\SYSTEM32\CRYPTSP.dll
0x00007ff89d230000 - 0x00007ff89d264000 	C:\Windows\system32\rsaenh.dll
0x00007ff89e9b0000 - 0x00007ff89e9d7000 	C:\Windows\System32\bcrypt.dll
0x00007ff89e050000 - 0x00007ff89e07e000 	C:\Windows\SYSTEM32\USERENV.dll
0x00007ff89da90000 - 0x00007ff89da9c000 	C:\Windows\SYSTEM32\CRYPTBASE.dll
0x00007ff89d5c0000 - 0x00007ff89d5fb000 	C:\Windows\SYSTEM32\IPHLPAPI.DLL
0x00007ff89fb50000 - 0x00007ff89fb58000 	C:\Windows\System32\NSI.dll
0x00007ff898e80000 - 0x00007ff898e97000 	C:\Windows\SYSTEM32\dhcpcsvc6.DLL
0x00007ff898e60000 - 0x00007ff898e7d000 	C:\Windows\SYSTEM32\dhcpcsvc.DLL
0x00007ff89d610000 - 0x00007ff89d6db000 	C:\Windows\SYSTEM32\DNSAPI.dll
0x00007ff89a0d0000 - 0x00007ff89a0de000 	C:\Users\Ivan\.jdks\corretto-17.0.6\bin\sunmscapi.dll
0x00007ff89e2a0000 - 0x00007ff89e3f6000 	C:\Windows\System32\CRYPT32.dll
0x00007ff89dc70000 - 0x00007ff89dc97000 	C:\Windows\SYSTEM32\ncrypt.dll
0x00007ff89dc30000 - 0x00007ff89dc6b000 	C:\Windows\SYSTEM32\NTASN1.dll
0x00007ff8857e0000 - 0x00007ff8857e7000 	C:\Windows\system32\wshunix.dll

dbghelp: loaded successfully - version: 4.0.5 - missing functions: none
symbol engine: initialized successfully - sym options: 0x614 - pdb path: .;C:\Users\Ivan\.jdks\corretto-17.0.6\bin;C:\Windows\SYSTEM32;C:\Windows\WinSxS\amd64_microsoft.windows.common-controls_6595b64144ccf1df_6.0.19041.1110_none_60b5254171f9507e;C:\Users\Ivan\.jdks\corretto-17.0.6\bin\server;C:\Users\Ivan\.gradle\native\68d5fa5c4cc2d200863cafc0d521ce42e7d3e7ee720ec0a83991735586a16f82\windows-amd64;C:\Users\Ivan\.gradle\native\e376f236ea51e6404a007f0833ffe2c6e607c4080706a723a18a27aeea778392\windows-amd64

VM Arguments:
jvm_args: --add-opens=java.base/java.util=ALL-UNNAMED --add-opens=java.base/java.lang=ALL-UNNAMED --add-opens=java.base/java.lang.invoke=ALL-UNNAMED --add-opens=java.prefs/java.util.prefs=ALL-UNNAMED --add-opens=java.base/java.nio.charset=ALL-UNNAMED --add-opens=java.base/java.net=ALL-UNNAMED --add-opens=java.base/java.util.concurrent.atomic=ALL-UNNAMED -Xmx2048m -Dfile.encoding=UTF-8 -Duser.country=US -Duser.language=en -Duser.variant 
java_command: org.gradle.launcher.daemon.bootstrap.GradleDaemon 8.0
java_class_path (initial): C:\Users\Ivan\.gradle\wrapper\dists\gradle-8.0-bin\ca5e32bp14vu59qr306oxotwh\gradle-8.0\lib\gradle-launcher-8.0.jar
Launcher Type: SUN_STANDARD

[Global flags]
     intx CICompilerCount                          = 12                                        {product} {ergonomic}
     uint ConcGCThreads                            = 3                                         {product} {ergonomic}
     uint G1ConcRefinementThreads                  = 13                                        {product} {ergonomic}
   size_t G1HeapRegionSize                         = 1048576                                   {product} {ergonomic}
    uintx GCDrainStackTargetSize                   = 64                                        {product} {ergonomic}
   size_t InitialHeapSize                          = 402653184                                 {product} {ergonomic}
   size_t MarkStackSize                            = 4194304                                   {product} {ergonomic}
   size_t MaxHeapSize                              = 2147483648                                {product} {command line}
   size_t MaxNewSize                               = 1287651328                                {product} {ergonomic}
   size_t MinHeapDeltaBytes                        = 1048576                                   {product} {ergonomic}
   size_t MinHeapSize                              = 8388608                                   {product} {ergonomic}
    uintx NonNMethodCodeHeapSize                   = 7602480                                {pd product} {ergonomic}
    uintx NonProfiledCodeHeapSize                  = 122027880                              {pd product} {ergonomic}
    uintx ProfiledCodeHeapSize                     = 122027880                              {pd product} {ergonomic}
    uintx ReservedCodeCacheSize                    = 251658240                              {pd product} {ergonomic}
     bool SegmentedCodeCache                       = true                                      {product} {ergonomic}
   size_t SoftMaxHeapSize                          = 2147483648                             {manageable} {ergonomic}
     bool UseCompressedClassPointers               = true                           {product lp64_product} {ergonomic}
     bool UseCompressedOops                        = true                           {product lp64_product} {ergonomic}
     bool UseG1GC                                  = true                                      {product} {ergonomic}
     bool UseLargePagesIndividualAllocation        = false                                  {pd product} {ergonomic}

Logging:
Log output configuration:
 #0: stdout all=warning uptime,level,tags
 #1: stderr all=off uptime,level,tags

Environment Variables:
JAVA_HOME=C:\Users\Ivan\.jdks\azul-17.0.5
PATH=C:\Program Files (x86)\VMware\VMware Workstation\bin\;C:\Program Files (x86)\NVIDIA Corporation\PhysX\Common;C:\Program Files\Microsoft\jdk-11.0.12.7-hotspot\bin;C:\Program Files\Amazon Corretto\jdk11.0.16_8\bin;C:\Windows\system32;C:\Windows;C:\Windows\System32\Wbem;C:\Windows\System32\WindowsPowerShell\v1.0\;C:\Windows\System32\OpenSSH\;C:\Program Files (x86)\Common Files\Acronis\SnapAPI\;C:\Program Files (x86)\Windows Kits\8.1\Windows Performance Toolkit\;C:\Users\Ivan\AppData\Local\Android\Sdk\platform-tools;C:\Program Files\SEGGER\JLink;C:\Program Files\dotnet\;C:\Program Files\Microsoft SQL Server\Client SDK\ODBC\170\Tools\Binn\;C:\Program Files\Android Game Development Extension\bin\;C:\Program Files (x86)\GtkSharp\2.12\bin;C:\Users\Ivan\AppData\Local\Programs\Python\Python310\Scripts\;C:\Users\Ivan\AppData\Local\Programs\Python\Python310\;C:\Users\Ivan\AppData\Local\Microsoft\WindowsApps;C:\Users\Ivan\.dotnet\tools;C:\Users\Ivan\AppData\Local\Android\Sdk\platform-tools;C:\Program Files\JetBrains\IntelliJ IDEA 2021.3\bin;C:\Users\Ivan\AppData\Local\gitkraken\bin;C:\Program Files\SEGGER\JLink;C:\Program Files\JetBrains\IntelliJ IDEA 2022.1.3\bin;C:\Program Files\JetBrains\GoLand 2022.2.2\bin;C:\Program Files\heroku\bin;C:\Users\Ivan\.dotnet\tools;C:\Users\Ivan\AppData\Local\Programs\Microsoft VS Code\bin;C:\Users\Ivan\go\bin;C:\Program Files\Common Files\Apple\Mobile Device Support\;C:\Program Files (x86)\Common Files\Apple\Apple Application Support;C:\Users\Ivan\AppData\Local\Programs\Python\Python310\Scripts\;C:\Users\Ivan\AppData\Local\Programs\Python\Python310\;C:\Users\Ivan\AppData\Local\Microsoft\WindowsApps;C:\Users\Ivan\.dotnet\tools;C:\Users\Ivan\AppData\Local\Android\Sdk\platform-tools;C:\Program Files\JetBrains\IntelliJ IDEA 2021.3\bin;C:\Users\Ivan\AppData\Local\gitkraken\bin;C:\Program Files\SEGGER\JLink;C:\Program Files\JetBrains\IntelliJ IDEA 2022.1.3\bin;C:\Program Files\JetBrains\GoLand 2022.2.2\bin;C:\Program Files\heroku\bin;C:\Users\Ivan\
USERNAME=Ivan
OS=Windows_NT
PROCESSOR_IDENTIFIER=AMD64 Family 23 Model 1 Stepping 1, AuthenticAMD
TMP=C:\Users\Ivan\AppData\Local\Temp
TEMP=C:\Users\Ivan\AppData\Local\Temp



---------------  S Y S T E M  ---------------

OS:
 Windows 10 , 64 bit Build 19041 (10.0.19041.1566)
OS uptime: 0 days 2:24 hours
Hyper-V role detected

CPU: total 16 (initial active 16) (16 cores per cpu, 2 threads per core) family 23 model 1 stepping 1 microcode 0x0, cx8, cmov, fxsr, ht, mmx, 3dnowpref, sse, sse2, sse3, ssse3, sse4a, sse4.1, sse4.2, popcnt, lzcnt, tsc, tscinvbit, avx, avx2, aes, clmul, bmi1, bmi2, adx, sha, fma, vzeroupper, clflush, clflushopt, hv

Memory: 4k page, system-wide physical 24499M (13348M free)
TotalPageFile size 26035M (AvailPageFile size 13215M)
current process WorkingSet (physical memory assigned to process): 855M, peak: 856M
current process commit charge ("private bytes"): 975M, peak: 976M

vm_info: OpenJDK 64-Bit Server VM (17.0.6+10-LTS) for windows-amd64 JRE (17.0.6+10-LTS), built on Jan 13 2023 22:57:04 by "Administrator" with MS VC++ 15.9 (VS2017)

END.
