{"ts":1709622744699,"action":"FILE_OPENED","file":"/app/src/main/java/com/example/generator2/update/getVersionName.kt","tags":{"FILE_LINE_OF_CODE":"17"}}
{"ts":1709622745669,"action":"FILE_CLOSED","file":"/app/src/main/java/com/example/generator2/update/getVersionName.kt","tags":{"FILE_LINE_OF_CODE":"17"}}
{"ts":1709622745669,"action":"FILE_OPENED","file":"/app/src/main/java/com/example/generator2/update/GitHubReleaseTags.kt","tags":{"FILE_LINE_OF_CODE":"36"}}
{"ts":1709622745706,"action":"PROJECT_OPENED","tags":{"PROJECT_NAME":"generator2"}}
{"ts":1709622985159,"action":"IDE_DEACTIVATED"}
{"ts":1709622989636,"action":"IDE_ACTIVATED"}
{"ts":1709622991525,"action":"IDE_DEACTIVATED"}
{"ts":1709622995613,"action":"IDE_ACTIVATED"}
{"ts":1709622996362,"action":"IDE_DEACTIVATED"}
{"ts":1709623001169,"action":"IDE_ACTIVATED"}
{"ts":1709623005464,"action":"IDE_DEACTIVATED"}
{"ts":1709623009950,"action":"IDE_ACTIVATED"}
{"ts":1709623011113,"action":"IDE_DEACTIVATED"}
{"ts":1709623036477,"action":"IDE_ACTIVATED"}
{"ts":1709623091938,"action":"IDE_DEACTIVATED"}
{"ts":1709623315602,"action":"IDE_ACTIVATED"}
{"ts":1709623332334,"action":"IDE_DEACTIVATED"}
{"ts":1709623334631,"action":"IDE_ACTIVATED"}
{"ts":1709623335484,"action":"IDE_DEACTIVATED"}
{"ts":1709624484715,"action":"IDE_ACTIVATED"}
{"ts":1709624486158,"action":"IDE_DEACTIVATED"}
{"ts":1709624688292,"action":"IDE_ACTIVATED"}
{"ts":1709624693996,"action":"IDE_DEACTIVATED"}
{"ts":1709624705234,"action":"IDE_ACTIVATED"}
{"ts":1709624773743,"action":"IDE_DEACTIVATED"}
{"ts":1709624777184,"action":"IDE_ACTIVATED"}
{"ts":1709624777998,"action":"IDE_DEACTIVATED"}
{"ts":1709624939606,"action":"IDE_ACTIVATED"}
{"ts":1709624945373,"action":"IDE_DEACTIVATED"}
{"ts":1709624997358,"action":"IDE_ACTIVATED"}
{"ts":1709625098447,"action":"IDE_DEACTIVATED"}
{"ts":1709625106089,"action":"IDE_ACTIVATED"}
{"ts":1709625107932,"action":"IDE_DEACTIVATED"}
{"ts":1709625356784,"action":"IDE_ACTIVATED"}
{"ts":1709625360290,"action":"FILE_CLOSED","file":"/app/src/main/java/com/example/generator2/update/GitHubReleaseTags.kt","tags":{"FILE_LINE_OF_CODE":"36"}}
{"ts":1709625360290,"action":"FILE_OPENED","file":"/app/src/main/java/com/example/generator2/update/ui/DialogNewVersion.kt","tags":{"FILE_LINE_OF_CODE":"119"}}
{"ts":1709625363039,"action":"FILE_CLOSED","file":"/app/src/main/java/com/example/generator2/update/ui/DialogNewVersion.kt","tags":{"FILE_LINE_OF_CODE":"119"}}
{"ts":1709625363039,"action":"FILE_OPENED","file":"/app/src/main/java/com/example/generator2/App.kt","tags":{"FILE_LINE_OF_CODE":"24"}}
{"ts":1709625363561,"action":"FILE_CLOSED","file":"/app/src/main/java/com/example/generator2/App.kt","tags":{"FILE_LINE_OF_CODE":"24"}}
{"ts":1709625363561,"action":"FILE_OPENED","file":"/app/src/main/java/com/example/generator2/AppPath.kt","tags":{"FILE_LINE_OF_CODE":"53"}}
{"ts":1709625367114,"action":"FILE_CLOSED","file":"/app/src/main/java/com/example/generator2/AppPath.kt","tags":{"FILE_LINE_OF_CODE":"53"}}
{"ts":1709625367114,"action":"FILE_OPENED","file":"/app/src/main/java/com/example/generator2/MainActivity.kt","tags":{"FILE_LINE_OF_CODE":"113"}}
{"ts":1709625371317,"action":"IDE_DEACTIVATED"}
{"ts":1709625374839,"action":"IDE_ACTIVATED"}
{"ts":1709625375771,"action":"IDE_DEACTIVATED"}
{"ts":1709625450732,"action":"IDE_ACTIVATED"}
{"ts":1709625544564,"action":"IDE_DEACTIVATED"}
{"ts":1709625636970,"action":"IDE_ACTIVATED"}
{"ts":1709625652971,"action":"IDE_DEACTIVATED"}
{"ts":1709625940050,"action":"IDE_ACTIVATED"}
{"ts":1709625942578,"action":"PROJECT_CLOSED","tags":{"PROJECT_NAME":"generator2"}}
{"ts":1709710245260,"action":"FILE_OPENED","file":"/app/src/main/java/com/example/generator2/update/GitHubReleaseTags.kt","tags":{"FILE_LINE_OF_CODE":"36"}}
{"ts":1709710246335,"action":"FILE_CLOSED","file":"/app/src/main/java/com/example/generator2/update/GitHubReleaseTags.kt","tags":{"FILE_LINE_OF_CODE":"36"}}
{"ts":1709710246335,"action":"FILE_OPENED","file":"/app/src/main/java/com/example/generator2/MainActivity.kt","tags":{"FILE_LINE_OF_CODE":"113"}}
{"ts":1709710246234,"action":"PROJECT_OPENED","tags":{"PROJECT_NAME":"generator2"}}
{"ts":1709710362331,"action":"IDE_DEACTIVATED"}
{"ts":1709710364128,"action":"IDE_ACTIVATED"}
{"ts":1709710370076,"action":"IDE_DEACTIVATED"}
{"ts":1709710372473,"action":"IDE_ACTIVATED"}
{"ts":1709710424253,"action":"PROJECT_CLOSED","tags":{"PROJECT_NAME":"generator2"}}
{"ts":1710439141606,"action":"FILE_OPENED","file":"/app/src/main/java/com/example/generator2/update/GitHubReleaseTags.kt","tags":{"FILE_LINE_OF_CODE":"36"}}
{"ts":1710439141270,"action":"PROJECT_OPENED","tags":{"PROJECT_NAME":"generator2"}}
{"ts":1710439142366,"action":"FILE_CLOSED","file":"/app/src/main/java/com/example/generator2/update/GitHubReleaseTags.kt","tags":{"FILE_LINE_OF_CODE":"36"}}
{"ts":1710439142366,"action":"FILE_OPENED","file":"/app/src/main/java/com/example/generator2/MainActivity.kt","tags":{"FILE_LINE_OF_CODE":"113"}}
{"ts":1710439176234,"action":"IDE_DEACTIVATED"}
{"ts":1710439178033,"action":"IDE_ACTIVATED"}
{"ts":1710439178681,"action":"IDE_DEACTIVATED"}
{"ts":1710439180028,"action":"IDE_ACTIVATED"}
{"ts":1710439194067,"action":"FILE_CLOSED","file":"/app/src/main/java/com/example/generator2/MainActivity.kt","tags":{"FILE_LINE_OF_CODE":"113"}}
{"ts":1710439194067,"action":"FILE_OPENED","file":"/app/src/main/res/values/styles.xml","tags":{"FILE_LINE_OF_CODE":"28"}}
{"ts":1710439200794,"action":"IDE_DEACTIVATED"}
{"ts":1710439202289,"action":"IDE_ACTIVATED"}
{"ts":1710439302063,"action":"IDE_DEACTIVATED"}
{"ts":1710439312947,"action":"IDE_ACTIVATED"}
{"ts":1710439336462,"action":"IDE_DEACTIVATED"}
{"ts":1710439360099,"action":"PROJECT_CLOSED","tags":{"PROJECT_NAME":"generator2"}}
{"ts":1713033057115,"action":"PROJECT_OPENED","tags":{"PROJECT_NAME":"generator2"}}
{"ts":1713033163150,"action":"FILE_OPENED","file":"/app/build.gradle","tags":{"FILE_LINE_OF_CODE":"408"}}
{"ts":1713033172239,"action":"IDE_DEACTIVATED"}
{"ts":1713033172322,"action":"IDE_ACTIVATED"}
{"ts":1713033203723,"action":"IDE_DEACTIVATED"}
{"ts":1713033208237,"action":"IDE_ACTIVATED"}
{"ts":1713033212004,"action":"IDE_DEACTIVATED"}
{"ts":1713033212083,"action":"IDE_ACTIVATED"}
{"ts":1713033220972,"action":"IDE_DEACTIVATED"}
{"ts":1713033230825,"action":"IDE_ACTIVATED"}
{"ts":1713033233441,"action":"IDE_DEACTIVATED"}
{"ts":1713033233519,"action":"IDE_ACTIVATED"}
{"ts":1713033240412,"action":"IDE_DEACTIVATED"}
{"ts":1713033240445,"action":"IDE_ACTIVATED"}
{"ts":1713033244938,"action":"FILE_CLOSED","file":"/app/build.gradle","tags":{"FILE_LINE_OF_CODE":"408"}}
{"ts":1713033244938,"action":"FILE_OPENED","file":"/settings.gradle","tags":{"FILE_LINE_OF_CODE":"34"}}
{"ts":1713033247776,"action":"IDE_DEACTIVATED"}
{"ts":1713033247858,"action":"IDE_ACTIVATED"}
{"ts":1713033301094,"action":"IDE_DEACTIVATED"}
{"ts":1713033301168,"action":"IDE_ACTIVATED"}
{"ts":1713033322601,"action":"FILE_CLOSED","file":"/settings.gradle","tags":{"FILE_LINE_OF_CODE":"34"}}
{"ts":1713033322601,"action":"FILE_OPENED","file":"/app/src/main/java/com/example/generator2/screens/editor/editor.kt","tags":{"FILE_LINE_OF_CODE":"379"}}
{"ts":1713033332583,"action":"FILE_CLOSED","file":"/app/src/main/java/com/example/generator2/screens/editor/editor.kt","tags":{"FILE_LINE_OF_CODE":"379"}}
{"ts":1713033332583,"action":"FILE_OPENED","file":"/app/src/main/java/com/example/generator2/screens/editor/ui/editorPreviewCarrier.kt","tags":{"FILE_LINE_OF_CODE":"265"}}
{"ts":1713033342081,"action":"FILE_CLOSED","file":"/app/src/main/java/com/example/generator2/screens/editor/ui/editorPreviewCarrier.kt","tags":{"FILE_LINE_OF_CODE":"265"}}
{"ts":1713033342081,"action":"FILE_OPENED","file":"/app/src/main/java/com/example/generator2/screens/editor/atom/ComboBox.kt","tags":{"FILE_LINE_OF_CODE":"66"}}
{"ts":1713033346209,"action":"FILE_CLOSED","file":"/app/src/main/java/com/example/generator2/screens/editor/atom/ComboBox.kt","tags":{"FILE_LINE_OF_CODE":"66"}}
{"ts":1713033346209,"action":"FILE_OPENED","file":"/app/src/main/java/com/example/generator2/screens/editor/ui/editorMatModel.kt","tags":{"FILE_LINE_OF_CODE":"356"}}
{"ts":1713033354118,"action":"FILE_CLOSED","file":"/app/src/main/java/com/example/generator2/screens/editor/ui/editorMatModel.kt","tags":{"FILE_LINE_OF_CODE":"356"}}
{"ts":1713033354118,"action":"FILE_OPENED","file":"/app/src/main/java/com/example/generator2/screens/editor/ui/editorPreviewCarrier.kt","tags":{"FILE_LINE_OF_CODE":"265"}}
{"ts":1713033360762,"action":"FILE_CLOSED","file":"/app/src/main/java/com/example/generator2/screens/editor/ui/editorPreviewCarrier.kt","tags":{"FILE_LINE_OF_CODE":"265"}}
{"ts":1713033360762,"action":"FILE_OPENED","file":"/app/src/main/java/com/example/generator2/screens/editor/ui/editorCanvasLoop.kt","tags":{"FILE_LINE_OF_CODE":"101"}}
{"ts":1713033370414,"action":"IDE_DEACTIVATED"}
{"ts":1713033370487,"action":"IDE_ACTIVATED"}
{"ts":1713033372150,"action":"IDE_DEACTIVATED"}
{"ts":1713033372220,"action":"IDE_ACTIVATED"}
{"ts":1713033373580,"action":"IDE_DEACTIVATED"}
{"ts":1713033373655,"action":"IDE_ACTIVATED"}
{"ts":1713033376209,"action":"IDE_DEACTIVATED"}
{"ts":1713033376306,"action":"IDE_ACTIVATED"}
{"ts":1713033390805,"action":"IDE_DEACTIVATED"}
{"ts":1713033390878,"action":"IDE_ACTIVATED"}
{"ts":1713033391758,"action":"IDE_DEACTIVATED"}
{"ts":1713033391835,"action":"IDE_ACTIVATED"}
{"ts":1713033395310,"action":"IDE_DEACTIVATED"}
{"ts":1713033395383,"action":"IDE_ACTIVATED"}
{"ts":1713033400265,"action":"IDE_DEACTIVATED"}
{"ts":1713033400340,"action":"IDE_ACTIVATED"}
{"ts":1713033417765,"action":"IDE_DEACTIVATED"}
{"ts":1713033417847,"action":"IDE_ACTIVATED"}
{"ts":1713033495552,"action":"IDE_DEACTIVATED"}
{"ts":1713033505937,"action":"IDE_ACTIVATED"}
{"ts":1713033507568,"action":"IDE_DEACTIVATED"}
{"ts":1713033508244,"action":"IDE_ACTIVATED"}
{"ts":1713033510562,"action":"PROJECT_CLOSED","tags":{"PROJECT_NAME":"generator2"}}
